#
# A fatal error has been detected by the Java Runtime Environment:
#
#  EXCEPTION_ACCESS_VIOLATION (0xc0000005) at pc=0x00007ffa48cb81a2, pid=9136, tid=0x00000000000014a8
#
# JRE version: Java(TM) SE Runtime Environment (8.0_131-b11) (build 1.8.0_131-b11)
# Java VM: Java HotSpot(TM) 64-Bit Server VM (25.131-b11 mixed mode windows-amd64 compressed oops)
# Problematic frame:
# C  [MSVCP120.dll+0x281a2]
#
# Failed to write core dump. Minidumps are not enabled by default on client versions of Windows
#
# If you would like to submit a bug report, please visit:
#   http://bugreport.java.com/bugreport/crash.jsp
# The crash happened outside the Java Virtual Machine in native code.
# See problematic frame for where to report the bug.
#

---------------  T H R E A D  ---------------

Current thread (0x000000001ea65000):  JavaThread "AWT-EventQueue-0" [_thread_in_native, id=5288, stack(0x000000001f570000,0x000000001f670000)]

siginfo: ExceptionCode=0xc0000005, reading address 0x000000000000003a

Registers:
RAX=0x0000000000000002, RBX=0x0000000000000000, RCX=0x0000000026a2b830, RDX=0x000000001f668ec0
RSP=0x000000001f668d60, RBP=0x000000001f668e11, RSI=0x0000000000000001, RDI=0x000000001f668ec0
R8 =0x000000001f668ec1, R9 =0x000000001f668dd0, R10=0x0000000000000000, R11=0x000000001f668dc0
R12=0x0000000026a2b830, R13=0x00000000269e0510, R14=0x00007ffa48d28b20, R15=0x000000001f668ea0
RIP=0x00007ffa48cb81a2, EFLAGS=0x0000000000010287

Top of Stack: (sp=0x000000001f668d60)
0x000000001f668d60:   0000000000000000 0000000000000001
0x000000001f668d70:   0000000026a2b830 0000000000000000
0x000000001f668d80:   0000000000000000 00007ffa4e3fd32c
0x000000001f668d90:   000000001f668e20 000000000000003e
0x000000001f668da0:   0000000026a2c570 0000000000000042
0x000000001f668db0:   0000000000000000 0000000000000000
0x000000001f668dc0:   000000001f668f90 fffffffffffffffe
0x000000001f668dd0:   0000000000000000 00007ffa4e353b84
0x000000001f668de0:   0000000000000001 000000000000000f
0x000000001f668df0:   00007ffa48d28b20 000000001f668fd8
0x000000001f668e00:   0000000000000000 000000001f668e78
0x000000001f668e10:   0000eeba6f094e15 00007ffa4e351bcb
0x000000001f668e20:   00000000269afc90 00000000269e0510
0x000000001f668e30:   ffffffffffffffff 0000000000000038
0x000000001f668e40:   00007ffa48d28b20 000000001f668f90
0x000000001f668e50:   000000000000001a 00007ffa48cbf1bc 

Instructions: (pc=0x00007ffa48cb81a2)
0x00007ffa48cb8182:   91 fe ff 90 4c 8d 4d bf 48 83 7d d7 10 4c 0f 43
0x00007ffa48cb8192:   4d bf 49 8b 04 24 4c 8d 04 3e 48 8b d7 49 8b cc
0x00007ffa48cb81a2:   ff 50 38 48 8d 55 8f 49 8b ce e8 27 34 fe ff 90
0x00007ffa48cb81b2:   48 8b c8 e8 ba bb fe ff 4c 8b e0 48 8b 4d 8f 48 


Register to memory mapping:

RAX=0x0000000000000002 is an unknown value
RBX=0x0000000000000000 is an unknown value
RCX=0x0000000026a2b830 is an unknown value
RDX=0x000000001f668ec0 is pointing into the stack for thread: 0x000000001ea65000
RSP=0x000000001f668d60 is pointing into the stack for thread: 0x000000001ea65000
RBP=0x000000001f668e11 is pointing into the stack for thread: 0x000000001ea65000
RSI=0x0000000000000001 is an unknown value
RDI=0x000000001f668ec0 is pointing into the stack for thread: 0x000000001ea65000
R8 =0x000000001f668ec1 is pointing into the stack for thread: 0x000000001ea65000
R9 =0x000000001f668dd0 is pointing into the stack for thread: 0x000000001ea65000
R10=0x0000000000000000 is an unknown value
R11=0x000000001f668dc0 is pointing into the stack for thread: 0x000000001ea65000
R12=0x0000000026a2b830 is an unknown value
R13=0x00000000269e0510 is an unknown value
R14=0x00007ffa48d28b20 is an unknown value
R15=0x000000001f668ea0 is pointing into the stack for thread: 0x000000001ea65000


Stack: [0x000000001f570000,0x000000001f670000],  sp=0x000000001f668d60,  free space=995k
Native frames: (J=compiled Java code, j=interpreted, Vv=VM code, C=native code)
C  [MSVCP120.dll+0x281a2]
C  [MSVCP120.dll+0x2f1bc]
