#
# A fatal error has been detected by the Java Runtime Environment:
#
#  EXCEPTION_ACCESS_VIOLATION (0xc0000005) at pc=0x00007ffb33d3b5ee, pid=12676, tid=0x0000000000002698
#
# JRE version: Java(TM) SE Runtime Environment (8.0_131-b11) (build 1.8.0_131-b11)
# Java VM: Java HotSpot(TM) 64-Bit Server VM (25.131-b11 mixed mode windows-amd64 compressed oops)
# Problematic frame:
# C  0x00007ffb33d3b5ee
#
# Failed to write core dump. Minidumps are not enabled by default on client versions of Windows
#
# If you would like to submit a bug report, please visit:
#   http://bugreport.java.com/bugreport/crash.jsp
# The crash happened outside the Java Virtual Machine in native code.
# See problematic frame for where to report the bug.
#

---------------  T H R E A D  ---------------

Current thread (0x000000001e8a2000):  JavaThread "AWT-EventQueue-0" [_thread_in_native, id=9880, stack(0x000000001f2c0000,0x000000001f3c0000)]

siginfo: ExceptionCode=0xc0000005, reading address 0x000000000000000a

Registers:
RAX=0x0000000000000002, RBX=0x000000001f3b8ac8, RCX=0x0000000022a62730, RDX=0x000000001f3b8ac8
RSP=0x000000001f3b89f0, RBP=0x000000000000001e, RSI=0x0000000000000001, RDI=0x0000000000000000
R8 =0x0000000000000010, R9 =0x0000000000008000, R10=0x0000000022ae2dc0, R11=0x000000001f3b8860
R12=0x000000000000003e, R13=0xffffffffffffffff, R14=0x0000000022ae3010, R15=0x0000000022a2ad40
RIP=0x00007ffb33d3b5ee, EFLAGS=0x0000000000010206

Top of Stack: (sp=0x000000001f3b89f0)
0x000000001f3b89f0:   0000000000000001 00007ffb2e341f12
0x000000001f3b8a00:   fffffffffffffffe 000000000000001e
0x000000001f3b8a10:   00007ffb33dc8b10 00007ffb33d4ac34
0x000000001f3b8a20:   000000001f3b8a58 00007ffb33dc8b10
0x000000001f3b8a30:   0000000000000000 0000000022a23210
0x000000001f3b8a40:   0000000000000000 000000002260fb20
0x000000001f3b8a50:   fffffffffffffffe 00007ffb33dc8b10
0x000000001f3b8a60:   cccccccccccccc01 0000000000000014
0x000000001f3b8a70:   cccccccccccccccc 000000000000005a
0x000000001f3b8a80:   cccccccc00000004 cccccccccccccccc
0x000000001f3b8a90:   0000000022ae3010 0000000022a626b0
0x000000001f3b8aa0:   0000000022a22610 00007ffb2e3413c1
0x000000001f3b8ab0:   00007ffb33dc8b10 0000000000000000
0x000000001f3b8ac0:   0000000000000000 0000000022a62730
0x000000001f3b8ad0:   0000000000000000 0000000000000000
0x000000001f3b8ae0:   0000000000000000 000000001f3b8b28 

Instructions: (pc=0x00007ffb33d3b5ee)
0x00007ffb33d3b5ce:   41 28 48 89 51 28 c3 cc cc cc 40 53 48 83 ec 20
0x00007ffb33d3b5de:   48 8b 41 40 48 8b da 48 8b 08 48 89 0a 48 8b 01
0x00007ffb33d3b5ee:   ff 50 08 48 8b c3 48 83 c4 20 5b c3 cc cc 48 8b
0x00007ffb33d3b5fe:   c4 48 89 50 10 41 56 48 83 ec 30 48 c7 40 f0 fe 


Register to memory mapping:

RAX=0x0000000000000002 is an unknown value
RBX=0x000000001f3b8ac8 is pointing into the stack for thread: 0x000000001e8a2000
RCX=0x0000000022a62730 is an unknown value
RDX=0x000000001f3b8ac8 is pointing into the stack for thread: 0x000000001e8a2000
RSP=0x000000001f3b89f0 is pointing into the stack for thread: 0x000000001e8a2000
RBP=0x000000000000001e is an unknown value
RSI=0x0000000000000001 is an unknown value
RDI=0x0000000000000000 is an unknown value
R8 =0x0000000000000010 is an unknown value
R9 =0x0000000000008000 is an unknown value
R10=0x0000000022ae2dc0 is an unknown value
R11=0x000000001f3b8860 is pointing into the stack for thread: 0x000000001e8a2000
R12=0x000000000000003e is an unknown value
R13=0xffffffffffffffff is an unknown value
R14=0x0000000022ae3010 is an unknown value
R15=0x0000000022a2ad40 is an unknown value


Stack: [0x000000001f2c0000,0x000000001f3c0000],  sp=0x000000001f3b89f0,  free space=994k
Native frames: (J=compiled Java code, j=interpreted, Vv=VM code, C=native code)
C  0x00007ffb33d3b5ee
C  0x00007ffb33d4ac34
C  0x00007ffb2e3413c1  DLL_API_METIS_PartGraphKway+0x151
C  0x00007ffb2e341a52  Java_pipe_hla_SimDSPNModule_util_JNICJAVA_METIS_1PartGraphKway+0x172
C  0x0000000005567f74

Java frames: (J=compiled Java code, j=interpreted, Vv=VM code)
j  pipe.hla.SimDSPNModule.util.JNICJAVA.METIS_PartGraphKway(II[I[II[I)I+0
j  pipe.hla.SimDSPNModule.util.SubGraphByPlaceAndTransitionUtils.MainProcessOfPartition(Lpipe/hla/SimDSPNModule/basemodel/OLGraph;I)[Lpipe/hla/SimDSPNModule/basemodel/OLGraph;+48
j  pipe.hla.SimDSPNModule.hlasimulation.ParallelSimulation.partitionProcess()V+15
j  pipe.hla.SimDSPNModule.hlasimulation.ParallelSimulation$1.actionPerformed(Ljava/awt/event/ActionEvent;)V+62
j  javax.swing.AbstractButton.fireActionPerformed(Ljava/awt/event/ActionEvent;)V+83
j  javax.swing.AbstractButton$Handler.actionPerformed(Ljava/awt/event/ActionEvent;)V+5
j  javax.swing.DefaultButtonModel.fireActionPerformed(Ljava/awt/event/ActionEvent;)V+34
j  javax.swing.DefaultButtonModel.setPressed(Z)V+117
j  javax.swing.plaf.basic.BasicButtonListener.mouseReleased(Ljava/awt/event/MouseEvent;)V+35
j  java.awt.Component.processMouseEvent(Ljava/awt/event/MouseEvent;)V+64
j  javax.swing.JComponent.processMouseEvent(Ljava/awt/event/MouseEvent;)V+23
J 1739 C1 java.awt.Component.processEvent(Ljava/awt/AWTEvent;)V (220 bytes) @ 0x0000000005b1b484 [0x0000000005b1af60+0x524]
J 1414 C1 java.awt.Container.processEvent(Ljava/awt/AWTEvent;)V (22 bytes) @ 0x0000000005a268cc [0x0000000005a265a0+0x32c]
J 1433 C1 java.awt.Component.dispatchEventImpl(Ljava/awt/AWTEvent;)V (883 bytes) @ 0x0000000005a3793c [0x0000000005a32400+0x553c]
J 1330 C1 java.awt.Container.dispatchEventImpl(Ljava/awt/AWTEvent;)V (129 bytes) @ 0x00000000059d1d4c [0x00000000059d1c00+0x14c]
J 1504 C1 java.awt.LightweightDispatcher.retargetMouseEvent(Ljava/awt/Component;ILjava/awt/event/MouseEvent;)V (350 bytes) @ 0x0000000005a692ac [0x0000000005a66d40+0x256c]
J 1864 C1 java.awt.LightweightDispatcher.processMouseEvent(Ljava/awt/event/MouseEvent;)Z (286 bytes) @ 0x0000000005b78784 [0x0000000005b77040+0x1744]
J 1485 C1 java.awt.LightweightDispatcher.dispatchEvent(Ljava/awt/AWTEvent;)Z (73 bytes) @ 0x0000000005a5887c [0x0000000005a58440+0x43c]
J 1330 C1 java.awt.Container.dispatchEventImpl(Ljava/awt/AWTEvent;)V (129 bytes) @ 0x00000000059d1cec [0x00000000059d1c00+0xec]
J 1511 C1 java.awt.Window.dispatchEventImpl(Ljava/awt/AWTEvent;)V (23 bytes) @ 0x0000000005a70b24 [0x0000000005a70540+0x5e4]
J 3962 C1 java.awt.EventQueue.dispatchEventImpl(Ljava/awt/AWTEvent;Ljava/lang/Object;)V (149 bytes) @ 0x00000000057aa0bc [0x00000000057a8840+0x187c]
J 1413 C1 java.awt.EventQueue$3.run()Ljava/lang/Void; (60 bytes) @ 0x0000000005a25f1c [0x0000000005a25d00+0x21c]
J 1341 C1 java.awt.EventQueue$3.run()Ljava/lang/Object; (5 bytes) @ 0x00000000059d858c [0x00000000059d8500+0x8c]
v  ~StubRoutines::call_stub
J 902  java.security.AccessController.doPrivileged(Ljava/security/PrivilegedAction;Ljava/security/AccessControlContext;)Ljava/lang/Object; (0 bytes) @ 0x00000000058c77a6 [0x00000000058c7740+0x66]
J 1502 C1 java.awt.EventQueue$4.run()Ljava/lang/Object; (5 bytes) @ 0x0000000005a662b4 [0x0000000005a65e80+0x434]
v  ~StubRoutines::call_stub
J 902  java.security.AccessController.doPrivileged(Ljava/security/PrivilegedAction;Ljava/security/AccessControlContext;)Ljava/lang/Object; (0 bytes) @ 0x00000000058c77a6 [0x00000000058c7740+0x66]
J 1339 C1 java.awt.EventQueue.dispatchEvent(Ljava/awt/AWTEvent;)V (80 bytes) @ 0x00000000059d70bc [0x00000000059d6200+0xebc]
J 1409 C1 java.awt.EventDispatchThread.pumpOneEventForFilters(I)V (295 bytes) @ 0x0000000005a2098c [0x0000000005a1ee00+0x1b8c]
j  java.awt.EventDispatchThread.pumpEventsForFilter(ILjava/awt/Conditional;Ljava/awt/EventFilter;)V+35
j  java.awt.EventDispatchThread.pumpEventsForFilter(Ljava/awt/Conditional;Ljava/awt/EventFilter;)V+4
j  java.awt.WaitDispatchSupport$2.run()V+59
j  java.awt.WaitDispatchSupport$4.run()Ljava/lang/Void;+4
j  java.awt.WaitDispatchSupport$4.run()Ljava/lang/Object;+1
v  ~StubRoutines::call_stub
J 415  java.security.AccessController.doPrivileged(Ljava/security/PrivilegedAction;)Ljava/lang/Object; (0 bytes) @ 0x00000000057524d2 [0x0000000005752480+0x52]
j  java.awt.WaitDispatchSupport.enter()Z+279
j  java.awt.Dialog.show()V+233
j  java.awt.Component.show(Z)V+5
j  java.awt.Component.setVisible(Z)V+2
j  java.awt.Window.setVisible(Z)V+2
j  java.awt.Dialog.setVisible(Z)V+2
j  pipe.hla.SimDSPNModule.hlasimulation.ParallelSimulation.start()V+322
v  ~StubRoutines::call_stub
j  sun.reflect.NativeMethodAccessorImpl.invoke0(Ljava/lang/reflect/Method;Ljava/lang/Object;[Ljava/lang/Object;)Ljava/lang/Object;+0
j  sun.reflect.NativeMethodAccessorImpl.invoke(Ljava/lang/Object;[Ljava/lang/Object;)Ljava/lang/Object;+100
J 885 C1 sun.reflect.DelegatingMethodAccessorImpl.invoke(Ljava/lang/Object;[Ljava/lang/Object;)Ljava/lang/Object; (10 bytes) @ 0x00000000058bf20c [0x00000000058bf100+0x10c]
J 884 C1 java.lang.reflect.Method.invoke(Ljava/lang/Object;[Ljava/lang/Object;)Ljava/lang/Object; (62 bytes) @ 0x00000000058c3834 [0x00000000058c3440+0x3f4]
j  pipe.gui.ModuleMethod.execute()V+30
j  pipe.gui.ModuleManager$TreeHandler.mouseClicked(Ljava/awt/event/MouseEvent;)V+89
j  java.awt.AWTEventMulticaster.mouseClicked(Ljava/awt/event/MouseEvent;)V+21
j  java.awt.Component.processMouseEvent(Ljava/awt/event/MouseEvent;)V+74
j  javax.swing.JComponent.processMouseEvent(Ljava/awt/event/MouseEvent;)V+23
J 1739 C1 java.awt.Component.processEvent(Ljava/awt/AWTEvent;)V (220 bytes) @ 0x0000000005b1b484 [0x0000000005b1af60+0x524]
J 1414 C1 java.awt.Container.processEvent(Ljava/awt/AWTEvent;)V (22 bytes) @ 0x0000000005a268cc [0x0000000005a265a0+0x32c]
J 1433 C1 java.awt.Component.dispatchEventImpl(Ljava/awt/AWTEvent;)V (883 bytes) @ 0x0000000005a3793c [0x0000000005a32400+0x553c]
J 1330 C1 java.awt.Container.dispatchEventImpl(Ljava/awt/AWTEvent;)V (129 bytes) @ 0x00000000059d1d4c [0x00000000059d1c00+0x14c]
J 1504 C1 java.awt.LightweightDispatcher.retargetMouseEvent(Ljava/awt/Component;ILjava/awt/event/MouseEvent;)V (350 bytes) @ 0x0000000005a692ac [0x0000000005a66d40+0x256c]
J 1864 C1 java.awt.LightweightDispatcher.processMouseEvent(Ljava/awt/event/MouseEvent;)Z (286 bytes) @ 0x0000000005b7889c [0x0000000005b77040+0x185c]
J 1485 C1 java.awt.LightweightDispatcher.dispatchEvent(Ljava/awt/AWTEvent;)Z (73 bytes) @ 0x0000000005a5887c [0x0000000005a58440+0x43c]
J 1330 C1 java.awt.Container.dispatchEventImpl(Ljava/awt/AWTEvent;)V (129 bytes) @ 0x00000000059d1cec [0x00000000059d1c00+0xec]
J 1511 C1 java.awt.Window.dispatchEventImpl(Ljava/awt/AWTEvent;)V (23 bytes) @ 0x0000000005a70b24 [0x0000000005a70540+0x5e4]
J 3554 C1 java.awt.EventQueue.dispatchEventImpl(Ljava/awt/AWTEvent;Ljava/lang/Object;)V (149 bytes) @ 0x00000000060a7e94 [0x00000000060a7840+0x654]
J 1413 C1 java.awt.EventQueue$3.run()Ljava/lang/Void; (60 bytes) @ 0x0000000005a25f1c [0x0000000005a25d00+0x21c]
J 1341 C1 java.awt.EventQueue$3.run()Ljava/lang/Object; (5 bytes) @ 0x00000000059d858c [0x00000000059d8500+0x8c]
v  ~StubRoutines::call_stub
J 902  java.security.AccessController.doPrivileged(Ljava/security/PrivilegedAction;Ljava/security/AccessControlContext;)Ljava/lang/Object; (0 bytes) @ 0x00000000058c77a6 [0x00000000058c7740+0x66]
J 1502 C1 java.awt.EventQueue$4.run()Ljava/lang/Object; (5 bytes) @ 0x0000000005a662b4 [0x0000000005a65e80+0x434]
v  ~StubRoutines::call_stub
J 902  java.security.AccessController.doPrivileged(Ljava/security/PrivilegedAction;Ljava/security/AccessControlContext;)Ljava/lang/Object; (0 bytes) @ 0x00000000058c77a6 [0x00000000058c7740+0x66]
J 1339 C1 java.awt.EventQueue.dispatchEvent(Ljava/awt/AWTEvent;)V (80 bytes) @ 0x00000000059d70bc [0x00000000059d6200+0xebc]
J 1409 C1 java.awt.EventDispatchThread.pumpOneEventForFilters(I)V (295 bytes) @ 0x0000000005a2098c [0x0000000005a1ee00+0x1b8c]
j  java.awt.EventDispatchThread.pumpEventsForFilter(ILjava/awt/Conditional;Ljava/awt/EventFilter;)V+35
j  java.awt.EventDispatchThread.pumpEventsForHierarchy(ILjava/awt/Conditional;Ljava/awt/Component;)V+11
j  java.awt.EventDispatchThread.pumpEvents(ILjava/awt/Conditional;)V+4
j  java.awt.EventDispatchThread.pumpEvents(Ljava/awt/Conditional;)V+3
j  java.awt.EventDispatchThread.run()V+9
v  ~StubRoutines::call_stub

---------------  P R O C E S S  ---------------

Java Threads: ( => current thread )
  0x000000001edbf000 JavaThread "Swing-Shell" daemon [_thread_blocked, id=16996, stack(0x0000000026370000,0x0000000026470000)]
  0x000000001ea7b000 JavaThread "TimerQueue" daemon [_thread_blocked, id=15352, stack(0x00000000212a0000,0x00000000213a0000)]
  0x0000000005453800 JavaThread "DestroyJavaVM" [_thread_blocked, id=15772, stack(0x00000000051a0000,0x00000000052a0000)]
=>0x000000001e8a2000 JavaThread "AWT-EventQueue-0" [_thread_in_native, id=9880, stack(0x000000001f2c0000,0x000000001f3c0000)]
  0x000000001e89e800 JavaThread "AWT-Windows" daemon [_thread_in_native, id=13716, stack(0x000000001f0c0000,0x000000001f1c0000)]
  0x000000001e856800 JavaThread "AWT-Shutdown" [_thread_blocked, id=17484, stack(0x000000001efc0000,0x000000001f0c0000)]
  0x000000001e855800 JavaThread "Java2D Disposer" daemon [_thread_blocked, id=11724, stack(0x000000001eec0000,0x000000001efc0000)]
  0x000000001dc95000 JavaThread "Service Thread" daemon [_thread_blocked, id=17100, stack(0x000000001e420000,0x000000001e520000)]
  0x000000001dc6a800 JavaThread "C1 CompilerThread2" daemon [_thread_blocked, id=10712, stack(0x000000001e320000,0x000000001e420000)]
  0x000000001dc0d800 JavaThread "C2 CompilerThread1" daemon [_thread_blocked, id=8000, stack(0x000000001e220000,0x000000001e320000)]
  0x000000001dbad000 JavaThread "C2 CompilerThread0" daemon [_thread_blocked, id=11008, stack(0x000000001e120000,0x000000001e220000)]
  0x000000001dbab800 JavaThread "Monitor Ctrl-Break" daemon [_thread_in_native, id=1840, stack(0x000000001e020000,0x000000001e120000)]
  0x000000001c62e800 JavaThread "Attach Listener" daemon [_thread_blocked, id=16220, stack(0x000000001df20000,0x000000001e020000)]
  0x000000001c5ca800 JavaThread "Signal Dispatcher" daemon [_thread_blocked, id=18208, stack(0x000000001de20000,0x000000001df20000)]
  0x000000001c5ba800 JavaThread "Finalizer" daemon [_thread_blocked, id=17728, stack(0x000000001d820000,0x000000001d920000)]
  0x0000000005541800 JavaThread "Reference Handler" daemon [_thread_blocked, id=9424, stack(0x000000001d720000,0x000000001d820000)]

Other Threads:
  0x000000001c598000 VMThread [stack: 0x000000001d620000,0x000000001d720000] [id=16664]
  0x000000001dcf6000 WatcherThread [stack: 0x000000001e520000,0x000000001e620000] [id=16128]

VM state:not at safepoint (normal execution)

VM Mutex/Monitor currently owned by a thread: None

Heap:
 PSYoungGen      total 57344K, used 48678K [0x0000000780980000, 0x0000000787980000, 0x00000007c0000000)
  eden space 49152K, 99% used [0x0000000780980000,0x0000000783909a60,0x0000000783980000)
  from space 8192K, 0% used [0x0000000783980000,0x0000000783980000,0x0000000784180000)
  to   space 8192K, 0% used [0x0000000787180000,0x0000000787180000,0x0000000787980000)
 ParOldGen       total 92672K, used 15759K [0x0000000701c00000, 0x0000000707680000, 0x0000000780980000)
  object space 92672K, 17% used [0x0000000701c00000,0x0000000702b63c58,0x0000000707680000)
 Metaspace       used 24961K, capacity 25414K, committed 25600K, reserved 1071104K
  class space    used 3144K, capacity 3270K, committed 3328K, reserved 1048576K

Card table byte_map: [0x0000000014910000,0x0000000014f10000] byte_map_base: 0x0000000011102000

Marking Bits: (ParMarkBitMap*) 0x000000005438c720
 Begin Bits: [0x0000000015710000, 0x00000000186a0000)
 End Bits:   [0x00000000186a0000, 0x000000001b630000)

Polling page: 0x0000000000df0000

CodeCache: size=245760Kb used=12475Kb max_used=12774Kb free=233284Kb
 bounds [0x0000000005550000, 0x00000000061e0000, 0x0000000014550000]
 total_blobs=4427 nmethods=3835 adapters=501
 compilation: enabled

Compilation events (10 events):
Event: 12.389 Thread 0x000000001dc6a800 nmethod 4001 0x0000000005904910 code [0x0000000005904ae0, 0x00000000059051c8]
Event: 12.389 Thread 0x000000001dc6a800 4003       3       sun.nio.cs.StreamEncoder::writeBytes (132 bytes)
Event: 12.389 Thread 0x000000001dc6a800 nmethod 4003 0x000000000583abd0 code [0x000000000583ade0, 0x000000000583ba58]
Event: 12.390 Thread 0x000000001dc6a800 4004       3       java.io.FileOutputStream::write (12 bytes)
Event: 12.390 Thread 0x000000001dc6a800 nmethod 4004 0x00000000057b8910 code [0x00000000057b8a80, 0x00000000057b8c08]
Event: 12.390 Thread 0x000000001dc6a800 4006       1       pipe.hla.SimDSPNModule.basemodel.EdgeNode::getSameSourceNext (5 bytes)
Event: 12.390 Thread 0x000000001dc6a800 nmethod 4006 0x0000000005891090 code [0x00000000058911e0, 0x00000000058912f0]
Event: 12.390 Thread 0x000000001dc6a800 4007       1       pipe.hla.SimDSPNModule.basemodel.EdgeNode::getSameTargetNext (5 bytes)
Event: 12.390 Thread 0x000000001dc6a800 nmethod 4007 0x00000000058c9a90 code [0x00000000058c9be0, 0x00000000058c9cf0]
Event: 12.397 Thread 0x000000001dbad000 nmethod 4008 0x000000000580b710 code [0x000000000580b8a0, 0x000000000580be58]

GC Heap History (8 events):
Event: 3.015 GC heap before
{Heap before GC invocations=1 (full 0):
 PSYoungGen      total 57344K, used 49152K [0x0000000780980000, 0x0000000784980000, 0x00000007c0000000)
  eden space 49152K, 100% used [0x0000000780980000,0x0000000783980000,0x0000000783980000)
  from space 8192K, 0% used [0x0000000784180000,0x0000000784180000,0x0000000784980000)
  to   space 8192K, 0% used [0x0000000783980000,0x0000000783980000,0x0000000784180000)
 ParOldGen       total 131072K, used 0K [0x0000000701c00000, 0x0000000709c00000, 0x0000000780980000)
  object space 131072K, 0% used [0x0000000701c00000,0x0000000701c00000,0x0000000709c00000)
 Metaspace       used 15847K, capacity 16126K, committed 16384K, reserved 1062912K
  class space    used 2100K, capacity 2194K, committed 2304K, reserved 1048576K
Event: 3.028 GC heap after
Heap after GC invocations=1 (full 0):
 PSYoungGen      total 57344K, used 8166K [0x0000000780980000, 0x0000000784980000, 0x00000007c0000000)
  eden space 49152K, 0% used [0x0000000780980000,0x0000000780980000,0x0000000783980000)
  from space 8192K, 99% used [0x0000000783980000,0x0000000784179ba8,0x0000000784180000)
  to   space 8192K, 0% used [0x0000000784180000,0x0000000784180000,0x0000000784980000)
 ParOldGen       total 131072K, used 13314K [0x0000000701c00000, 0x0000000709c00000, 0x0000000780980000)
  object space 131072K, 10% used [0x0000000701c00000,0x0000000702900ac8,0x0000000709c00000)
 Metaspace       used 15847K, capacity 16126K, committed 16384K, reserved 1062912K
  class space    used 2100K, capacity 2194K, committed 2304K, reserved 1048576K
}
Event: 7.237 GC heap before
{Heap before GC invocations=2 (full 0):
 PSYoungGen      total 57344K, used 57318K [0x0000000780980000, 0x0000000784980000, 0x00000007c0000000)
  eden space 49152K, 100% used [0x0000000780980000,0x0000000783980000,0x0000000783980000)
  from space 8192K, 99% used [0x0000000783980000,0x0000000784179ba8,0x0000000784180000)
  to   space 8192K, 0% used [0x0000000784180000,0x0000000784180000,0x0000000784980000)
 ParOldGen       total 131072K, used 13314K [0x0000000701c00000, 0x0000000709c00000, 0x0000000780980000)
  object space 131072K, 10% used [0x0000000701c00000,0x0000000702900ac8,0x0000000709c00000)
 Metaspace       used 19565K, capacity 19824K, committed 20096K, reserved 1067008K
  class space    used 2533K, capacity 2621K, committed 2688K, reserved 1048576K
Event: 7.245 GC heap after
Heap after GC invocations=2 (full 0):
 PSYoungGen      total 57344K, used 8174K [0x0000000780980000, 0x0000000784980000, 0x00000007c0000000)
  eden space 49152K, 0% used [0x0000000780980000,0x0000000780980000,0x0000000783980000)
  from space 8192K, 99% used [0x0000000784180000,0x000000078497bbb0,0x0000000784980000)
  to   space 8192K, 0% used [0x0000000783980000,0x0000000783980000,0x0000000784180000)
 ParOldGen       total 131072K, used 15824K [0x0000000701c00000, 0x0000000709c00000, 0x0000000780980000)
  object space 131072K, 12% used [0x0000000701c00000,0x0000000702b74300,0x0000000709c00000)
 Metaspace       used 19565K, capacity 19824K, committed 20096K, reserved 1067008K
  class space    used 2533K, capacity 2621K, committed 2688K, reserved 1048576K
}
Event: 7.347 GC heap before
{Heap before GC invocations=3 (full 0):
 PSYoungGen      total 57344K, used 14946K [0x0000000780980000, 0x0000000784980000, 0x00000007c0000000)
  eden space 49152K, 13% used [0x0000000780980000,0x000000078101ce60,0x0000000783980000)
  from space 8192K, 99% used [0x0000000784180000,0x000000078497bbb0,0x0000000784980000)
  to   space 8192K, 0% used [0x0000000783980000,0x0000000783980000,0x0000000784180000)
 ParOldGen       total 131072K, used 15824K [0x0000000701c00000, 0x0000000709c00000, 0x0000000780980000)
  object space 131072K, 12% used [0x0000000701c00000,0x0000000702b74300,0x0000000709c00000)
 Metaspace       used 20837K, capacity 21122K, committed 21248K, reserved 1067008K
  class space    used 2732K, capacity 2815K, committed 2816K, reserved 1048576K
Event: 7.352 GC heap after
Heap after GC invocations=3 (full 0):
 PSYoungGen      total 57344K, used 8190K [0x0000000780980000, 0x0000000787980000, 0x00000007c0000000)
  eden space 49152K, 0% used [0x0000000780980000,0x0000000780980000,0x0000000783980000)
  from space 8192K, 99% used [0x0000000783980000,0x000000078417fbe0,0x0000000784180000)
  to   space 8192K, 0% used [0x0000000787180000,0x0000000787180000,0x0000000787980000)
 ParOldGen       total 131072K, used 16088K [0x0000000701c00000, 0x0000000709c00000, 0x0000000780980000)
  object space 131072K, 12% used [0x0000000701c00000,0x0000000702bb62d0,0x0000000709c00000)
 Metaspace       used 20837K, capacity 21122K, committed 21248K, reserved 1067008K
  class space    used 2732K, capacity 2815K, committed 2816K, reserved 1048576K
}
Event: 7.352 GC heap before
{Heap before GC invocations=4 (full 1):
 PSYoungGen      total 57344K, used 8190K [0x0000000780980000, 0x0000000787980000, 0x00000007c0000000)
  eden space 49152K, 0% used [0x0000000780980000,0x0000000780980000,0x0000000783980000)
  from space 8192K, 99% used [0x0000000783980000,0x000000078417fbe0,0x0000000784180000)
  to   space 8192K, 0% used [0x0000000787180000,0x0000000787180000,0x0000000787980000)
 ParOldGen       total 131072K, used 16088K [0x0000000701c00000, 0x0000000709c00000, 0x0000000780980000)
  object space 131072K, 12% used [0x0000000701c00000,0x0000000702bb62d0,0x0000000709c00000)
 Metaspace       used 20837K, capacity 21122K, committed 21248K, reserved 1067008K
  class space    used 2732K, capacity 2815K, committed 2816K, reserved 1048576K
Event: 7.390 GC heap after
Heap after GC invocations=4 (full 1):
 PSYoungGen      total 57344K, used 0K [0x0000000780980000, 0x0000000787980000, 0x00000007c0000000)
  eden space 49152K, 0% used [0x0000000780980000,0x0000000780980000,0x0000000783980000)
  from space 8192K, 0% used [0x0000000783980000,0x0000000783980000,0x0000000784180000)
  to   space 8192K, 0% used [0x0000000787180000,0x0000000787180000,0x0000000787980000)
 ParOldGen       total 92672K, used 15759K [0x0000000701c00000, 0x0000000707680000, 0x0000000780980000)
  object space 92672K, 17% used [0x0000000701c00000,0x0000000702b63c58,0x0000000707680000)
 Metaspace       used 20837K, capacity 21122K, committed 21248K, reserved 1067008K
  class space    used 2732K, capacity 2815K, committed 2816K, reserved 1048576K
}

Deoptimization events (10 events):
Event: 10.995 Thread 0x000000001e8a2000 Uncommon trap: reason=class_check action=maybe_recompile pc=0x0000000005940ce0 method=java.util.HashSet.add(Ljava/lang/Object;)Z @ 8
Event: 10.995 Thread 0x000000001e8a2000 Uncommon trap: reason=class_check action=maybe_recompile pc=0x0000000005940ce0 method=java.util.HashSet.add(Ljava/lang/Object;)Z @ 8
Event: 10.996 Thread 0x000000001e8a2000 Uncommon trap: reason=class_check action=maybe_recompile pc=0x0000000005807484 method=java.util.HashMap.putVal(ILjava/lang/Object;Ljava/lang/Object;ZZ)Ljava/lang/Object; @ 253
Event: 10.996 Thread 0x000000001e8a2000 Uncommon trap: reason=class_check action=maybe_recompile pc=0x0000000005807484 method=java.util.HashMap.putVal(ILjava/lang/Object;Ljava/lang/Object;ZZ)Ljava/lang/Object; @ 253
Event: 10.996 Thread 0x000000001e8a2000 Uncommon trap: reason=class_check action=maybe_recompile pc=0x0000000005807484 method=java.util.HashMap.putVal(ILjava/lang/Object;Ljava/lang/Object;ZZ)Ljava/lang/Object; @ 253
Event: 10.996 Thread 0x000000001e8a2000 Uncommon trap: reason=class_check action=maybe_recompile pc=0x0000000005807484 method=java.util.HashMap.putVal(ILjava/lang/Object;Ljava/lang/Object;ZZ)Ljava/lang/Object; @ 253
Event: 11.186 Thread 0x000000001e8a2000 Uncommon trap: reason=unstable_if action=reinterpret pc=0x0000000006048f10 method=java.lang.String.regionMatches(ZILjava/lang/String;II)Z @ 123
Event: 11.234 Thread 0x000000001e8a2000 Uncommon trap: reason=class_check action=maybe_recompile pc=0x00000000060ac1c4 method=java.awt.Container.validateTree()V @ 21
Event: 11.242 Thread 0x000000001e8a2000 Uncommon trap: reason=unstable_if action=reinterpret pc=0x00000000060aaa24 method=java.awt.Container.validateTree()V @ 8
Event: 11.267 Thread 0x000000001e8a2000 Uncommon trap: reason=unstable_if action=reinterpret pc=0x000000000611e7f4 method=javax.swing.JComponent.rectangleIsObscured(IIII)Z @ 92

Internal exceptions (10 events):
Event: 0.413 Thread 0x0000000005453800 Exception <a 'java/lang/NoSuchFieldError': method resolution failed> (0x0000000780fe5d60) thrown at [C:\re\workspace\8-2-build-windows-amd64-cygwin\jdk8u131\8869\hotspot\src\share\vm\prims\methodHandles.cpp, line 1146]
Event: 0.415 Thread 0x0000000005453800 Exception <a 'java/lang/NoSuchFieldError': method resolution failed> (0x0000000780ff3bd8) thrown at [C:\re\workspace\8-2-build-windows-amd64-cygwin\jdk8u131\8869\hotspot\src\share\vm\prims\methodHandles.cpp, line 1146]
Event: 0.903 Thread 0x000000001e8a2000 Exception <a 'java/io/FileNotFoundException'> (0x00000007819d4f20) thrown at [C:\re\workspace\8-2-build-windows-amd64-cygwin\jdk8u131\8869\hotspot\src\share\vm\prims\jni.cpp, line 709]
Event: 1.836 Thread 0x000000001e8c5000 Implicit null exception at 0x0000000005893cfc to 0x0000000005893d89
Event: 7.619 Thread 0x000000001e8a2000 Exception <a 'java/lang/NoSuchMethodError': <clinit>> (0x0000000780f894e8) thrown at [C:\re\workspace\8-2-build-windows-amd64-cygwin\jdk8u131\8869\hotspot\src\share\vm\prims\jni.cpp, line 1613]
Event: 7.641 Thread 0x000000001e8a2000 Exception <a 'java/lang/NoSuchMethodError': <clinit>> (0x0000000781056058) thrown at [C:\re\workspace\8-2-build-windows-amd64-cygwin\jdk8u131\8869\hotspot\src\share\vm\prims\jni.cpp, line 1613]
Event: 7.645 Thread 0x000000001e8a2000 Exception <a 'java/lang/NoSuchMethodError': <clinit>> (0x00000007810734d0) thrown at [C:\re\workspace\8-2-build-windows-amd64-cygwin\jdk8u131\8869\hotspot\src\share\vm\prims\jni.cpp, line 1613]
Event: 7.645 Thread 0x000000001e8a2000 Exception <a 'java/lang/NoSuchMethodError': <clinit>> (0x0000000781075b38) thrown at [C:\re\workspace\8-2-build-windows-amd64-cygwin\jdk8u131\8869\hotspot\src\share\vm\prims\jni.cpp, line 1613]
Event: 7.650 Thread 0x000000001e8a2000 Exception <a 'java/lang/NoSuchMethodError': <clinit>> (0x00000007810a3e88) thrown at [C:\re\workspace\8-2-build-windows-amd64-cygwin\jdk8u131\8869\hotspot\src\share\vm\prims\jni.cpp, line 1613]
Event: 7.653 Thread 0x000000001e8a2000 Exception <a 'java/lang/NoSuchMethodError': <clinit>> (0x00000007810c5d60) thrown at [C:\re\workspace\8-2-build-windows-amd64-cygwin\jdk8u131\8869\hotspot\src\share\vm\prims\jni.cpp, line 1613]

Events (10 events):
Event: 12.377 loading class pipe/hla/SimDSPNModule/util/AUGraphHelper
Event: 12.377 loading class pipe/hla/SimDSPNModule/util/AUGraphHelper done
Event: 12.378 loading class pipe/hla/SimDSPNModule/util/StringNameConstants
Event: 12.378 loading class pipe/hla/SimDSPNModule/util/StringNameConstants done
Event: 12.388 loading class pipe/hla/SimDSPNModule/basemodel/MetisFormat
Event: 12.388 loading class pipe/hla/SimDSPNModule/basemodel/MetisFormat done
Event: 12.388 loading class pipe/hla/SimDSPNModule/util/JNICJAVA
Event: 12.388 loading class pipe/hla/SimDSPNModule/util/JNICJAVA done
Event: 12.389 loading class java/lang/ClassLoaderHelper
Event: 12.389 loading class java/lang/ClassLoaderHelper done


Dynamic libraries:
0x00007ff668a20000 - 0x00007ff668a57000 	C:\Program Files\Java\jdk1.8.0_131\bin\java.exe
0x00007ffb49240000 - 0x00007ffb49420000 	C:\WINDOWS\SYSTEM32\ntdll.dll
0x00007ffb47740000 - 0x00007ffb477ee000 	C:\WINDOWS\System32\KERNEL32.DLL
0x00007ffb45670000 - 0x00007ffb458d6000 	C:\WINDOWS\System32\KERNELBASE.dll
0x00007ffb47090000 - 0x00007ffb47131000 	C:\WINDOWS\System32\ADVAPI32.dll
0x00007ffb46ff0000 - 0x00007ffb4708d000 	C:\WINDOWS\System32\msvcrt.dll
0x00007ffb47160000 - 0x00007ffb471bb000 	C:\WINDOWS\System32\sechost.dll
0x00007ffb48f50000 - 0x00007ffb4906f000 	C:\WINDOWS\System32\RPCRT4.dll
0x00007ffb46a20000 - 0x00007ffb46baf000 	C:\WINDOWS\System32\USER32.dll
0x00007ffb45d40000 - 0x00007ffb45d60000 	C:\WINDOWS\System32\win32u.dll
0x00007ffb46fc0000 - 0x00007ffb46fe8000 	C:\WINDOWS\System32\GDI32.dll
0x00007ffb453a0000 - 0x00007ffb45533000 	C:\WINDOWS\System32\gdi32full.dll
0x00007ffb45570000 - 0x00007ffb4560b000 	C:\WINDOWS\System32\msvcp_win.dll
0x00007ffb45c40000 - 0x00007ffb45d35000 	C:\WINDOWS\System32\ucrtbase.dll
0x00007ffb39ff0000 - 0x00007ffb3a259000 	C:\WINDOWS\WinSxS\amd64_microsoft.windows.common-controls_6595b64144ccf1df_6.0.16299.611_none_15c7d8029365981f\COMCTL32.dll
0x00007ffb46cb0000 - 0x00007ffb46fb7000 	C:\WINDOWS\System32\combase.dll
0x00007ffb458e0000 - 0x00007ffb45952000 	C:\WINDOWS\System32\bcryptPrimitives.dll
0x00007ffb491e0000 - 0x00007ffb4920d000 	C:\WINDOWS\System32\IMM32.DLL
0x0000000055e80000 - 0x0000000055f52000 	C:\Program Files\Java\jdk1.8.0_131\jre\bin\msvcr100.dll
0x0000000053b70000 - 0x000000005440c000 	C:\Program Files\Java\jdk1.8.0_131\jre\bin\server\jvm.dll
0x00007ffb45540000 - 0x00007ffb45563000 	C:\WINDOWS\System32\WINMM.dll
0x00007ffb45320000 - 0x00007ffb4534a000 	C:\WINDOWS\System32\WINMMBASE.dll
0x00007ffb45350000 - 0x00007ffb4539a000 	C:\WINDOWS\System32\cfgmgr32.dll
0x00007ffb46ca0000 - 0x00007ffb46ca8000 	C:\WINDOWS\System32\PSAPI.DLL
0x00007ffb35ae0000 - 0x00007ffb35ae9000 	C:\WINDOWS\SYSTEM32\WSOCK32.dll
0x00007ffb48ee0000 - 0x00007ffb48f4c000 	C:\WINDOWS\System32\WS2_32.dll
0x00007ffb3ef10000 - 0x00007ffb3ef1a000 	C:\WINDOWS\SYSTEM32\VERSION.dll
0x0000000055e70000 - 0x0000000055e7f000 	C:\Program Files\Java\jdk1.8.0_131\jre\bin\verify.dll
0x0000000055e40000 - 0x0000000055e69000 	C:\Program Files\Java\jdk1.8.0_131\jre\bin\java.dll
0x0000000055d80000 - 0x0000000055da3000 	C:\Program Files\Java\jdk1.8.0_131\jre\bin\instrument.dll
0x0000000055e20000 - 0x0000000055e36000 	C:\Program Files\Java\jdk1.8.0_131\jre\bin\zip.dll
0x00007ffb47a00000 - 0x00007ffb48e38000 	C:\WINDOWS\System32\SHELL32.dll
0x00007ffb471c0000 - 0x00007ffb47266000 	C:\WINDOWS\System32\shcore.dll
0x00007ffb45d60000 - 0x00007ffb464a7000 	C:\WINDOWS\System32\windows.storage.dll
0x00007ffb46570000 - 0x00007ffb465c1000 	C:\WINDOWS\System32\shlwapi.dll
0x00007ffb452e0000 - 0x00007ffb452f1000 	C:\WINDOWS\System32\kernel.appcore.dll
0x00007ffb45610000 - 0x00007ffb4565c000 	C:\WINDOWS\System32\powrprof.dll
0x00007ffb452c0000 - 0x00007ffb452db000 	C:\WINDOWS\System32\profapi.dll
0x00007ffb3a9e0000 - 0x00007ffb3a9fa000 	D:\software\IntelliJ IDEA 2017.2.3\bin\breakgen64.dll
0x0000000055dd0000 - 0x0000000055dea000 	C:\Program Files\Java\jdk1.8.0_131\jre\bin\net.dll
0x00007ffb44ac0000 - 0x00007ffb44b26000 	C:\WINDOWS\system32\mswsock.dll
0x0000000054710000 - 0x00000000548a8000 	C:\Program Files\Java\jdk1.8.0_131\jre\bin\awt.dll
0x00007ffb47270000 - 0x00007ffb47335000 	C:\WINDOWS\System32\OLEAUT32.dll
0x00007ffb42da0000 - 0x00007ffb42e28000 	C:\WINDOWS\SYSTEM32\apphelp.dll
0x00007ffb435c0000 - 0x00007ffb43655000 	C:\WINDOWS\system32\uxtheme.dll
0x00007ffb49070000 - 0x00007ffb491d7000 	C:\WINDOWS\System32\MSCTF.dll
0x00007ffb437a0000 - 0x00007ffb437ca000 	C:\WINDOWS\system32\dwmapi.dll
0x00007ffb474e0000 - 0x00007ffb47629000 	C:\WINDOWS\System32\ole32.dll
0x00007ffb3bcd0000 - 0x00007ffb3bcf5000 	C:\Users\Lenovo\AppData\Local\youdao\dict\Application\8.0.1.0\WordStrokeHelper64.dll
0x00007ffb276d0000 - 0x00007ffb277ee000 	C:\WINDOWS\system32\opengl32.dll
0x00007ffb2bfd0000 - 0x00007ffb2bffc000 	C:\WINDOWS\SYSTEM32\GLU32.dll
0x0000000055d30000 - 0x0000000055d77000 	C:\Program Files\Java\jdk1.8.0_131\jre\bin\fontmanager.dll
0x0000000055db0000 - 0x0000000055dc1000 	C:\Program Files\Java\jdk1.8.0_131\jre\bin\nio.dll
0x0000000055ce0000 - 0x0000000055d22000 	C:\Program Files\Java\jdk1.8.0_131\jre\bin\t2k.dll
0x00007ffb3e910000 - 0x00007ffb3e9b6000 	C:\WINDOWS\WinSxS\amd64_microsoft.windows.common-controls_6595b64144ccf1df_5.82.16299.611_none_887784464abcce1a\comctl32.dll
0x00007ffb47440000 - 0x00007ffb474de000 	C:\WINDOWS\System32\clbcatq.dll
0x00007ffb3da80000 - 0x00007ffb3dc2b000 	C:\WINDOWS\SYSTEM32\WindowsCodecs.dll
0x00007ffb33df0000 - 0x00007ffb33e3f000 	C:\WINDOWS\system32\dataexchange.dll
0x00007ffb41930000 - 0x00007ffb41c12000 	C:\WINDOWS\system32\d3d11.dll
0x00007ffb45960000 - 0x00007ffb45a0f000 	C:\WINDOWS\System32\dxgi.dll
0x00007ffb429c0000 - 0x00007ffb42b02000 	C:\WINDOWS\system32\dcomp.dll
0x00007ffb43890000 - 0x00007ffb43a0b000 	C:\WINDOWS\system32\twinapi.appcore.dll
0x00007ffb43780000 - 0x00007ffb437a0000 	C:\WINDOWS\system32\RMCLIENT.dll
0x00007ffb44d90000 - 0x00007ffb44db5000 	C:\WINDOWS\system32\bcrypt.dll
0x00007ffb36b20000 - 0x00007ffb36bb8000 	C:\WINDOWS\System32\TextInputFramework.dll
0x00007ffb3d660000 - 0x00007ffb3d94e000 	C:\WINDOWS\System32\CoreUIComponents.dll
0x00007ffb42610000 - 0x00007ffb426ec000 	C:\WINDOWS\System32\CoreMessaging.dll
0x00007ffb443c0000 - 0x00007ffb443f1000 	C:\WINDOWS\SYSTEM32\ntmarta.dll
0x00007ffb40f40000 - 0x00007ffb41076000 	C:\WINDOWS\SYSTEM32\wintypes.dll
0x00007ffb35730000 - 0x00007ffb35914000 	C:\WINDOWS\system32\SogouTSF.ime
0x00007ffb3ecb0000 - 0x00007ffb3ecb7000 	C:\WINDOWS\system32\MSIMG32.dll
0x00007ffb34ed0000 - 0x00007ffb35727000 	C:\WINDOWS\system32\SogouPy.ime
0x00007ffb3df70000 - 0x00007ffb3dfde000 	C:\WINDOWS\SYSTEM32\OLEACC.dll
0x00007ffb40990000 - 0x00007ffb40a6e000 	C:\WINDOWS\SYSTEM32\WINHTTP.dll
0x0000000023b20000 - 0x0000000023c04000 	D:\software\sogoupinyin\8.9.0.2223\Resource.dll
0x00007ffb2e010000 - 0x00007ffb2e277000 	D:\software\sogoupinyin\Components\PicFace\1.1.0.1819\PicFace64.dll
0x00007ffb47630000 - 0x00007ffb4773a000 	C:\WINDOWS\System32\COMDLG32.dll
0x00007ffb35ac0000 - 0x00007ffb35ad9000 	C:\WINDOWS\SYSTEM32\CLDAPI.dll
0x00007ffb45040000 - 0x00007ffb4504a000 	C:\WINDOWS\SYSTEM32\FLTLIB.DLL
0x00007ffb22410000 - 0x00007ffb22481000 	C:\WINDOWS\SYSTEM32\AEPIC.dll
0x00007ffb44c90000 - 0x00007ffb44ca7000 	C:\WINDOWS\SYSTEM32\cryptsp.dll
0x00007ffb41770000 - 0x00007ffb41921000 	C:\WINDOWS\system32\propsys.dll
0x00007ffb3a670000 - 0x00007ffb3a797000 	C:\WINDOWS\system32\NetworkExplorer.dll
0x00007ffb3c570000 - 0x00007ffb3cb63000 	C:\Windows\System32\OneCoreUAPCommonProxyStub.dll
0x00007ffb2dd80000 - 0x00007ffb2dddb000 	C:\Windows\System32\thumbcache.dll
0x00007ffb2e570000 - 0x00007ffb2e58b000 	C:\WINDOWS\SYSTEM32\MPR.dll
0x00007ffb22230000 - 0x00007ffb2223b000 	C:\WINDOWS\System32\drprov.dll
0x00007ffb450c0000 - 0x00007ffb45115000 	C:\WINDOWS\System32\WINSTA.dll
0x00007ffb22300000 - 0x00007ffb22316000 	C:\WINDOWS\System32\ntlanman.dll
0x00007ffb222e0000 - 0x00007ffb222fc000 	C:\WINDOWS\System32\davclnt.dll
0x00007ffb42ce0000 - 0x00007ffb42cec000 	C:\WINDOWS\System32\DAVHLPR.dll
0x00007ffb40b20000 - 0x00007ffb40b37000 	C:\WINDOWS\System32\wkscli.dll
0x00007ffb3ecc0000 - 0x00007ffb3ecd2000 	C:\WINDOWS\SYSTEM32\cscapi.dll
0x00007ffb44950000 - 0x00007ffb4495e000 	C:\WINDOWS\System32\netutils.dll
0x00007ffb3bb30000 - 0x00007ffb3bb7a000 	C:\Windows\System32\dlnashext.dll
0x00007ffb28fa0000 - 0x00007ffb29003000 	C:\Windows\System32\PlayToDevice.dll
0x00007ffb3ffb0000 - 0x00007ffb3ffcf000 	C:\Windows\System32\DevDispItemProvider.dll
0x00007ffb3e530000 - 0x00007ffb3e59f000 	C:\WINDOWS\System32\MMDevApi.dll
0x00007ffb45050000 - 0x00007ffb45077000 	C:\WINDOWS\System32\DEVOBJ.dll
0x00007ffb2d9d0000 - 0x00007ffb2dbaf000 	C:\WINDOWS\system32\wpdshext.dll
0x00007ffb3dd40000 - 0x00007ffb3dedc000 	C:\WINDOWS\WinSxS\amd64_microsoft.windows.gdiplus_6595b64144ccf1df_1.1.16299.611_none_46b2cae7edf811ed\gdiplus.dll
0x00007ffb40330000 - 0x00007ffb403d0000 	C:\Windows\System32\PortableDeviceApi.dll
0x00007ffb465d0000 - 0x00007ffb46a1e000 	C:\WINDOWS\System32\SETUPAPI.dll
0x00007ffb45be0000 - 0x00007ffb45c38000 	C:\WINDOWS\System32\WINTRUST.dll
0x00007ffb45300000 - 0x00007ffb45312000 	C:\WINDOWS\System32\MSASN1.dll
0x00007ffb45a10000 - 0x00007ffb45bde000 	C:\WINDOWS\System32\CRYPT32.dll
0x00007ffb26bd0000 - 0x00007ffb26c06000 	C:\Windows\System32\EhStorShell.dll
0x00007ffb3a9b0000 - 0x00007ffb3a9d5000 	C:\Windows\System32\EhStorAPI.dll
0x00007ffb43b50000 - 0x00007ffb43b63000 	C:\Windows\System32\WTSAPI32.dll
0x00007ffb22400000 - 0x00007ffb22410000 	C:\WINDOWS\SYSTEM32\LINKINFO.dll
0x00007ffb3ba30000 - 0x00007ffb3ba3c000 	C:\WINDOWS\SYSTEM32\Secur32.dll
0x00007ffb451c0000 - 0x00007ffb451f0000 	C:\WINDOWS\SYSTEM32\SSPICLI.DLL
0x00007ffb404b0000 - 0x00007ffb404c8000 	C:\WINDOWS\SYSTEM32\samcli.dll
0x00007ffb42bf0000 - 0x00007ffb42c13000 	C:\WINDOWS\SYSTEM32\SAMLIB.dll
0x00007ffb26cb0000 - 0x00007ffb26d2a000 	C:\Program Files (x86)\360\360Safe\safemon\360UDiskGuard64.dll
0x00007ffb26c10000 - 0x00007ffb26caa000 	C:\Program Files (x86)\Common Files\Adobe\CoreSyncExtension\CoreSync_x64.dll
0x00007ffb3a560000 - 0x00007ffb3a573000 	C:\Program Files\Microsoft Office 15\root\VFS\ProgramFilesCommonX64\Microsoft Shared\Office15\msoxev.dll
0x0000000055cb0000 - 0x0000000055cda000 	C:\Program Files\Java\jdk1.8.0_131\jre\bin\dcpr.dll
0x00007ffb446c0000 - 0x00007ffb446f3000 	C:\WINDOWS\system32\rsaenh.dll
0x00007ffb451f0000 - 0x00007ffb45219000 	C:\WINDOWS\SYSTEM32\USERENV.dll
0x00007ffb44c80000 - 0x00007ffb44c8b000 	C:\WINDOWS\SYSTEM32\CRYPTBASE.dll
0x00007ffb44850000 - 0x00007ffb44889000 	C:\WINDOWS\SYSTEM32\IPHLPAPI.DLL
0x00007ffb46560000 - 0x00007ffb46568000 	C:\WINDOWS\System32\NSI.dll
0x00007ffb3f820000 - 0x00007ffb3f836000 	C:\WINDOWS\SYSTEM32\dhcpcsvc6.DLL
0x00007ffb3f7b0000 - 0x00007ffb3f7ca000 	C:\WINDOWS\SYSTEM32\dhcpcsvc.DLL
0x00007ffb42d50000 - 0x00007ffb42d94000 	C:\WINDOWS\SYSTEM32\edputil.dll
0x00007ffb2be50000 - 0x00007ffb2bf73000 	C:\Windows\System32\Windows.StateRepositoryPS.dll
0x00007ffb30120000 - 0x00007ffb302ea000 	C:\WINDOWS\SYSTEM32\urlmon.dll

VM Arguments:
jvm_args: -javaagent:D:\software\IntelliJ IDEA 2017.2.3\lib\idea_rt.jar=19195:D:\software\IntelliJ IDEA 2017.2.3\bin -Dfile.encoding=UTF-8 
java_command: Pipe
java_class_path (initial): D:\Code\java\DSPNGraph\bin;C:\Program Files\Java\jdk1.8.0_131\jre\lib\charsets.jar;C:\Program Files\Java\jdk1.8.0_131\jre\lib\deploy.jar;C:\Program Files\Java\jdk1.8.0_131\jre\lib\ext\access-bridge-64.jar;C:\Program Files\Java\jdk1.8.0_131\jre\lib\ext\cldrdata.jar;C:\Program Files\Java\jdk1.8.0_131\jre\lib\ext\dnsns.jar;C:\Program Files\Java\jdk1.8.0_131\jre\lib\ext\jaccess.jar;C:\Program Files\Java\jdk1.8.0_131\jre\lib\ext\jfxrt.jar;C:\Program Files\Java\jdk1.8.0_131\jre\lib\ext\localedata.jar;C:\Program Files\Java\jdk1.8.0_131\jre\lib\ext\nashorn.jar;C:\Program Files\Java\jdk1.8.0_131\jre\lib\ext\sunec.jar;C:\Program Files\Java\jdk1.8.0_131\jre\lib\ext\sunjce_provider.jar;C:\Program Files\Java\jdk1.8.0_131\jre\lib\ext\sunmscapi.jar;C:\Program Files\Java\jdk1.8.0_131\jre\lib\ext\sunpkcs11.jar;C:\Program Files\Java\jdk1.8.0_131\jre\lib\ext\zipfs.jar;C:\Program Files\Java\jdk1.8.0_131\jre\lib\javaws.jar;C:\Program Files\Java\jdk1.8.0_131\jre\lib\jce.jar;C:\Program Files\Java\jdk1.8.0_131\jre\lib\jfr.jar;C:\Program Files\Java\jdk1.8.0_131\jre\lib\jfxswt.jar;C:\Program Files\Java\jdk1.8.0_131\jre\lib\jsse.jar;C:\Program Files\Java\jdk1.8.0_131\jre\lib\management-agent.jar;C:\Program Files\Java\jdk1.8.0_131\jre\lib\plugin.jar;C:\Program Files\Java\jdk1.8.0_131\jre\lib\resources.jar;C:\Program Files\Java\jdk1.8.0_131\jre\lib\rt.jar;D:\Code\java\DSPNGraph\lib\abbot.jar;D:\Code\java\DSPNGraph\lib\commons-logging-1.1.jar;D:\Code\java\DSPNGraph\lib\drmaa.jar;D:\Code\java\DSPNGraph\lib\hadoop-0.13.1-dev-core.jar;D:\Code\java\DSPNGraph\lib\Jama-1.0.2.jar;D:\Code\java\DSPNGraph\lib\jcommon-1.0.10.jar;D:\Code\java\DSPNGraph\lib\jfreechart-1.0.6-swt.jar;D:\Code\java\DSPNGraph\lib\jfreechart-1.0.6.jar;D:\Code\java\DSPNGraph\lib\jpowergraph-0.2-common.jar;D:\Code\java\DSPNGraph\lib\jpowergraph-0.2-swing.jar;D:\Code\java\DSPNGraph\lib\log4j-1.2.13.jar;D:\Code\java\DSPNGraph\lib\netcdf-4.2.jar;D:\Code\java\DSPNGraph\lib\poi-3.7-20101029.jar;D:\Code\java\D
Launcher Type: SUN_STANDARD

Environment Variables:
JAVA_HOME=C:\Program Files\Java\jdk1.8.0_131
CLASSPATH=D:\software\prti1516\lib\prti1516.jar;D:\software\prti1516\lib\hirestimer.jar;D:\software\prti1516\prti1516\lib\prti1516.jar;D:\software\prti1516\prti1516\lib\hirestimer.jar;D:\software\prti1516\lib\prti1516.jar;D:\software\prti1516\lib\hirestimer.jar;D:\software\prti1516\lib\prti1516.jar;D:\software\prti1516\lib\hirestimer.jar;.;C:\Program Files\Java\jdk1.8.0_131\lib\dt.jar;C:\Program Files\Java\jdk1.8.0_131\lib\tools.jar;C:\Program Files\apache-ant-1.10.2\lib;D:\LINGO64_17\Lingo17.jar
PATH=D:\software\prti1516\jre\bin\client;D:\software\prti1516\lib;D:\software\prti1516\lib\vc80;D:\software\prti1516\prti1516\jre\bin\client;D:\software\prti1516\prti1516\lib;D:\software\prti1516\prti1516\lib\vc80;D:\software\prti1516\jre\bin\client;D:\software\prti1516\lib;D:\software\prti1516\lib\vc80;D:\software\CTEX\UserData\miktex\bin;D:\software\CTEX\MiKTeX\miktex\bin;D:\software\CTEX\CTeX\ctex\bin;D:\software\CTEX\CTeX\cct\bin;D:\software\CTEX\CTeX\ty\bin;D:\software\CTEX\Ghostscript\gs9.05\bin;D:\software\CTEX\GSview\gsview;D:\software\CTEX\WinEdt;C:\Windows\System32;C:\Program Files\Java\jdk1.8.0_131\bin;C:\Program Files\Java\jdk1.8.0_131\jre\bin;D:\LINGO64_17\;D:\software\VC++\Tools\WinNT;D:\software\VC++\MSDev98\Bin;D:\software\VC++\Tools;D:\Code\C++\Tools\WinNT;D:\Code\C++\MSDev98\Bin;D:\Code\C++\Tools;D:\Code\VC98\bin;D:\Python\Scripts\;D:\Python\;C:\Users\Lenovo\AppData\Local\atom\bin;D:\software\;%USERPROFILE%\AppData\Local\Microsoft\WindowsApps;
USERNAME=Lenovo
OS=Windows_NT
PROCESSOR_IDENTIFIER=Intel64 Family 6 Model 78 Stepping 3, GenuineIntel



---------------  S Y S T E M  ---------------

OS: Windows 10.0 , 64 bit Build 16299 (10.0.16299.431)

CPU:total 4 (initial active 4) (2 cores per cpu, 2 threads per core) family 6 model 78 stepping 3, cmov, cx8, fxsr, mmx, sse, sse2, sse3, ssse3, sse4.1, sse4.2, popcnt, avx, avx2, clmul, erms, 3dnowpref, lzcnt, ht, tsc, tscinvbit, bmi1, bmi2, adx

Memory: 4k page, physical 12463132k(2658008k free), swap 15631188k(2128472k free)

vm_info: Java HotSpot(TM) 64-Bit Server VM (25.131-b11) for windows-amd64 JRE (1.8.0_131-b11), built on Mar 15 2017 01:23:53 by "java_re" with MS VC++ 10.0 (VS2010)

time: Mon Aug 20 21:18:45 2018
elapsed time: 12 seconds (0d 0h 0m 12s)

