#
# A fatal error has been detected by the Java Runtime Environment:
#
#  EXCEPTION_ACCESS_VIOLATION (0xc0000005) at pc=0x00007ffad1a4b5ee, pid=16584, tid=0x0000000000002358
#
# JRE version: Java(TM) SE Runtime Environment (8.0_131-b11) (build 1.8.0_131-b11)
# Java VM: Java HotSpot(TM) 64-Bit Server VM (25.131-b11 mixed mode windows-amd64 compressed oops)
# Problematic frame:
# C  [MSVCP120.dll+0xb5ee]
#
# Failed to write core dump. Minidumps are not enabled by default on client versions of Windows
#
# If you would like to submit a bug report, please visit:
#   http://bugreport.java.com/bugreport/crash.jsp
# The crash happened outside the Java Virtual Machine in native code.
# See problematic frame for where to report the bug.
#

---------------  T H R E A D  ---------------

Current thread (0x000000001e691800):  JavaThread "AWT-EventQueue-0" [_thread_in_native, id=9048, stack(0x000000001f210000,0x000000001f310000)]

siginfo: ExceptionCode=0xc0000005, reading address 0x000000000000000a

Registers:
RAX=0x0000000000000002, RBX=0x000000001f308978, RCX=0x0000000025698bf0, RDX=0x000000001f308978
RSP=0x000000001f3088a0, RBP=0x0000000000000013, RSI=0x0000000000000001, RDI=0x0000000000000000
R8 =0x0000000000000010, R9 =0x0000000000008000, R10=0x00000000256069b0, R11=0x000000001f308710
R12=0x0000000000000026, R13=0xffffffffffffffff, R14=0x00000000256aabd0, R15=0x00000000255c2e30
RIP=0x00007ffad1a4b5ee, EFLAGS=0x0000000000010206

Top of Stack: (sp=0x000000001f3088a0)
0x000000001f3088a0:   0000000000000001 00007ffae59f1f12
0x000000001f3088b0:   fffffffffffffffe 0000000000000013
0x000000001f3088c0:   00007ffad1ad8b10 00007ffad1a5ac34
0x000000001f3088d0:   000000001f308908 00007ffad1ad8b10
0x000000001f3088e0:   0000000000000000 00000000255cc840
0x000000001f3088f0:   0000000000000000 00000000255a32b0
0x000000001f308900:   fffffffffffffffe 00007ffad1ad8b10
0x000000001f308910:   cccccccccccccc01 0000000000000014
0x000000001f308920:   cccccccccccccccc 000000000000005a
0x000000001f308930:   cccccccc00000004 cccccccccccccccc
0x000000001f308940:   00000000256aabd0 0000000025698b70
0x000000001f308950:   00000000255cbbc0 00007ffae59f13c1
0x000000001f308960:   00007ffad1ad8b10 0000000000000000
0x000000001f308970:   0000000000000000 0000000025698bf0
0x000000001f308980:   0000000000000000 0000000000000000
0x000000001f308990:   0000000000000000 000000001f3089d8 

Instructions: (pc=0x00007ffad1a4b5ee)
0x00007ffad1a4b5ce:   41 28 48 89 51 28 c3 cc cc cc 40 53 48 83 ec 20
0x00007ffad1a4b5de:   48 8b 41 40 48 8b da 48 8b 08 48 89 0a 48 8b 01
0x00007ffad1a4b5ee:   ff 50 08 48 8b c3 48 83 c4 20 5b c3 cc cc 48 8b
0x00007ffad1a4b5fe:   c4 48 89 50 10 41 56 48 83 ec 30 48 c7 40 f0 fe 


Register to memory mapping:

RAX=0x0000000000000002 is an unknown value
RBX=0x000000001f308978 is pointing into the stack for thread: 0x000000001e691800
RCX=0x0000000025698bf0 is an unknown value
RDX=0x000000001f308978 is pointing into the stack for thread: 0x000000001e691800
RSP=0x000000001f3088a0 is pointing into the stack for thread: 0x000000001e691800
RBP=0x0000000000000013 is an unknown value
RSI=0x0000000000000001 is an unknown value
RDI=0x0000000000000000 is an unknown value
R8 =0x0000000000000010 is an unknown value
R9 =0x0000000000008000 is an unknown value
R10=0x00000000256069b0 is an unknown value
R11=0x000000001f308710 is pointing into the stack for thread: 0x000000001e691800
R12=0x0000000000000026 is an unknown value
R13=0xffffffffffffffff is an unknown value
R14=0x00000000256aabd0 is an unknown value
R15=0x00000000255c2e30 is an unknown value


Stack: [0x000000001f210000,0x000000001f310000],  sp=0x000000001f3088a0,  free space=994k
Native frames: (J=compiled Java code, j=interpreted, Vv=VM code, C=native code)
C  [MSVCP120.dll+0xb5ee]
C  [MSVCP120.dll+0x1ac34]
C  [METISCJAVA.dll+0x13c1]  DLL_API_METIS_PartGraphKway+0x151
C  [METISCJAVA.dll+0x1a52]  Java_pipe_hla_SimDSPNModule_util_JNICJAVA_METIS_1PartGraphKway+0x172
C  0x000000000520100c

Java frames: (J=compiled Java code, j=interpreted, Vv=VM code)
j  pipe.hla.SimDSPNModule.util.JNICJAVA.METIS_PartGraphKway(II[I[II[I)I+0
j  pipe.hla.SimDSPNModule.util.SubGraphByPlaceAndTransitionUtils.MainProcessOfPartition(Lpipe/hla/SimDSPNModule/basemodel/OLGraph;I)[Lpipe/hla/SimDSPNModule/basemodel/OLGraph;+48
j  pipe.hla.SimDSPNModule.hlasimulation.ParallelSimulation$1.actionPerformed(Ljava/awt/event/ActionEvent;)V+66
j  javax.swing.AbstractButton.fireActionPerformed(Ljava/awt/event/ActionEvent;)V+83
j  javax.swing.AbstractButton$Handler.actionPerformed(Ljava/awt/event/ActionEvent;)V+5
j  javax.swing.DefaultButtonModel.fireActionPerformed(Ljava/awt/event/ActionEvent;)V+34
j  javax.swing.DefaultButtonModel.setPressed(Z)V+117
j  javax.swing.plaf.basic.BasicButtonListener.mouseReleased(Ljava/awt/event/MouseEvent;)V+35
j  java.awt.Component.processMouseEvent(Ljava/awt/event/MouseEvent;)V+64
j  javax.swing.JComponent.processMouseEvent(Ljava/awt/event/MouseEvent;)V+23
J 1385 C1 java.awt.Component.processEvent(Ljava/awt/AWTEvent;)V (220 bytes) @ 0x00000000056b541c [0x00000000056b4ee0+0x53c]
J 1488 C1 java.awt.Container.processEvent(Ljava/awt/AWTEvent;)V (22 bytes) @ 0x00000000056e79ec [0x00000000056e76a0+0x34c]
J 1381 C1 java.awt.Component.dispatchEventImpl(Ljava/awt/AWTEvent;)V (883 bytes) @ 0x00000000056ac7ec [0x00000000056a7240+0x55ac]
J 1309 C1 java.awt.Container.dispatchEventImpl(Ljava/awt/AWTEvent;)V (129 bytes) @ 0x000000000566be6c [0x000000000566bd20+0x14c]
J 1400 C1 java.awt.LightweightDispatcher.retargetMouseEvent(Ljava/awt/Component;ILjava/awt/event/MouseEvent;)V (350 bytes) @ 0x00000000056c0974 [0x00000000056be400+0x2574]
J 1799 C1 java.awt.LightweightDispatcher.processMouseEvent(Ljava/awt/event/MouseEvent;)Z (286 bytes) @ 0x0000000005808c14 [0x0000000005807480+0x1794]
J 1382 C1 java.awt.LightweightDispatcher.dispatchEvent(Ljava/awt/AWTEvent;)Z (73 bytes) @ 0x00000000056b36f4 [0x00000000056b32c0+0x434]
J 1309 C1 java.awt.Container.dispatchEventImpl(Ljava/awt/AWTEvent;)V (129 bytes) @ 0x000000000566be0c [0x000000000566bd20+0xec]
J 1808 C1 java.awt.Window.dispatchEventImpl(Ljava/awt/AWTEvent;)V (23 bytes) @ 0x000000000580c534 [0x000000000580bf40+0x5f4]
J 3316 C1 java.awt.EventQueue.dispatchEventImpl(Ljava/awt/AWTEvent;Ljava/lang/Object;)V (149 bytes) @ 0x0000000005c1b574 [0x0000000005c19cc0+0x18b4]
J 1356 C1 java.awt.EventQueue$3.run()Ljava/lang/Void; (60 bytes) @ 0x0000000005690d74 [0x0000000005690b40+0x234]
J 1355 C1 java.awt.EventQueue$3.run()Ljava/lang/Object; (5 bytes) @ 0x00000000056907d4 [0x0000000005690740+0x94]
v  ~StubRoutines::call_stub
J 910  java.security.AccessController.doPrivileged(Ljava/security/PrivilegedAction;Ljava/security/AccessControlContext;)Ljava/lang/Object; (0 bytes) @ 0x000000000556bce6 [0x000000000556bc80+0x66]
J 1390 C1 java.awt.EventQueue$4.run()Ljava/lang/Object; (5 bytes) @ 0x00000000056b8544 [0x00000000056b8100+0x444]
v  ~StubRoutines::call_stub
J 910  java.security.AccessController.doPrivileged(Ljava/security/PrivilegedAction;Ljava/security/AccessControlContext;)Ljava/lang/Object; (0 bytes) @ 0x000000000556bce6 [0x000000000556bc80+0x66]
J 1319 C1 java.awt.EventQueue.dispatchEvent(Ljava/awt/AWTEvent;)V (80 bytes) @ 0x000000000567661c [0x0000000005675740+0xedc]
J 1359 C1 java.awt.EventDispatchThread.pumpOneEventForFilters(I)V (295 bytes) @ 0x0000000005693654 [0x0000000005691a20+0x1c34]
j  java.awt.EventDispatchThread.pumpEventsForFilter(ILjava/awt/Conditional;Ljava/awt/EventFilter;)V+35
j  java.awt.EventDispatchThread.pumpEventsForFilter(Ljava/awt/Conditional;Ljava/awt/EventFilter;)V+4
j  java.awt.WaitDispatchSupport$2.run()V+59
j  java.awt.WaitDispatchSupport$4.run()Ljava/lang/Void;+4
j  java.awt.WaitDispatchSupport$4.run()Ljava/lang/Object;+1
v  ~StubRoutines::call_stub
J 451  java.security.AccessController.doPrivileged(Ljava/security/PrivilegedAction;)Ljava/lang/Object; (0 bytes) @ 0x00000000053f3052 [0x00000000053f3000+0x52]
j  java.awt.WaitDispatchSupport.enter()Z+279
j  java.awt.Dialog.show()V+233
j  java.awt.Component.show(Z)V+5
j  java.awt.Component.setVisible(Z)V+2
j  java.awt.Window.setVisible(Z)V+2
j  java.awt.Dialog.setVisible(Z)V+2
j  pipe.hla.SimDSPNModule.hlasimulation.ParallelSimulation.start()V+322
v  ~StubRoutines::call_stub
J 2531  sun.reflect.NativeMethodAccessorImpl.invoke0(Ljava/lang/reflect/Method;Ljava/lang/Object;[Ljava/lang/Object;)Ljava/lang/Object; (0 bytes) @ 0x00000000059e92bf [0x00000000059e9240+0x7f]
J 2446 C1 sun.reflect.NativeMethodAccessorImpl.invoke(Ljava/lang/Object;[Ljava/lang/Object;)Ljava/lang/Object; (104 bytes) @ 0x00000000054847f4 [0x00000000054835c0+0x1234]
J 901 C1 sun.reflect.DelegatingMethodAccessorImpl.invoke(Ljava/lang/Object;[Ljava/lang/Object;)Ljava/lang/Object; (10 bytes) @ 0x000000000556796c [0x0000000005567840+0x12c]
J 900 C1 java.lang.reflect.Method.invoke(Ljava/lang/Object;[Ljava/lang/Object;)Ljava/lang/Object; (62 bytes) @ 0x0000000005568124 [0x0000000005567d00+0x424]
j  pipe.gui.ModuleMethod.execute()V+30
j  pipe.gui.ModuleManager$TreeHandler.mouseClicked(Ljava/awt/event/MouseEvent;)V+89
j  java.awt.AWTEventMulticaster.mouseClicked(Ljava/awt/event/MouseEvent;)V+21
j  java.awt.Component.processMouseEvent(Ljava/awt/event/MouseEvent;)V+74
j  javax.swing.JComponent.processMouseEvent(Ljava/awt/event/MouseEvent;)V+23
J 1385 C1 java.awt.Component.processEvent(Ljava/awt/AWTEvent;)V (220 bytes) @ 0x00000000056b541c [0x00000000056b4ee0+0x53c]
J 1488 C1 java.awt.Container.processEvent(Ljava/awt/AWTEvent;)V (22 bytes) @ 0x00000000056e79ec [0x00000000056e76a0+0x34c]
J 1381 C1 java.awt.Component.dispatchEventImpl(Ljava/awt/AWTEvent;)V (883 bytes) @ 0x00000000056ac7ec [0x00000000056a7240+0x55ac]
J 1309 C1 java.awt.Container.dispatchEventImpl(Ljava/awt/AWTEvent;)V (129 bytes) @ 0x000000000566be6c [0x000000000566bd20+0x14c]
J 1400 C1 java.awt.LightweightDispatcher.retargetMouseEvent(Ljava/awt/Component;ILjava/awt/event/MouseEvent;)V (350 bytes) @ 0x00000000056c0974 [0x00000000056be400+0x2574]
J 1799 C1 java.awt.LightweightDispatcher.processMouseEvent(Ljava/awt/event/MouseEvent;)Z (286 bytes) @ 0x0000000005808d2c [0x0000000005807480+0x18ac]
J 1382 C1 java.awt.LightweightDispatcher.dispatchEvent(Ljava/awt/AWTEvent;)Z (73 bytes) @ 0x00000000056b36f4 [0x00000000056b32c0+0x434]
J 1309 C1 java.awt.Container.dispatchEventImpl(Ljava/awt/AWTEvent;)V (129 bytes) @ 0x000000000566be0c [0x000000000566bd20+0xec]
J 1808 C1 java.awt.Window.dispatchEventImpl(Ljava/awt/AWTEvent;)V (23 bytes) @ 0x000000000580c534 [0x000000000580bf40+0x5f4]
J 3316 C1 java.awt.EventQueue.dispatchEventImpl(Ljava/awt/AWTEvent;Ljava/lang/Object;)V (149 bytes) @ 0x0000000005c1b574 [0x0000000005c19cc0+0x18b4]
J 1356 C1 java.awt.EventQueue$3.run()Ljava/lang/Void; (60 bytes) @ 0x0000000005690d74 [0x0000000005690b40+0x234]
J 1355 C1 java.awt.EventQueue$3.run()Ljava/lang/Object; (5 bytes) @ 0x00000000056907d4 [0x0000000005690740+0x94]
v  ~StubRoutines::call_stub
J 910  java.security.AccessController.doPrivileged(Ljava/security/PrivilegedAction;Ljava/security/AccessControlContext;)Ljava/lang/Object; (0 bytes) @ 0x000000000556bce6 [0x000000000556bc80+0x66]
J 1390 C1 java.awt.EventQueue$4.run()Ljava/lang/Object; (5 bytes) @ 0x00000000056b8544 [0x00000000056b8100+0x444]
v  ~StubRoutines::call_stub
J 910  java.security.AccessController.doPrivileged(Ljava/security/PrivilegedAction;Ljava/security/AccessControlContext;)Ljava/lang/Object; (0 bytes) @ 0x000000000556bce6 [0x000000000556bc80+0x66]
J 1319 C1 java.awt.EventQueue.dispatchEvent(Ljava/awt/AWTEvent;)V (80 bytes) @ 0x000000000567661c [0x0000000005675740+0xedc]
J 1359 C1 java.awt.EventDispatchThread.pumpOneEventForFilters(I)V (295 bytes) @ 0x0000000005693654 [0x0000000005691a20+0x1c34]
j  java.awt.EventDispatchThread.pumpEventsForFilter(ILjava/awt/Conditional;Ljava/awt/EventFilter;)V+35
j  java.awt.EventDispatchThread.pumpEventsForHierarchy(ILjava/awt/Conditional;Ljava/awt/Component;)V+11
j  java.awt.EventDispatchThread.pumpEvents(ILjava/awt/Conditional;)V+4
j  java.awt.EventDispatchThread.pumpEvents(Ljava/awt/Conditional;)V+3
j  java.awt.EventDispatchThread.run()V+9
v  ~StubRoutines::call_stub

---------------  P R O C E S S  ---------------

Java Threads: ( => current thread )
  0x00000000206ec000 JavaThread "Swing-Shell" daemon [_thread_blocked, id=7840, stack(0x0000000027090000,0x0000000027190000)]
  0x0000000020b07000 JavaThread "TimerQueue" daemon [_thread_blocked, id=9608, stack(0x00000000211d0000,0x00000000212d0000)]
  0x00000000050e3800 JavaThread "DestroyJavaVM" [_thread_blocked, id=7280, stack(0x0000000004fe0000,0x00000000050e0000)]
=>0x000000001e691800 JavaThread "AWT-EventQueue-0" [_thread_in_native, id=9048, stack(0x000000001f210000,0x000000001f310000)]
  0x000000001e690800 JavaThread "AWT-Windows" daemon [_thread_in_native, id=13396, stack(0x000000001efe0000,0x000000001f0e0000)]
  0x000000001e68e000 JavaThread "AWT-Shutdown" [_thread_blocked, id=13576, stack(0x000000001eee0000,0x000000001efe0000)]
  0x000000001e6a5800 JavaThread "Java2D Disposer" daemon [_thread_blocked, id=5636, stack(0x000000001ede0000,0x000000001eee0000)]
  0x000000001d7f3800 JavaThread "Service Thread" daemon [_thread_blocked, id=8408, stack(0x000000001e340000,0x000000001e440000)]
  0x000000001d7d2800 JavaThread "C1 CompilerThread2" daemon [_thread_blocked, id=1680, stack(0x000000001e240000,0x000000001e340000)]
  0x000000001d7c8000 JavaThread "C2 CompilerThread1" daemon [_thread_blocked, id=15556, stack(0x000000001e140000,0x000000001e240000)]
  0x000000001d778800 JavaThread "C2 CompilerThread0" daemon [_thread_blocked, id=14024, stack(0x000000001e040000,0x000000001e140000)]
  0x000000001d769000 JavaThread "JDWP Command Reader" daemon [_thread_in_native, id=15732, stack(0x000000001df40000,0x000000001e040000)]
  0x000000001d75c000 JavaThread "JDWP Event Helper Thread" daemon [_thread_blocked, id=9208, stack(0x000000001de40000,0x000000001df40000)]
  0x000000001d759800 JavaThread "JDWP Transport Listener: dt_socket" daemon [_thread_blocked, id=4252, stack(0x000000001dd40000,0x000000001de40000)]
  0x000000001c271800 JavaThread "Attach Listener" daemon [_thread_blocked, id=15280, stack(0x000000001dc40000,0x000000001dd40000)]
  0x000000001d748800 JavaThread "Signal Dispatcher" daemon [_thread_blocked, id=10028, stack(0x000000001db40000,0x000000001dc40000)]
  0x000000001c24a800 JavaThread "Finalizer" daemon [_thread_blocked, id=18532, stack(0x000000001d4e0000,0x000000001d5e0000)]
  0x00000000051d1800 JavaThread "Reference Handler" daemon [_thread_blocked, id=11216, stack(0x000000001d3e0000,0x000000001d4e0000)]

Other Threads:
  0x000000001c228800 VMThread [stack: 0x000000001d2e0000,0x000000001d3e0000] [id=8420]
  0x000000001d840000 WatcherThread [stack: 0x000000001e440000,0x000000001e540000] [id=8604]

VM state:not at safepoint (normal execution)

VM Mutex/Monitor currently owned by a thread: None

Heap:
 PSYoungGen      total 57344K, used 30641K [0x0000000780980000, 0x0000000784980000, 0x00000007c0000000)
  eden space 49152K, 62% used [0x0000000780980000,0x000000078276c448,0x0000000783980000)
  from space 8192K, 0% used [0x0000000784180000,0x0000000784180000,0x0000000784980000)
  to   space 8192K, 0% used [0x0000000783980000,0x0000000783980000,0x0000000784180000)
 ParOldGen       total 77824K, used 15744K [0x0000000701c00000, 0x0000000706800000, 0x0000000780980000)
  object space 77824K, 20% used [0x0000000701c00000,0x0000000702b60358,0x0000000706800000)
 Metaspace       used 24736K, capacity 25178K, committed 25344K, reserved 1071104K
  class space    used 3122K, capacity 3238K, committed 3328K, reserved 1048576K

Card table byte_map: [0x00000000145a0000,0x0000000014ba0000] byte_map_base: 0x0000000010d92000

Marking Bits: (ParMarkBitMap*) 0x0000000056a1c720
 Begin Bits: [0x00000000153a0000, 0x0000000018330000)
 End Bits:   [0x0000000018330000, 0x000000001b2c0000)

Polling page: 0x0000000003030000

CodeCache: size=245760Kb used=11318Kb max_used=11479Kb free=234441Kb
 bounds [0x00000000051e0000, 0x0000000005d30000, 0x00000000141e0000]
 total_blobs=3901 nmethods=3319 adapters=500
 compilation: enabled

Compilation events (10 events):
Event: 16.617 Thread 0x000000001d7d2800 3664       3       java.lang.StringBuilder::append (8 bytes)
Event: 16.618 Thread 0x000000001d7d2800 nmethod 3664 0x000000000548ce90 code [0x000000000548d000, 0x000000000548d1a8]
Event: 16.619 Thread 0x000000001d7d2800 3665       3       java.lang.AbstractStringBuilder::append (62 bytes)
Event: 16.623 Thread 0x000000001d7d2800 nmethod 3665 0x00000000055fce50 code [0x00000000055fd040, 0x00000000055fd998]
Event: 16.624 Thread 0x000000001d7d2800 3666       3       sun.misc.PerfCounter::increment (6 bytes)
Event: 16.626 Thread 0x000000001d7d2800 nmethod 3666 0x000000000555c690 code [0x000000000555c840, 0x000000000555cf58]
Event: 17.243 Thread 0x000000001d7d2800 3667       3       sun.nio.cs.FastCharsetProvider::canonicalize (24 bytes)
Event: 17.244 Thread 0x000000001d7d2800 nmethod 3667 0x00000000053a8a10 code [0x00000000053a8b80, 0x00000000053a8ee8]
Event: 17.252 Thread 0x000000001d7d2800 3668   !   3       java.io.WinNTFileSystem::resolve (362 bytes)
Event: 17.286 Thread 0x000000001d7d2800 nmethod 3668 0x0000000005d20e10 code [0x0000000005d216a0, 0x0000000005d274b8]

GC Heap History (6 events):
Event: 5.869 GC heap before
{Heap before GC invocations=1 (full 0):
 PSYoungGen      total 57344K, used 49152K [0x0000000780980000, 0x0000000784980000, 0x00000007c0000000)
  eden space 49152K, 100% used [0x0000000780980000,0x0000000783980000,0x0000000783980000)
  from space 8192K, 0% used [0x0000000784180000,0x0000000784180000,0x0000000784980000)
  to   space 8192K, 0% used [0x0000000783980000,0x0000000783980000,0x0000000784180000)
 ParOldGen       total 131072K, used 0K [0x0000000701c00000, 0x0000000709c00000, 0x0000000780980000)
  object space 131072K, 0% used [0x0000000701c00000,0x0000000701c00000,0x0000000709c00000)
 Metaspace       used 16843K, capacity 17084K, committed 17280K, reserved 1064960K
  class space    used 2270K, capacity 2361K, committed 2432K, reserved 1048576K
Event: 5.888 GC heap after
Heap after GC invocations=1 (full 0):
 PSYoungGen      total 57344K, used 8174K [0x0000000780980000, 0x0000000784980000, 0x00000007c0000000)
  eden space 49152K, 0% used [0x0000000780980000,0x0000000780980000,0x0000000783980000)
  from space 8192K, 99% used [0x0000000783980000,0x000000078417bba8,0x0000000784180000)
  to   space 8192K, 0% used [0x0000000784180000,0x0000000784180000,0x0000000784980000)
 ParOldGen       total 131072K, used 6255K [0x0000000701c00000, 0x0000000709c00000, 0x0000000780980000)
  object space 131072K, 4% used [0x0000000701c00000,0x000000070221bc50,0x0000000709c00000)
 Metaspace       used 16843K, capacity 17084K, committed 17280K, reserved 1064960K
  class space    used 2270K, capacity 2361K, committed 2432K, reserved 1048576K
}
Event: 7.277 GC heap before
{Heap before GC invocations=2 (full 0):
 PSYoungGen      total 57344K, used 52016K [0x0000000780980000, 0x0000000784980000, 0x00000007c0000000)
  eden space 49152K, 89% used [0x0000000780980000,0x0000000783450568,0x0000000783980000)
  from space 8192K, 99% used [0x0000000783980000,0x000000078417bba8,0x0000000784180000)
  to   space 8192K, 0% used [0x0000000784180000,0x0000000784180000,0x0000000784980000)
 ParOldGen       total 131072K, used 6255K [0x0000000701c00000, 0x0000000709c00000, 0x0000000780980000)
  object space 131072K, 4% used [0x0000000701c00000,0x000000070221bc50,0x0000000709c00000)
 Metaspace       used 20749K, capacity 21054K, committed 21248K, reserved 1067008K
  class space    used 2712K, capacity 2815K, committed 2816K, reserved 1048576K
Event: 7.285 GC heap after
Heap after GC invocations=2 (full 0):
 PSYoungGen      total 57344K, used 8182K [0x0000000780980000, 0x0000000784980000, 0x00000007c0000000)
  eden space 49152K, 0% used [0x0000000780980000,0x0000000780980000,0x0000000783980000)
  from space 8192K, 99% used [0x0000000784180000,0x000000078497dbc8,0x0000000784980000)
  to   space 8192K, 0% used [0x0000000783980000,0x0000000783980000,0x0000000784180000)
 ParOldGen       total 131072K, used 17443K [0x0000000701c00000, 0x0000000709c00000, 0x0000000780980000)
  object space 131072K, 13% used [0x0000000701c00000,0x0000000702d08c50,0x0000000709c00000)
 Metaspace       used 20749K, capacity 21054K, committed 21248K, reserved 1067008K
  class space    used 2712K, capacity 2815K, committed 2816K, reserved 1048576K
}
Event: 7.285 GC heap before
{Heap before GC invocations=3 (full 1):
 PSYoungGen      total 57344K, used 8182K [0x0000000780980000, 0x0000000784980000, 0x00000007c0000000)
  eden space 49152K, 0% used [0x0000000780980000,0x0000000780980000,0x0000000783980000)
  from space 8192K, 99% used [0x0000000784180000,0x000000078497dbc8,0x0000000784980000)
  to   space 8192K, 0% used [0x0000000783980000,0x0000000783980000,0x0000000784180000)
 ParOldGen       total 131072K, used 17443K [0x0000000701c00000, 0x0000000709c00000, 0x0000000780980000)
  object space 131072K, 13% used [0x0000000701c00000,0x0000000702d08c50,0x0000000709c00000)
 Metaspace       used 20749K, capacity 21054K, committed 21248K, reserved 1067008K
  class space    used 2712K, capacity 2815K, committed 2816K, reserved 1048576K
Event: 7.317 GC heap after
Heap after GC invocations=3 (full 1):
 PSYoungGen      total 57344K, used 0K [0x0000000780980000, 0x0000000784980000, 0x00000007c0000000)
  eden space 49152K, 0% used [0x0000000780980000,0x0000000780980000,0x0000000783980000)
  from space 8192K, 0% used [0x0000000784180000,0x0000000784180000,0x0000000784980000)
  to   space 8192K, 0% used [0x0000000783980000,0x0000000783980000,0x0000000784180000)
 ParOldGen       total 77824K, used 15744K [0x0000000701c00000, 0x0000000706800000, 0x0000000780980000)
  object space 77824K, 20% used [0x0000000701c00000,0x0000000702b60358,0x0000000706800000)
 Metaspace       used 20749K, capacity 21054K, committed 21248K, reserved 1067008K
  class space    used 2712K, capacity 2815K, committed 2816K, reserved 1048576K
}

Deoptimization events (10 events):
Event: 10.229 Thread 0x000000001e691800 Uncommon trap: reason=class_check action=maybe_recompile pc=0x00000000055f035c method=java.util.HashSet.add(Ljava/lang/Object;)Z @ 8
Event: 10.229 Thread 0x000000001e691800 Uncommon trap: reason=class_check action=maybe_recompile pc=0x00000000055f035c method=java.util.HashSet.add(Ljava/lang/Object;)Z @ 8
Event: 10.229 Thread 0x000000001e691800 Uncommon trap: reason=class_check action=maybe_recompile pc=0x00000000054e8e08 method=java.util.HashMap.putVal(ILjava/lang/Object;Ljava/lang/Object;ZZ)Ljava/lang/Object; @ 253
Event: 10.229 Thread 0x000000001e691800 Uncommon trap: reason=class_check action=maybe_recompile pc=0x00000000054e8e08 method=java.util.HashMap.putVal(ILjava/lang/Object;Ljava/lang/Object;ZZ)Ljava/lang/Object; @ 253
Event: 10.230 Thread 0x000000001e691800 Uncommon trap: reason=class_check action=maybe_recompile pc=0x00000000052f8238 method=java.util.HashSet.iterator()Ljava/util/Iterator; @ 4
Event: 10.508 Thread 0x000000001e691800 Uncommon trap: reason=class_check action=maybe_recompile pc=0x000000000556e9d0 method=javax.swing.plaf.basic.BasicTextUI.propertyChange(Ljava/beans/PropertyChangeEvent;)V @ 29
Event: 10.561 Thread 0x000000001e691800 Uncommon trap: reason=unstable_if action=reinterpret pc=0x00000000054d8984 method=java.lang.String.regionMatches(ZILjava/lang/String;II)Z @ 123
Event: 10.624 Thread 0x000000001e691800 Uncommon trap: reason=class_check action=maybe_recompile pc=0x0000000005be0fb4 method=java.awt.Container.validate()V @ 35
Event: 10.639 Thread 0x000000001e691800 Uncommon trap: reason=unstable_if action=reinterpret pc=0x0000000005be064c method=java.awt.Container.validate()V @ 19
Event: 11.150 Thread 0x000000001e691800 Uncommon trap: reason=unstable_if action=reinterpret pc=0x00000000057fe790 method=java.awt.Container.findComponentAtImpl(IIZ)Ljava/awt/Component; @ 24

Internal exceptions (10 events):
Event: 0.402 Thread 0x00000000050e3800 Exception <a 'java/lang/NoSuchFieldError': method resolution failed> (0x0000000780ea1be0) thrown at [C:\re\workspace\8-2-build-windows-amd64-cygwin\jdk8u131\8869\hotspot\src\share\vm\prims\methodHandles.cpp, line 1146]
Event: 0.710 Thread 0x000000001e691800 Exception <a 'java/io/FileNotFoundException'> (0x00000007815e16e8) thrown at [C:\re\workspace\8-2-build-windows-amd64-cygwin\jdk8u131\8869\hotspot\src\share\vm\prims\jni.cpp, line 709]
Event: 2.213 Thread 0x000000001e71d800 Implicit null exception at 0x000000000553c2c2 to 0x000000000553c3b9
Event: 7.184 Thread 0x000000001e691800 Implicit null exception at 0x000000000586cdcf to 0x000000000586cfe9
Event: 7.570 Thread 0x000000001e691800 Exception <a 'java/lang/NoSuchMethodError': <clinit>> (0x0000000780d89d50) thrown at [C:\re\workspace\8-2-build-windows-amd64-cygwin\jdk8u131\8869\hotspot\src\share\vm\prims\jni.cpp, line 1613]
Event: 7.624 Thread 0x000000001e691800 Exception <a 'java/lang/NoSuchMethodError': <clinit>> (0x0000000780e2baa8) thrown at [C:\re\workspace\8-2-build-windows-amd64-cygwin\jdk8u131\8869\hotspot\src\share\vm\prims\jni.cpp, line 1613]
Event: 7.629 Thread 0x000000001e691800 Exception <a 'java/lang/NoSuchMethodError': <clinit>> (0x0000000780e47da8) thrown at [C:\re\workspace\8-2-build-windows-amd64-cygwin\jdk8u131\8869\hotspot\src\share\vm\prims\jni.cpp, line 1613]
Event: 7.630 Thread 0x000000001e691800 Exception <a 'java/lang/NoSuchMethodError': <clinit>> (0x0000000780e4a410) thrown at [C:\re\workspace\8-2-build-windows-amd64-cygwin\jdk8u131\8869\hotspot\src\share\vm\prims\jni.cpp, line 1613]
Event: 7.635 Thread 0x000000001e691800 Exception <a 'java/lang/NoSuchMethodError': <clinit>> (0x0000000780e71a30) thrown at [C:\re\workspace\8-2-build-windows-amd64-cygwin\jdk8u131\8869\hotspot\src\share\vm\prims\jni.cpp, line 1613]
Event: 7.639 Thread 0x000000001e691800 Exception <a 'java/lang/NoSuchMethodError': <clinit>> (0x0000000780e92bc0) thrown at [C:\re\workspace\8-2-build-windows-amd64-cygwin\jdk8u131\8869\hotspot\src\share\vm\prims\jni.cpp, line 1613]

Events (10 events):
Event: 16.833 Executing VM operation: GetOrSetLocal done
Event: 17.223 loading class pipe/hla/SimDSPNModule/util/JNICJAVA
Event: 17.223 loading class pipe/hla/SimDSPNModule/util/JNICJAVA done
Event: 17.224 Thread 0x000000001e691800 DEOPT PACKING pc=0x0000000005c7fa6c sp=0x000000001f307b60
Event: 17.224 Thread 0x000000001e691800 DEOPT UNPACKING pc=0x000000000522787f sp=0x000000001f3078a0 mode 1
Event: 17.244 loading class java/lang/ClassLoaderHelper
Event: 17.245 loading class java/lang/ClassLoaderHelper done
Event: 17.245 Thread 0x000000001d7d2800 flushing nmethod 0x0000000005557b10
Event: 17.286 Thread 0x000000001d7d2800 flushing nmethod 0x00000000055b6a10
Event: 17.287 Thread 0x000000001d7d2800 flushing nmethod 0x000000000560c550


Dynamic libraries:
0x00007ff7357c0000 - 0x00007ff7357f7000 	C:\Program Files\Java\jdk1.8.0_131\bin\java.exe
0x00007ffb078f0000 - 0x00007ffb07ad0000 	C:\WINDOWS\SYSTEM32\ntdll.dll
0x00007ffb07690000 - 0x00007ffb0773e000 	C:\WINDOWS\System32\KERNEL32.DLL
0x00007ffb03b60000 - 0x00007ffb03dc6000 	C:\WINDOWS\System32\KERNELBASE.dll
0x00007ffb05ee0000 - 0x00007ffb05f81000 	C:\WINDOWS\System32\ADVAPI32.dll
0x00007ffb05f90000 - 0x00007ffb0602d000 	C:\WINDOWS\System32\msvcrt.dll
0x00007ffb057e0000 - 0x00007ffb0583b000 	C:\WINDOWS\System32\sechost.dll
0x00007ffb06030000 - 0x00007ffb0614f000 	C:\WINDOWS\System32\RPCRT4.dll
0x00007ffb05430000 - 0x00007ffb055bf000 	C:\WINDOWS\System32\USER32.dll
0x00007ffb03a00000 - 0x00007ffb03a20000 	C:\WINDOWS\System32\win32u.dll
0x00007ffb04c10000 - 0x00007ffb04c38000 	C:\WINDOWS\System32\GDI32.dll
0x00007ffb045a0000 - 0x00007ffb04733000 	C:\WINDOWS\System32\gdi32full.dll
0x00007ffb04910000 - 0x00007ffb049ab000 	C:\WINDOWS\System32\msvcp_win.dll
0x00007ffb04a00000 - 0x00007ffb04af5000 	C:\WINDOWS\System32\ucrtbase.dll
0x00007ffaeed20000 - 0x00007ffaeef89000 	C:\WINDOWS\WinSxS\amd64_microsoft.windows.common-controls_6595b64144ccf1df_6.0.16299.547_none_15cdd76c936033f5\COMCTL32.dll
0x00007ffb04f20000 - 0x00007ffb05227000 	C:\WINDOWS\System32\combase.dll
0x00007ffb03dd0000 - 0x00007ffb03e42000 	C:\WINDOWS\System32\bcryptPrimitives.dll
0x00007ffb04ef0000 - 0x00007ffb04f1d000 	C:\WINDOWS\System32\IMM32.DLL
0x0000000059170000 - 0x0000000059242000 	C:\Program Files\Java\jdk1.8.0_131\jre\bin\msvcr100.dll
0x0000000056200000 - 0x0000000056a9c000 	C:\Program Files\Java\jdk1.8.0_131\jre\bin\server\jvm.dll
0x00007ffb03b20000 - 0x00007ffb03b43000 	C:\WINDOWS\System32\WINMM.dll
0x00007ffb039d0000 - 0x00007ffb039fa000 	C:\WINDOWS\System32\WINMMBASE.dll
0x00007ffb03ad0000 - 0x00007ffb03b1a000 	C:\WINDOWS\System32\cfgmgr32.dll
0x00007ffb05840000 - 0x00007ffb05848000 	C:\WINDOWS\System32\PSAPI.DLL
0x00007ffaf8050000 - 0x00007ffaf8059000 	C:\WINDOWS\SYSTEM32\WSOCK32.dll
0x00007ffb07740000 - 0x00007ffb077ac000 	C:\WINDOWS\System32\WS2_32.dll
0x00007ffaf8ae0000 - 0x00007ffaf8aea000 	C:\WINDOWS\SYSTEM32\VERSION.dll
0x0000000059160000 - 0x000000005916f000 	C:\Program Files\Java\jdk1.8.0_131\jre\bin\verify.dll
0x0000000059130000 - 0x0000000059159000 	C:\Program Files\Java\jdk1.8.0_131\jre\bin\java.dll
0x00000000590d0000 - 0x0000000059105000 	C:\Program Files\Java\jdk1.8.0_131\jre\bin\jdwp.dll
0x00000000590c0000 - 0x00000000590c8000 	C:\Program Files\Java\jdk1.8.0_131\jre\bin\npt.dll
0x0000000059110000 - 0x0000000059126000 	C:\Program Files\Java\jdk1.8.0_131\jre\bin\zip.dll
0x00007ffb06250000 - 0x00007ffb07688000 	C:\WINDOWS\System32\SHELL32.dll
0x00007ffb05e30000 - 0x00007ffb05ed6000 	C:\WINDOWS\System32\shcore.dll
0x00007ffb03e50000 - 0x00007ffb04597000 	C:\WINDOWS\System32\windows.storage.dll
0x00007ffb055c0000 - 0x00007ffb05611000 	C:\WINDOWS\System32\shlwapi.dll
0x00007ffb03990000 - 0x00007ffb039a1000 	C:\WINDOWS\System32\kernel.appcore.dll
0x00007ffb049b0000 - 0x00007ffb049fc000 	C:\WINDOWS\System32\powrprof.dll
0x00007ffb039b0000 - 0x00007ffb039cb000 	C:\WINDOWS\System32\profapi.dll
0x00000000590b0000 - 0x00000000590b9000 	C:\Program Files\Java\jdk1.8.0_131\jre\bin\dt_socket.dll
0x00007ffb031d0000 - 0x00007ffb03236000 	C:\WINDOWS\system32\mswsock.dll
0x0000000056060000 - 0x00000000561f8000 	C:\Program Files\Java\jdk1.8.0_131\jre\bin\awt.dll
0x00007ffb04e20000 - 0x00007ffb04ee5000 	C:\WINDOWS\System32\OLEAUT32.dll
0x00007ffb00f00000 - 0x00007ffb00f88000 	C:\WINDOWS\SYSTEM32\apphelp.dll
0x00007ffb01080000 - 0x00007ffb01115000 	C:\WINDOWS\system32\uxtheme.dll
0x00007ffb052c0000 - 0x00007ffb05427000 	C:\WINDOWS\System32\MSCTF.dll
0x00007ffb02270000 - 0x00007ffb0229a000 	C:\WINDOWS\system32\dwmapi.dll
0x00007ffb04c40000 - 0x00007ffb04d89000 	C:\WINDOWS\System32\ole32.dll
0x00007ffadfed0000 - 0x00007ffadffee000 	C:\WINDOWS\system32\opengl32.dll
0x00007ffadfe60000 - 0x00007ffadfe8c000 	C:\WINDOWS\SYSTEM32\GLU32.dll
0x0000000057360000 - 0x00000000573a7000 	C:\Program Files\Java\jdk1.8.0_131\jre\bin\fontmanager.dll
0x0000000058ec0000 - 0x0000000058eda000 	C:\Program Files\Java\jdk1.8.0_131\jre\bin\net.dll
0x00000000573b0000 - 0x00000000573c1000 	C:\Program Files\Java\jdk1.8.0_131\jre\bin\nio.dll
0x0000000057310000 - 0x0000000057352000 	C:\Program Files\Java\jdk1.8.0_131\jre\bin\t2k.dll
0x00007ffae92a0000 - 0x00007ffae9346000 	C:\WINDOWS\WinSxS\amd64_microsoft.windows.common-controls_6595b64144ccf1df_5.82.16299.547_none_8879fc984abab394\comctl32.dll
0x00007ffb077b0000 - 0x00007ffb0784e000 	C:\WINDOWS\System32\clbcatq.dll
0x00007ffaf7510000 - 0x00007ffaf76bb000 	C:\WINDOWS\SYSTEM32\WindowsCodecs.dll
0x00007ffadd970000 - 0x00007ffadd9bf000 	C:\WINDOWS\system32\dataexchange.dll
0x00007ffaffb70000 - 0x00007ffaffe52000 	C:\WINDOWS\system32\d3d11.dll
0x00007ffb04b00000 - 0x00007ffb04baf000 	C:\WINDOWS\System32\dxgi.dll
0x00007ffb00a10000 - 0x00007ffb00b52000 	C:\WINDOWS\system32\dcomp.dll
0x00007ffb023b0000 - 0x00007ffb0252b000 	C:\WINDOWS\system32\twinapi.appcore.dll
0x00007ffb02360000 - 0x00007ffb02380000 	C:\WINDOWS\system32\RMCLIENT.dll
0x00007ffb034a0000 - 0x00007ffb034c5000 	C:\WINDOWS\system32\bcrypt.dll
0x00007ffae54d0000 - 0x00007ffae5568000 	C:\WINDOWS\System32\TextInputFramework.dll
0x00007ffae88b0000 - 0x00007ffae8b9e000 	C:\WINDOWS\System32\CoreUIComponents.dll
0x00007ffb00420000 - 0x00007ffb004fc000 	C:\WINDOWS\System32\CoreMessaging.dll
0x00007ffb02a70000 - 0x00007ffb02aa1000 	C:\WINDOWS\SYSTEM32\ntmarta.dll
0x00007ffafef80000 - 0x00007ffaff0b6000 	C:\WINDOWS\SYSTEM32\wintypes.dll
0x00007ffad5690000 - 0x00007ffad5874000 	C:\WINDOWS\system32\SogouTSF.ime
0x00007ffaf9790000 - 0x00007ffaf9797000 	C:\WINDOWS\system32\MSIMG32.dll
0x00007ffad4040000 - 0x00007ffad4897000 	C:\WINDOWS\system32\SogouPy.ime
0x00007ffaf9720000 - 0x00007ffaf978e000 	C:\WINDOWS\SYSTEM32\OLEACC.dll
0x00007ffafea80000 - 0x00007ffafeb5e000 	C:\WINDOWS\SYSTEM32\WINHTTP.dll
0x0000000023d10000 - 0x0000000023df4000 	D:\software\sogoupinyin\8.9.0.2223\Resource.dll
0x00007ffaf3cd0000 - 0x00007ffaf3f37000 	D:\software\sogoupinyin\Components\PicFace\1.1.0.1819\PicFace64.dll
0x00007ffb05d20000 - 0x00007ffb05e2a000 	C:\WINDOWS\System32\COMDLG32.dll
0x00007ffae22d0000 - 0x00007ffae22e9000 	C:\WINDOWS\SYSTEM32\CLDAPI.dll
0x00007ffb03750000 - 0x00007ffb0375a000 	C:\WINDOWS\SYSTEM32\FLTLIB.DLL
0x00007ffae0f40000 - 0x00007ffae0fb1000 	C:\WINDOWS\SYSTEM32\AEPIC.dll
0x00007ffb033a0000 - 0x00007ffb033b7000 	C:\WINDOWS\SYSTEM32\cryptsp.dll
0x00007ffb01580000 - 0x00007ffb01731000 	C:\WINDOWS\system32\propsys.dll
0x00007ffadd210000 - 0x00007ffadd337000 	C:\WINDOWS\system32\NetworkExplorer.dll
0x00007ffaf06b0000 - 0x00007ffaf0ca4000 	C:\Windows\System32\OneCoreUAPCommonProxyStub.dll
0x00007ffae0b10000 - 0x00007ffae0b6b000 	C:\Windows\System32\thumbcache.dll
0x00007ffae25f0000 - 0x00007ffae260b000 	C:\WINDOWS\SYSTEM32\MPR.dll
0x00007ffae84a0000 - 0x00007ffae84ab000 	C:\WINDOWS\System32\drprov.dll
0x00007ffb02ae0000 - 0x00007ffb02b35000 	C:\WINDOWS\System32\WINSTA.dll
0x00007ffae8480000 - 0x00007ffae8496000 	C:\WINDOWS\System32\ntlanman.dll
0x00007ffad4d80000 - 0x00007ffad4d9c000 	C:\WINDOWS\System32\davclnt.dll
0x00007ffae8470000 - 0x00007ffae847c000 	C:\WINDOWS\System32\DAVHLPR.dll
0x00007ffafee40000 - 0x00007ffafee57000 	C:\WINDOWS\System32\wkscli.dll
0x00007ffade6f0000 - 0x00007ffade702000 	C:\WINDOWS\SYSTEM32\cscapi.dll
0x00007ffb03060000 - 0x00007ffb0306e000 	C:\WINDOWS\System32\netutils.dll
0x00007ffaf6930000 - 0x00007ffaf697a000 	C:\Windows\System32\dlnashext.dll
0x00007ffaf8140000 - 0x00007ffaf81a3000 	C:\Windows\System32\PlayToDevice.dll
0x00007ffafaea0000 - 0x00007ffafaebf000 	C:\Windows\System32\DevDispItemProvider.dll
0x00007ffafca00000 - 0x00007ffafca6f000 	C:\WINDOWS\System32\MMDevApi.dll
0x00007ffb03760000 - 0x00007ffb03787000 	C:\WINDOWS\System32\DEVOBJ.dll
0x00007ffacc890000 - 0x00007ffacca6f000 	C:\WINDOWS\system32\wpdshext.dll
0x00007ffaf93f0000 - 0x00007ffaf958c000 	C:\WINDOWS\WinSxS\amd64_microsoft.windows.gdiplus_6595b64144ccf1df_1.1.16299.547_none_46b8ca51edf2adc3\gdiplus.dll
0x00007ffb01470000 - 0x00007ffb01510000 	C:\Windows\System32\PortableDeviceApi.dll
0x00007ffb05850000 - 0x00007ffb05c9e000 	C:\WINDOWS\System32\SETUPAPI.dll
0x00007ffb04bb0000 - 0x00007ffb04c08000 	C:\WINDOWS\System32\WINTRUST.dll
0x00007ffb03970000 - 0x00007ffb03982000 	C:\WINDOWS\System32\MSASN1.dll
0x00007ffb04740000 - 0x00007ffb0490e000 	C:\WINDOWS\System32\CRYPT32.dll
0x00007ffafd6b0000 - 0x00007ffafd6e6000 	C:\Windows\System32\EhStorShell.dll
0x00007ffafa010000 - 0x00007ffafa035000 	C:\Windows\System32\EhStorAPI.dll
0x00007ffb01c80000 - 0x00007ffb01c93000 	C:\Windows\System32\WTSAPI32.dll
0x00007ffadbb20000 - 0x00007ffadbb30000 	C:\WINDOWS\SYSTEM32\LINKINFO.dll
0x00007ffafe3f0000 - 0x00007ffafe3fc000 	C:\WINDOWS\SYSTEM32\Secur32.dll
0x00007ffb03870000 - 0x00007ffb038a0000 	C:\WINDOWS\SYSTEM32\SSPICLI.DLL
0x00007ffafea60000 - 0x00007ffafea78000 	C:\WINDOWS\SYSTEM32\samcli.dll
0x00007ffb00d80000 - 0x00007ffb00da3000 	C:\WINDOWS\SYSTEM32\SAMLIB.dll
0x00007ffaf7960000 - 0x00007ffaf79da000 	C:\Program Files (x86)\360\360Safe\safemon\360UDiskGuard64.dll
0x00007ffaf8220000 - 0x00007ffaf82ba000 	C:\Program Files (x86)\Common Files\Adobe\CoreSyncExtension\CoreSync_x64.dll
0x00007ffafc8e0000 - 0x00007ffafc8f3000 	C:\Program Files\Microsoft Office 15\root\VFS\ProgramFilesCommonX64\Microsoft Shared\Office15\msoxev.dll
0x00000000572e0000 - 0x000000005730a000 	C:\Program Files\Java\jdk1.8.0_131\jre\bin\dcpr.dll
0x00007ffb02dd0000 - 0x00007ffb02e03000 	C:\WINDOWS\system32\rsaenh.dll
0x00007ffb038a0000 - 0x00007ffb038c9000 	C:\WINDOWS\SYSTEM32\USERENV.dll
0x00007ffb03390000 - 0x00007ffb0339b000 	C:\WINDOWS\SYSTEM32\CRYPTBASE.dll
0x00007ffb02f60000 - 0x00007ffb02f99000 	C:\WINDOWS\SYSTEM32\IPHLPAPI.DLL
0x00007ffb07850000 - 0x00007ffb07858000 	C:\WINDOWS\System32\NSI.dll
0x00007ffafce50000 - 0x00007ffafce66000 	C:\WINDOWS\SYSTEM32\dhcpcsvc6.DLL
0x00007ffafce30000 - 0x00007ffafce4a000 	C:\WINDOWS\SYSTEM32\dhcpcsvc.DLL
0x00007ffae59f0000 - 0x00007ffae5a4f000 	C:\Windows\System32\METISCJAVA.dll
0x00007ffad1a40000 - 0x00007ffad1ae6000 	C:\WINDOWS\SYSTEM32\MSVCP120.dll
0x00007ffb01850000 - 0x00007ffb0193f000 	C:\WINDOWS\SYSTEM32\MSVCR120.dll

VM Arguments:
jvm_args: -agentlib:jdwp=transport=dt_socket,address=127.0.0.1:8116,suspend=y,server=n -Dfile.encoding=UTF-8 
java_command: Pipe
java_class_path (initial): D:\Code\java\DSPNGraph\bin;C:\Program Files\Java\jdk1.8.0_131\jre\lib\charsets.jar;C:\Program Files\Java\jdk1.8.0_131\jre\lib\deploy.jar;C:\Program Files\Java\jdk1.8.0_131\jre\lib\ext\access-bridge-64.jar;C:\Program Files\Java\jdk1.8.0_131\jre\lib\ext\cldrdata.jar;C:\Program Files\Java\jdk1.8.0_131\jre\lib\ext\dnsns.jar;C:\Program Files\Java\jdk1.8.0_131\jre\lib\ext\jaccess.jar;C:\Program Files\Java\jdk1.8.0_131\jre\lib\ext\jfxrt.jar;C:\Program Files\Java\jdk1.8.0_131\jre\lib\ext\localedata.jar;C:\Program Files\Java\jdk1.8.0_131\jre\lib\ext\nashorn.jar;C:\Program Files\Java\jdk1.8.0_131\jre\lib\ext\sunec.jar;C:\Program Files\Java\jdk1.8.0_131\jre\lib\ext\sunjce_provider.jar;C:\Program Files\Java\jdk1.8.0_131\jre\lib\ext\sunmscapi.jar;C:\Program Files\Java\jdk1.8.0_131\jre\lib\ext\sunpkcs11.jar;C:\Program Files\Java\jdk1.8.0_131\jre\lib\ext\zipfs.jar;C:\Program Files\Java\jdk1.8.0_131\jre\lib\javaws.jar;C:\Program Files\Java\jdk1.8.0_131\jre\lib\jce.jar;C:\Program Files\Java\jdk1.8.0_131\jre\lib\jfr.jar;C:\Program Files\Java\jdk1.8.0_131\jre\lib\jfxswt.jar;C:\Program Files\Java\jdk1.8.0_131\jre\lib\jsse.jar;C:\Program Files\Java\jdk1.8.0_131\jre\lib\management-agent.jar;C:\Program Files\Java\jdk1.8.0_131\jre\lib\plugin.jar;C:\Program Files\Java\jdk1.8.0_131\jre\lib\resources.jar;C:\Program Files\Java\jdk1.8.0_131\jre\lib\rt.jar;D:\Code\java\DSPNGraph\lib\abbot.jar;D:\Code\java\DSPNGraph\lib\commons-logging-1.1.jar;D:\Code\java\DSPNGraph\lib\drmaa.jar;D:\Code\java\DSPNGraph\lib\hadoop-0.13.1-dev-core.jar;D:\Code\java\DSPNGraph\lib\Jama-1.0.2.jar;D:\Code\java\DSPNGraph\lib\jcommon-1.0.10.jar;D:\Code\java\DSPNGraph\lib\jfreechart-1.0.6-swt.jar;D:\Code\java\DSPNGraph\lib\jfreechart-1.0.6.jar;D:\Code\java\DSPNGraph\lib\jpowergraph-0.2-common.jar;D:\Code\java\DSPNGraph\lib\jpowergraph-0.2-swing.jar;D:\Code\java\DSPNGraph\lib\log4j-1.2.13.jar;D:\Code\java\DSPNGraph\lib\netcdf-4.2.jar;D:\Code\java\DSPNGraph\lib\poi-3.7-20101029.jar;D:\Code\java\D
Launcher Type: SUN_STANDARD

Environment Variables:
JAVA_HOME=C:\Program Files\Java\jdk1.8.0_131
CLASSPATH=D:\software\prti1516\lib\prti1516.jar;D:\software\prti1516\lib\hirestimer.jar;D:\software\prti1516\prti1516\lib\prti1516.jar;D:\software\prti1516\prti1516\lib\hirestimer.jar;D:\software\prti1516\lib\prti1516.jar;D:\software\prti1516\lib\hirestimer.jar;D:\software\prti1516\lib\prti1516.jar;D:\software\prti1516\lib\hirestimer.jar;.;C:\Program Files\Java\jdk1.8.0_131\lib\dt.jar;C:\Program Files\Java\jdk1.8.0_131\lib\tools.jar;C:\Program Files\apache-ant-1.10.2\lib;D:\LINGO64_17\Lingo17.jar
PATH=D:\software\prti1516\jre\bin\client;D:\software\prti1516\lib;D:\software\prti1516\lib\vc80;D:\software\prti1516\prti1516\jre\bin\client;D:\software\prti1516\prti1516\lib;D:\software\prti1516\prti1516\lib\vc80;D:\software\prti1516\jre\bin\client;D:\software\prti1516\lib;D:\software\prti1516\lib\vc80;D:\software\CTEX\UserData\miktex\bin;D:\software\CTEX\MiKTeX\miktex\bin;D:\software\CTEX\CTeX\ctex\bin;D:\software\CTEX\CTeX\cct\bin;D:\software\CTEX\CTeX\ty\bin;D:\software\CTEX\Ghostscript\gs9.05\bin;D:\software\CTEX\GSview\gsview;D:\software\CTEX\WinEdt;C:\Windows\System32;C:\Program Files\Java\jdk1.8.0_131\bin;C:\Program Files\Java\jdk1.8.0_131\jre\bin;D:\LINGO64_17\;D:\software\VC++\Tools\WinNT;D:\software\VC++\MSDev98\Bin;D:\software\VC++\Tools;D:\Code\C++\Tools\WinNT;D:\Code\C++\MSDev98\Bin;D:\Code\C++\Tools;D:\Code\VC98\bin;D:\Python\Scripts\;D:\Python\;C:\Users\Lenovo\AppData\Local\atom\bin;D:\software\;%USERPROFILE%\AppData\Local\Microsoft\WindowsApps;
USERNAME=Lenovo
OS=Windows_NT
PROCESSOR_IDENTIFIER=Intel64 Family 6 Model 78 Stepping 3, GenuineIntel



---------------  S Y S T E M  ---------------

OS: Windows 10.0 , 64 bit Build 16299 (10.0.16299.431)

CPU:total 4 (initial active 4) (2 cores per cpu, 2 threads per core) family 6 model 78 stepping 3, cmov, cx8, fxsr, mmx, sse, sse2, sse3, ssse3, sse4.1, sse4.2, popcnt, avx, avx2, clmul, erms, 3dnowpref, lzcnt, ht, tsc, tscinvbit, bmi1, bmi2, adx

Memory: 4k page, physical 12463132k(6251864k free), swap 14363676k(3349488k free)

vm_info: Java HotSpot(TM) 64-Bit Server VM (25.131-b11) for windows-amd64 JRE (1.8.0_131-b11), built on Mar 15 2017 01:23:53 by "java_re" with MS VC++ 10.0 (VS2010)

time: Mon Aug 13 16:58:35 2018
elapsed time: 17 seconds (0d 0h 0m 17s)

