#
# A fatal error has been detected by the Java Runtime Environment:
#
#  EXCEPTION_ACCESS_VIOLATION (0xc0000005) at pc=0x00007ff8814881a2, pid=2480, tid=0x0000000000002448
#
# JRE version: Java(TM) SE Runtime Environment (8.0_131-b11) (build 1.8.0_131-b11)
# Java VM: Java HotSpot(TM) 64-Bit Server VM (25.131-b11 mixed mode windows-amd64 compressed oops)
# Problematic frame:
# C  [MSVCP120.dll+0x281a2]
#
# Failed to write core dump. Minidumps are not enabled by default on client versions of Windows
#
# If you would like to submit a bug report, please visit:
#   http://bugreport.java.com/bugreport/crash.jsp
# The crash happened outside the Java Virtual Machine in native code.
# See problematic frame for where to report the bug.
#

---------------  T H R E A D  ---------------

Current thread (0x000000001e463000):  JavaThread "AWT-EventQueue-0" [_thread_in_native, id=9288, stack(0x000000001ee90000,0x000000001ef90000)]

siginfo: ExceptionCode=0xc0000005, reading address 0x0000000000000039

Registers:
RAX=0x0000000000000001, RBX=0x0000000000000000, RCX=0x0000000023a39040, RDX=0x000000001ef88810
RSP=0x000000001ef886b0, RBP=0x000000001ef88761, RSI=0x0000000000000001, RDI=0x000000001ef88810
R8 =0x000000001ef88811, R9 =0x000000001ef88720, R10=0x0000000000000000, R11=0x000000001ef88710
R12=0x0000000023a39040, R13=0x0000000023984100, R14=0x00007ff8814f8b20, R15=0x000000001ef887f0
RIP=0x00007ff8814881a2, EFLAGS=0x0000000000010287

Top of Stack: (sp=0x000000001ef886b0)
0x000000001ef886b0:   0000000000000000 0000000000000001
0x000000001ef886c0:   0000000023a39040 0000000000000000
0x000000001ef886d0:   0000000000000000 00007ff885bfd32c
0x000000001ef886e0:   000000001ef88820 000000000000003e
0x000000001ef886f0:   0000000023a395c0 0000000000000042
0x000000001ef88700:   0000000000000000 0000000000000000
0x000000001ef88710:   000000001ef888e0 fffffffffffffffe
0x000000001ef88720:   0000000000000000 00007ff885b53b84
0x000000001ef88730:   0000000000000001 000000000000000f
0x000000001ef88740:   00007ff8814f8b20 000000001ef88928
0x000000001ef88750:   0000000000000000 000000001ef887c8
0x000000001ef88760:   00000af3340f59c5 00007ff885b51bcb
0x000000001ef88770:   0000000023935de0 0000000023984100
0x000000001ef88780:   ffffffffffffffff 0000000000000052
0x000000001ef88790:   00007ff8814f8b20 000000001ef888e0
0x000000001ef887a0:   0000000000000026 00007ff88148f1bc 

Instructions: (pc=0x00007ff8814881a2)
0x00007ff881488182:   91 fe ff 90 4c 8d 4d bf 48 83 7d d7 10 4c 0f 43
0x00007ff881488192:   4d bf 49 8b 04 24 4c 8d 04 3e 48 8b d7 49 8b cc
0x00007ff8814881a2:   ff 50 38 48 8d 55 8f 49 8b ce e8 27 34 fe ff 90
0x00007ff8814881b2:   48 8b c8 e8 ba bb fe ff 4c 8b e0 48 8b 4d 8f 48 


Register to memory mapping:

RAX=0x0000000000000001 is an unknown value
RBX=0x0000000000000000 is an unknown value
RCX=0x0000000023a39040 is an unknown value
RDX=0x000000001ef88810 is pointing into the stack for thread: 0x000000001e463000
RSP=0x000000001ef886b0 is pointing into the stack for thread: 0x000000001e463000
RBP=0x000000001ef88761 is pointing into the stack for thread: 0x000000001e463000
RSI=0x0000000000000001 is an unknown value
RDI=0x000000001ef88810 is pointing into the stack for thread: 0x000000001e463000
R8 =0x000000001ef88811 is pointing into the stack for thread: 0x000000001e463000
R9 =0x000000001ef88720 is pointing into the stack for thread: 0x000000001e463000
R10=0x0000000000000000 is an unknown value
R11=0x000000001ef88710 is pointing into the stack for thread: 0x000000001e463000
R12=0x0000000023a39040 is an unknown value
R13=0x0000000023984100 is an unknown value
R14=0x00007ff8814f8b20 is an unknown value
R15=0x000000001ef887f0 is pointing into the stack for thread: 0x000000001e463000


Stack: [0x000000001ee90000,0x000000001ef90000],  sp=0x000000001ef886b0,  free space=993k
Native frames: (J=compiled Java code, j=interpreted, Vv=VM code, C=native code)
C  [MSVCP120.dll+0x281a2]
C  [MSVCP120.dll+0x2f1bc]
C  [MSVCP120.dll+0x1aca7]
C  [METISCJAVA.dll+0x13c1]