#
# A fatal error has been detected by the Java Runtime Environment:
#
#  EXCEPTION_ACCESS_VIOLATION (0xc0000005) at pc=0x00007ffa48cb81a2, pid=7496, tid=0x00000000000004e0
#
# JRE version: Java(TM) SE Runtime Environment (8.0_131-b11) (build 1.8.0_131-b11)
# Java VM: Java HotSpot(TM) 64-Bit Server VM (25.131-b11 mixed mode windows-amd64 compressed oops)
# Problematic frame:
# C  [MSVCP120.dll+0x281a2]
#
# Failed to write core dump. Minidumps are not enabled by default on client versions of Windows
#
# If you would like to submit a bug report, please visit:
#   http://bugreport.java.com/bugreport/crash.jsp
# The crash happened outside the Java Virtual Machine in native code.
# See problematic frame for where to report the bug.
#

---------------  T H R E A D  ---------------

Current thread (0x000000001e7ea800):  JavaThread "AWT-EventQueue-0" [_thread_in_native, id=1248, stack(0x000000001f200000,0x000000001f300000)]

siginfo: ExceptionCode=0xc0000005, reading address 0x0000000000000039

Registers:
RAX=0x0000000000000001, RBX=0x0000000000000000, RCX=0x000000002420d440, RDX=0x000000001f2f8c60
RSP=0x000000001f2f8b00, RBP=0x000000001f2f8bb1, RSI=0x0000000000000001, RDI=0x000000001f2f8c60
R8 =0x000000001f2f8c61, R9 =0x000000001f2f8b70, R10=0x0000000000000000, R11=0x000000001f2f8b60
R12=0x000000002420d440, R13=0x00000000241c0760, R14=0x00007ffa48d28b20, R15=0x000000001f2f8c40
RIP=0x00007ffa48cb81a2, EFLAGS=0x0000000000010287

Top of Stack: (sp=0x000000001f2f8b00)
0x000000001f2f8b00:   0000000000000000 0000000000000001
0x000000001f2f8b10:   000000002420d440 0000000000000000
0x000000001f2f8b20:   0000000000000000 00007ffa4e3fd32c
0x000000001f2f8b30:   000000001f2f8c20 000000000000003e
0x000000001f2f8b40:   000000002420d300 0000000000000042
0x000000001f2f8b50:   0000000000000000 0000000000000000
0x000000001f2f8b60:   000000001f2f8d30 fffffffffffffffe
0x000000001f2f8b70:   0000000000000000 00007ffa4e353b84
0x000000001f2f8b80:   0000000000000001 000000000000000f
0x000000001f2f8b90:   00007ffa48d28b20 000000001f2f8d78
0x000000001f2f8ba0:   0000000000000000 000000001f2f8c18
0x000000001f2f8bb0:   00006a3d6e61f6c2 00007ffa4e351bcb
0x000000001f2f8bc0:   0000000024171b80 00000000241c0760
0x000000001f2f8bd0:   ffffffffffffffff 0000000000000038
0x000000001f2f8be0:   00007ffa48d28b20 000000001f2f8d30
0x000000001f2f8bf0:   000000000000001a 00007ffa48cbf1bc 

Instructions: (pc=0x00007ffa48cb81a2)
0x00007ffa48cb8182:   91 fe ff 90 4c 8d 4d bf 48 83 7d d7 10 4c 0f 43
0x00007ffa48cb8192:   4d bf 49 8b 04 24 4c 8d 04 3e 48 8b d7 49 8b cc
0x00007ffa48cb81a2:   ff 50 38 48 8d 55 8f 49 8b ce e8 27 34 fe ff 90
0x00007ffa48cb81b2:   48 8b c8 e8 ba bb fe ff 4c 8b e0 48 8b 4d 8f 48 


Register to memory mapping:

RAX=0x0000000000000001 is an unknown value
RBX=0x0000000000000000 is an unknown value
RCX=0x000000002420d440 is an unknown value
RDX=0x000000001f2f8c60 is pointing into the stack for thread: 0x000000001e7ea800
RSP=0x000000001f2f8b00 is pointing into the stack for thread: 0x000000001e7ea800
RBP=0x000000001f2f8bb1 is pointing into the stack for thread: 0x000000001e7ea800
RSI=0x0000000000000001 is an unknown value
RDI=0x000000001f2f8c60 is pointing into the stack for thread: 0x000000001e7ea800
R8 =0x000000001f2f8c61 is pointing into the stack for thread: 0x000000001e7ea800
R9 =0x000000001f2f8b70 is pointing into the stack for thread: 0x000000001e7ea800
R10=0x0000000000000000 is an unknown value
R11=0x000000001f2f8b60 is pointing into the stack for thread: 0x000000001e7ea800
R12=0x000000002420d440 is an unknown value
R13=0x00000000241c0760 is an unknown value
R14=0x00007ffa48d28b20 is an unknown value
R15=0x000000001f2f8c40 is pointing into the stack for thread: 0x000000001e7ea800


Stack: [0x000000001f200000,0x000000001f300000],  sp=0x000000001f2f8b00,  free space=994k
Native frames: (J=compiled Java code, j=interpreted, Vv=VM code, C=native code)
C  [MSVCP120.dll+0x281a2]
C  [MSVCP120.dll+0x2f1bc]
C  [MSVCP120.dll+0x1aca7]
C  [METISCJAVA.dll+0x13c1]  DLL_API_METIS_PartGraphKway+0x151
C  [METISCJAVA.dll+0x1a52]