#
# A fatal error has been detected by the Java Runtime Environment:
#
#  EXCEPTION_ACCESS_VIOLATION (0xc0000005) at pc=0x00007ff88b1ded6a, pid=12512, tid=0x0000000000003470
#
# JRE version: Java(TM) SE Runtime Environment (8.0_131-b11) (build 1.8.0_131-b11)
# Java VM: Java HotSpot(TM) 64-Bit Server VM (25.131-b11 mixed mode windows-amd64 compressed oops)
# Problematic frame:
# C  [ntdll.dll+0x3ed6a]
[error occurred during error reporting (printing problematic frame), id 0xc0000005]

# Failed to write core dump. Minidumps are not enabled by default on client versions of Windows
#
# If you would like to submit a bug report, please visit:
#   http://bugreport.java.com/bugreport/crash.jsp
# The crash happened outside the Java Virtual Machine in native code.
# See problematic frame for where to report the bug.
#

---------------  T H R E A D  ---------------

Current thread (0x000000001ead7800):  JavaThread "AWT-EventQueue-0" [_thread_in_native, id=13424, stack(0x000000001f4f0000,0x000000001f5f0000)]

siginfo: ExceptionCode=0xc0000005, reading address 0x000000000000000a

Registers:
RAX=0x00000000246d5070, RBX=0x000000001f5e5e10, RCX=0x00000000000000d0, RDX=0xaf9ffba66d1f4734
RSP=0x000000001f5e5c20, RBP=0x00000000246d5150, RSI=0x00000000033f0000, RDI=0x00000000246d5140
R8 =0x00000000246d5150, R9 =0x000000001f5e5d49, R10=0x0000000000000000, R11=0x0000000000000246
R12=0x0000000000000000, R13=0x0000000000000000, R14=0x0000000000000000, R15=0x0000000000000002
RIP=0x00007ff88b1ded6a, EFLAGS=0x0000000000010202

Top of Stack: (sp=0x000000001f5e5c20)
0x000000001f5e5c20:   00001ea288ff7bbc 0000000022007f50
0x000000001f5e5c30:   000000001ead7800 0000000000000000
0x000000001f5e5c40:   0000000000000000 0000000000000c30
0x000000001f5e5c50:   000000001f5e5cf0 000000001f5e5d00
0x000000001f5e5c60:   000000001f5e5d49 00007ff88b1d25ed
0x000000001f5e5c70:   0000000000000000 0000000005b27aec
0x000000001f5e5c80:   00000007830f62f8 0000000005927f92
0x000000001f5e5c90:   000000001ead7800 0000000000000000
0x000000001f5e5ca0:   0000000000000000 00000000c000003a
0x000000001f5e5cb0:   0000000000000c30 00000000246d5150
0x000000001f5e5cc0:   000000001f5e5d49 00007ff887fd3101
0x000000001f5e5cd0:   000000001f5e5e10 0000000701c02470
0x000000001f5e5ce0:   000000001f5e64d0 0000000005a097d4
0x000000001f5e5cf0:   00000000007c007a 00000000246d5150
0x000000001f5e5d00:   0000000000000000 0000000000000000
0x000000001f5e5d10:   0000000000000000 0000000000000000 

Instructions: (pc=0x00007ff88b1ded6a)
0x00007ff88b1ded4a:   0f 85 3f b7 07 00 48 c1 e9 0c 48 8b c7 48 2b c1
0x00007ff88b1ded5a:   4c 8b 38 4d 85 ff 0f 84 29 b7 07 00 41 0f 0d 0f
0x00007ff88b1ded6a:   4d 8b 57 08 8b 47 0c c1 e8 08 44 0f b7 e0 49 8b
0x00007ff88b1ded7a:   07 4c 89 54 24 40 48 8b 08 41 8b 42 18 41 33 c2 


Register to memory mapping:

RAX=0x00000000246d5070 is an unknown value
RBX=0x000000001f5e5e10 is pointing into the stack for thread: 0x000000001ead7800
RCX=0x00000000000000d0 is an unknown value
RDX=0xaf9ffba66d1f4734 is an unknown value
RSP=0x000000001f5e5c20 is pointing into the stack for thread: 0x000000001ead7800
RBP=0x00000000246d5150 is an unknown value
RSI=0x00000000033f0000 is an unknown value
RDI=0x00000000246d5140 is an unknown value
R8 =0x00000000246d5150 is an unknown value
R9 =0x000000001f5e5d49 is pointing into the stack for thread: 0x000000001ead7800
R10=0x0000000000000000 is an unknown value
R11=0x0000000000000246 is an unknown value
R12=0x0000000000000000 is an unknown value
R13=0x0000000000000000 is an unknown value
R14=0x0000000000000000 is an unknown value
R15=0x0000000000000002 is an unknown value


Stack: [0x000000001f4f0000,0x000000001f5f0000],  sp=0x000000001f5e5c20,  free space=983k
Native frames: (J=compiled Java code, j=interpreted, Vv=VM code, C=native code)
C  [ntdll.dll+0x3ed6a]
[error occurred during error reporting (printing native stack), id 0xc0000005]

Java frames: (J=compiled Java code, j=interpreted, Vv=VM code)
J 324  java.io.WinNTFileSystem.getBooleanAttributes(Ljava/io/File;)I (0 bytes) @ 0x00000000059103cf [0x0000000005910380+0x4f]
J 1016 C1 java.io.File.exists()Z (43 bytes) @ 0x0000000005b128dc [0x0000000005b12620+0x2bc]
J 2788 C1 sun.misc.URLClassPath$FileLoader.getResource(Ljava/lang/String;Z)Lsun/misc/Resource; (164 bytes) @ 0x000000000602a5f4 [0x0000000006029240+0x13b4]
J 606 C1 sun.misc.URLClassPath.getResource(Ljava/lang/String;Z)Lsun/misc/Resource; (83 bytes) @ 0x00000000059d254c [0x00000000059d23e0+0x16c]
J 1023 C1 java.net.URLClassLoader$1.run()Ljava/lang/Class; (63 bytes) @ 0x0000000005b1534c [0x0000000005b15120+0x22c]
J 1022 C1 java.net.URLClassLoader$1.run()Ljava/lang/Object; (5 bytes) @ 0x0000000005b14d8c [0x0000000005b14d00+0x8c]
v  ~StubRoutines::call_stub
J 607  java.security.AccessController.doPrivileged(Ljava/security/PrivilegedExceptionAction;Ljava/security/AccessControlContext;)Ljava/lang/Object; (0 bytes) @ 0x00000000059cdfa6 [0x00000000059cdf40+0x66]
J 1020 C1 java.net.URLClassLoader.findClass(Ljava/lang/String;)Ljava/lang/Class; (47 bytes) @ 0x0000000005b14114 [0x0000000005b13f80+0x194]
J 345 C1 java.lang.ClassLoader.loadClass(Ljava/lang/String;Z)Ljava/lang/Class; (122 bytes) @ 0x000000000591f4f4 [0x000000000591eb80+0x974]
J 1012 C1 sun.misc.Launcher$AppClassLoader.loadClass(Ljava/lang/String;Z)Ljava/lang/Class; (85 bytes) @ 0x0000000005b1054c [0x0000000005b0fb80+0x9cc]
J 452 C1 java.lang.ClassLoader.loadClass(Ljava/lang/String;)Ljava/lang/Class; (7 bytes) @ 0x0000000005976b0c [0x0000000005976a00+0x10c]
v  ~StubRoutines::call_stub
j  pipe.hla.SimDSPNModule.hlasimulation.ParallelSimulation.partitionMain()V+39
j  pipe.hla.SimDSPNModule.hlasimulation.ParallelSimulation$1.actionPerformed(Ljava/awt/event/ActionEvent;)V+62
j  javax.swing.AbstractButton.fireActionPerformed(Ljava/awt/event/ActionEvent;)V+83
j  javax.swing.AbstractButton$Handler.actionPerformed(Ljava/awt/event/ActionEvent;)V+5
j  javax.swing.DefaultButtonModel.fireActionPerformed(Ljava/awt/event/ActionEvent;)V+34
j  javax.swing.DefaultButtonModel.setPressed(Z)V+117
j  javax.swing.plaf.basic.BasicButtonListener.mouseReleased(Ljava/awt/event/MouseEvent;)V+35
j  java.awt.Component.processMouseEvent(Ljava/awt/event/MouseEvent;)V+64
j  javax.swing.JComponent.processMouseEvent(Ljava/awt/event/MouseEvent;)V+23
J 1450 C1 java.awt.Component.processEvent(Ljava/awt/AWTEvent;)V (220 bytes) @ 0x0000000005c34404 [0x0000000005c33ee0+0x524]
J 1711 C1 java.awt.Container.processEvent(Ljava/awt/AWTEvent;)V (22 bytes) @ 0x0000000005d0474c [0x0000000005d04420+0x32c]
J 1438 C1 java.awt.Component.dispatchEventImpl(Ljava/awt/AWTEvent;)V (883 bytes) @ 0x0000000005c2766c [0x0000000005c22140+0x552c]
J 1307 C1 java.awt.Container.dispatchEventImpl(Ljava/awt/AWTEvent;)V (129 bytes) @ 0x0000000005bb9c8c [0x0000000005bb9b40+0x14c]
J 1467 C1 java.awt.LightweightDispatcher.retargetMouseEvent(Ljava/awt/Component;ILjava/awt/event/MouseEvent;)V (350 bytes) @ 0x0000000005c432ec [0x0000000005c40d80+0x256c]
J 1800 C1 java.awt.LightweightDispatcher.processMouseEvent(Ljava/awt/event/MouseEvent;)Z (286 bytes) @ 0x0000000005d3d404 [0x0000000005d3bcc0+0x1744]
J 1441 C1 java.awt.LightweightDispatcher.dispatchEvent(Ljava/awt/AWTEvent;)Z (73 bytes) @ 0x0000000005c2febc [0x0000000005c2fa80+0x43c]
J 1307 C1 java.awt.Container.dispatchEventImpl(Ljava/awt/AWTEvent;)V (129 bytes) @ 0x0000000005bb9c2c [0x0000000005bb9b40+0xec]
J 1830 C1 java.awt.Window.dispatchEventImpl(Ljava/awt/AWTEvent;)V (23 bytes) @ 0x0000000005d49764 [0x0000000005d49180+0x5e4]
J 3413 C1 java.awt.EventQueue.dispatchEventImpl(Ljava/awt/AWTEvent;Ljava/lang/Object;)V (149 bytes) @ 0x000000000623a4bc [0x0000000006238c40+0x187c]
J 1449 C1 java.awt.EventQueue$3.run()Ljava/lang/Void; (60 bytes) @ 0x0000000005c3375c [0x0000000005c33540+0x21c]
J 1320 C1 java.awt.EventQueue$3.run()Ljava/lang/Object; (5 bytes) @ 0x0000000005bc7f8c [0x0000000005bc7f00+0x8c]
v  ~StubRoutines::call_stub
J 902  java.security.AccessController.doPrivileged(Ljava/security/PrivilegedAction;Ljava/security/AccessControlContext;)Ljava/lang/Object; (0 bytes) @ 0x0000000005ac2166 [0x0000000005ac2100+0x66]
J 1455 C1 java.awt.EventQueue$4.run()Ljava/lang/Object; (5 bytes) @ 0x0000000005c3bd74 [0x0000000005c3b940+0x434]
v  ~StubRoutines::call_stub
J 902  java.security.AccessController.doPrivileged(Ljava/security/PrivilegedAction;Ljava/security/AccessControlContext;)Ljava/lang/Object; (0 bytes) @ 0x0000000005ac2166 [0x0000000005ac2100+0x66]
J 1318 C1 java.awt.EventQueue.dispatchEvent(Ljava/awt/AWTEvent;)V (80 bytes) @ 0x0000000005bc6abc [0x0000000005bc5c00+0xebc]
J 1451 C1 java.awt.EventDispatchThread.pumpOneEventForFilters(I)V (295 bytes) @ 0x0000000005c37acc [0x0000000005c35f40+0x1b8c]
j  java.awt.EventDispatchThread.pumpEventsForFilter(ILjava/awt/Conditional;Ljava/awt/EventFilter;)V+35
j  java.awt.EventDispatchThread.pumpEventsForFilter(Ljava/awt/Conditional;Ljava/awt/EventFilter;)V+4
j  java.awt.WaitDispatchSupport$2.run()V+59
j  java.awt.WaitDispatchSupport$4.run()Ljava/lang/Void;+4
j  java.awt.WaitDispatchSupport$4.run()Ljava/lang/Object;+1
v  ~StubRoutines::call_stub
J 417  java.security.AccessController.doPrivileged(Ljava/security/PrivilegedAction;)Ljava/lang/Object; (0 bytes) @ 0x0000000005950fd2 [0x0000000005950f80+0x52]
j  java.awt.WaitDispatchSupport.enter()Z+279
j  java.awt.Dialog.show()V+233
j  java.awt.Component.show(Z)V+5
j  java.awt.Component.setVisible(Z)V+2
j  java.awt.Window.setVisible(Z)V+2
j  java.awt.Dialog.setVisible(Z)V+2
j  pipe.hla.SimDSPNModule.hlasimulation.ParallelSimulation.start()V+322
v  ~StubRoutines::call_stub
j  sun.reflect.NativeMethodAccessorImpl.invoke0(Ljava/lang/reflect/Method;Ljava/lang/Object;[Ljava/lang/Object;)Ljava/lang/Object;+0
j  sun.reflect.NativeMethodAccessorImpl.invoke(Ljava/lang/Object;[Ljava/lang/Object;)Ljava/lang/Object;+100
J 889 C1 sun.reflect.DelegatingMethodAccessorImpl.invoke(Ljava/lang/Object;[Ljava/lang/Object;)Ljava/lang/Object; (10 bytes) @ 0x0000000005abd50c [0x0000000005abd400+0x10c]
J 888 C1 java.lang.reflect.Method.invoke(Ljava/lang/Object;[Ljava/lang/Object;)Ljava/lang/Object; (62 bytes) @ 0x0000000005abdcb4 [0x0000000005abd8c0+0x3f4]
j  pipe.gui.ModuleMethod.execute()V+30
j  pipe.gui.ModuleManager$TreeHandler.mouseClicked(Ljava/awt/event/MouseEvent;)V+89
j  java.awt.AWTEventMulticaster.mouseClicked(Ljava/awt/event/MouseEvent;)V+21
j  java.awt.Component.processMouseEvent(Ljava/awt/event/MouseEvent;)V+74
j  javax.swing.JComponent.processMouseEvent(Ljava/awt/event/MouseEvent;)V+23
J 1450 C1 java.awt.Component.processEvent(Ljava/awt/AWTEvent;)V (220 bytes) @ 0x0000000005c34404 [0x0000000005c33ee0+0x524]
J 1711 C1 java.awt.Container.processEvent(Ljava/awt/AWTEvent;)V (22 bytes) @ 0x0000000005d0474c [0x0000000005d04420+0x32c]
J 1438 C1 java.awt.Component.dispatchEventImpl(Ljava/awt/AWTEvent;)V (883 bytes) @ 0x0000000005c2766c [0x0000000005c22140+0x552c]
J 1307 C1 java.awt.Container.dispatchEventImpl(Ljava/awt/AWTEvent;)V (129 bytes) @ 0x0000000005bb9c8c [0x0000000005bb9b40+0x14c]
J 1467 C1 java.awt.LightweightDispatcher.retargetMouseEvent(Ljava/awt/Component;ILjava/awt/event/MouseEvent;)V (350 bytes) @ 0x0000000005c432ec [0x0000000005c40d80+0x256c]
J 1800 C1 java.awt.LightweightDispatcher.processMouseEvent(Ljava/awt/event/MouseEvent;)Z (286 bytes) @ 0x0000000005d3d51c [0x0000000005d3bcc0+0x185c]
J 1441 C1 java.awt.LightweightDispatcher.dispatchEvent(Ljava/awt/AWTEvent;)Z (73 bytes) @ 0x0000000005c2febc [0x0000000005c2fa80+0x43c]
J 1307 C1 java.awt.Container.dispatchEventImpl(Ljava/awt/AWTEvent;)V (129 bytes) @ 0x0000000005bb9c2c [0x0000000005bb9b40+0xec]
J 1830 C1 java.awt.Window.dispatchEventImpl(Ljava/awt/AWTEvent;)V (23 bytes) @ 0x0000000005d49764 [0x0000000005d49180+0x5e4]
J 3413 C1 java.awt.EventQueue.dispatchEventImpl(Ljava/awt/AWTEvent;Ljava/lang/Object;)V (149 bytes) @ 0x000000000623a4bc [0x0000000006238c40+0x187c]
J 1449 C1 java.awt.EventQueue$3.run()Ljava/lang/Void; (60 bytes) @ 0x0000000005c3375c [0x0000000005c33540+0x21c]
J 1320 C1 java.awt.EventQueue$3.run()Ljava/lang/Object; (5 bytes) @ 0x0000000005bc7f8c [0x0000000005bc7f00+0x8c]
v  ~StubRoutines::call_stub
J 902  java.security.AccessController.doPrivileged(Ljava/security/PrivilegedAction;Ljava/security/AccessControlContext;)Ljava/lang/Object; (0 bytes) @ 0x0000000005ac2166 [0x0000000005ac2100+0x66]
J 1455 C1 java.awt.EventQueue$4.run()Ljava/lang/Object; (5 bytes) @ 0x0000000005c3bd74 [0x0000000005c3b940+0x434]
v  ~StubRoutines::call_stub
J 902  java.security.AccessController.doPrivileged(Ljava/security/PrivilegedAction;Ljava/security/AccessControlContext;)Ljava/lang/Object; (0 bytes) @ 0x0000000005ac2166 [0x0000000005ac2100+0x66]
J 1318 C1 java.awt.EventQueue.dispatchEvent(Ljava/awt/AWTEvent;)V (80 bytes) @ 0x0000000005bc6abc [0x0000000005bc5c00+0xebc]
J 1451 C1 java.awt.EventDispatchThread.pumpOneEventForFilters(I)V (295 bytes) @ 0x0000000005c37acc [0x0000000005c35f40+0x1b8c]
j  java.awt.EventDispatchThread.pumpEventsForFilter(ILjava/awt/Conditional;Ljava/awt/EventFilter;)V+35
j  java.awt.EventDispatchThread.pumpEventsForHierarchy(ILjava/awt/Conditional;Ljava/awt/Component;)V+11
j  java.awt.EventDispatchThread.pumpEvents(ILjava/awt/Conditional;)V+4
j  java.awt.EventDispatchThread.pumpEvents(Ljava/awt/Conditional;)V+3
j  java.awt.EventDispatchThread.run()V+9
v  ~StubRoutines::call_stub

---------------  P R O C E S S  ---------------

Java Threads: ( => current thread )
  0x000000002151f800 JavaThread "Swing-Shell" daemon [_thread_blocked, id=2472, stack(0x0000000026660000,0x0000000026760000)]
  0x000000001ee4d000 JavaThread "TimerQueue" daemon [_thread_blocked, id=8620, stack(0x000000001faf0000,0x000000001fbf0000)]
  0x0000000005653800 JavaThread "DestroyJavaVM" [_thread_blocked, id=10764, stack(0x0000000005440000,0x0000000005540000)]
=>0x000000001ead7800 JavaThread "AWT-EventQueue-0" [_thread_in_native, id=13424, stack(0x000000001f4f0000,0x000000001f5f0000)]
  0x000000001ead4000 JavaThread "AWT-Windows" daemon [_thread_in_native, id=6108, stack(0x000000001f320000,0x000000001f420000)]
  0x000000001ead1000 JavaThread "AWT-Shutdown" [_thread_blocked, id=3976, stack(0x000000001f220000,0x000000001f320000)]
  0x000000001eacd800 JavaThread "Java2D Disposer" daemon [_thread_blocked, id=13056, stack(0x000000001f120000,0x000000001f220000)]
  0x000000001def2800 JavaThread "Service Thread" daemon [_thread_blocked, id=12508, stack(0x000000001e680000,0x000000001e780000)]
  0x000000001de77000 JavaThread "C1 CompilerThread2" daemon [_thread_blocked, id=12180, stack(0x000000001e580000,0x000000001e680000)]
  0x000000001de1b000 JavaThread "C2 CompilerThread1" daemon [_thread_blocked, id=7708, stack(0x000000001e480000,0x000000001e580000)]
  0x000000001de6a800 JavaThread "C2 CompilerThread0" daemon [_thread_blocked, id=14184, stack(0x000000001e380000,0x000000001e480000)]
  0x000000001de26800 JavaThread "Monitor Ctrl-Break" daemon [_thread_in_native, id=3176, stack(0x000000001e280000,0x000000001e380000)]
  0x000000001c82e800 JavaThread "Attach Listener" daemon [_thread_blocked, id=7544, stack(0x000000001e180000,0x000000001e280000)]
  0x000000001dc88800 JavaThread "Signal Dispatcher" daemon [_thread_blocked, id=6784, stack(0x000000001e080000,0x000000001e180000)]
  0x000000001c7ba000 JavaThread "Finalizer" daemon [_thread_blocked, id=13272, stack(0x000000001da20000,0x000000001db20000)]
  0x0000000005744000 JavaThread "Reference Handler" daemon [_thread_blocked, id=10256, stack(0x000000001d920000,0x000000001da20000)]

Other Threads:
  0x000000001c798000 VMThread [stack: 0x000000001d820000,0x000000001d920000] [id=6176]
  0x000000001df7e000 WatcherThread [stack: 0x000000001e780000,0x000000001e880000] [id=14268]

VM state:not at safepoint (normal execution)

VM Mutex/Monitor currently owned by a thread: None

Heap:
 PSYoungGen      total 57344K, used 41139K [0x0000000780980000, 0x0000000787980000, 0x00000007c0000000)
  eden space 49152K, 83% used [0x0000000780980000,0x00000007831acd10,0x0000000783980000)
  from space 8192K, 0% used [0x0000000783980000,0x0000000783980000,0x0000000784180000)
  to   space 8192K, 0% used [0x0000000787180000,0x0000000787180000,0x0000000787980000)
 ParOldGen       total 89088K, used 15618K [0x0000000701c00000, 0x0000000707300000, 0x0000000780980000)
  object space 89088K, 17% used [0x0000000701c00000,0x0000000702b40b50,0x0000000707300000)
 Metaspace       used 24786K, capacity 25246K, committed 25600K, reserved 1071104K
  class space    used 3128K, capacity 3238K, committed 3328K, reserved 1048576K

Card table byte_map: [0x0000000014b10000,0x0000000015110000] byte_map_base: 0x0000000011302000

Marking Bits: (ParMarkBitMap*) 0x00000000684bc720
 Begin Bits: [0x0000000015910000, 0x00000000188a0000)
 End Bits:   [0x00000000188a0000, 0x000000001b830000)

Polling page: 0x0000000000ff0000

CodeCache: size=245760Kb used=11942Kb max_used=12343Kb free=233817Kb
 bounds [0x0000000005750000, 0x0000000006370000, 0x0000000014750000]
 total_blobs=4271 nmethods=3681 adapters=501
 compilation: enabled

Compilation events (10 events):
Event: 9.120 Thread 0x000000001de77000 nmethod 3801 0x00000000059b27d0 code [0x00000000059b2920, 0x00000000059b2a30]
Event: 9.121 Thread 0x000000001de77000 3804       1       pipe.hla.SimDSPNModule.basemodel.EdgeNode::getSameSourceNext (5 bytes)
Event: 9.121 Thread 0x000000001de77000 nmethod 3804 0x0000000005a1e290 code [0x0000000005a1e3e0, 0x0000000005a1e4f0]
Event: 9.122 Thread 0x000000001de77000 3805       1       pipe.hla.SimDSPNModule.basemodel.EdgeNode::getSameTargetNext (5 bytes)
Event: 9.122 Thread 0x000000001de77000 nmethod 3805 0x0000000005bb6c90 code [0x0000000005bb6de0, 0x0000000005bb6ef0]
Event: 9.132 Thread 0x000000001de77000 3806       3       pipe.hla.SimDSPNModule.basemodel.OLGraph::getVexNodeByName (59 bytes)
Event: 9.134 Thread 0x000000001de77000 nmethod 3806 0x000000000597c950 code [0x000000000597cb80, 0x000000000597d648]
Event: 9.135 Thread 0x000000001de77000 3812       3       sun.nio.cs.UTF_8$Encoder::encodeArrayLoop (489 bytes)
Event: 9.141 Thread 0x000000001de77000 nmethod 3812 0x0000000005a47d50 code [0x0000000005a482c0, 0x0000000005a4b948]
Event: 9.141 Thread 0x000000001de77000 3807       3       sun.nio.cs.StreamEncoder::implWrite (156 bytes)

GC Heap History (8 events):
Event: 3.066 GC heap before
{Heap before GC invocations=1 (full 0):
 PSYoungGen      total 57344K, used 49152K [0x0000000780980000, 0x0000000784980000, 0x00000007c0000000)
  eden space 49152K, 100% used [0x0000000780980000,0x0000000783980000,0x0000000783980000)
  from space 8192K, 0% used [0x0000000784180000,0x0000000784180000,0x0000000784980000)
  to   space 8192K, 0% used [0x0000000783980000,0x0000000783980000,0x0000000784180000)
 ParOldGen       total 131072K, used 0K [0x0000000701c00000, 0x0000000709c00000, 0x0000000780980000)
  object space 131072K, 0% used [0x0000000701c00000,0x0000000701c00000,0x0000000709c00000)
 Metaspace       used 15780K, capacity 15998K, committed 16384K, reserved 1062912K
  class space    used 2100K, capacity 2194K, committed 2304K, reserved 1048576K
Event: 3.094 GC heap after
Heap after GC invocations=1 (full 0):
 PSYoungGen      total 57344K, used 8174K [0x0000000780980000, 0x0000000784980000, 0x00000007c0000000)
  eden space 49152K, 0% used [0x0000000780980000,0x0000000780980000,0x0000000783980000)
  from space 8192K, 99% used [0x0000000783980000,0x000000078417bba8,0x0000000784180000)
  to   space 8192K, 0% used [0x0000000784180000,0x0000000784180000,0x0000000784980000)
 ParOldGen       total 131072K, used 13002K [0x0000000701c00000, 0x0000000709c00000, 0x0000000780980000)
  object space 131072K, 9% used [0x0000000701c00000,0x00000007028b29b8,0x0000000709c00000)
 Metaspace       used 15780K, capacity 15998K, committed 16384K, reserved 1062912K
  class space    used 2100K, capacity 2194K, committed 2304K, reserved 1048576K
}
Event: 5.701 GC heap before
{Heap before GC invocations=2 (full 0):
 PSYoungGen      total 57344K, used 57326K [0x0000000780980000, 0x0000000784980000, 0x00000007c0000000)
  eden space 49152K, 100% used [0x0000000780980000,0x0000000783980000,0x0000000783980000)
  from space 8192K, 99% used [0x0000000783980000,0x000000078417bba8,0x0000000784180000)
  to   space 8192K, 0% used [0x0000000784180000,0x0000000784180000,0x0000000784980000)
 ParOldGen       total 131072K, used 13002K [0x0000000701c00000, 0x0000000709c00000, 0x0000000780980000)
  object space 131072K, 9% used [0x0000000701c00000,0x00000007028b29b8,0x0000000709c00000)
 Metaspace       used 19945K, capacity 20208K, committed 20480K, reserved 1067008K
  class space    used 2650K, capacity 2749K, committed 2816K, reserved 1048576K
Event: 5.708 GC heap after
Heap after GC invocations=2 (full 0):
 PSYoungGen      total 57344K, used 8188K [0x0000000780980000, 0x0000000784980000, 0x00000007c0000000)
  eden space 49152K, 0% used [0x0000000780980000,0x0000000780980000,0x0000000783980000)
  from space 8192K, 99% used [0x0000000784180000,0x000000078497f340,0x0000000784980000)
  to   space 8192K, 0% used [0x0000000783980000,0x0000000783980000,0x0000000784180000)
 ParOldGen       total 131072K, used 15667K [0x0000000701c00000, 0x0000000709c00000, 0x0000000780980000)
  object space 131072K, 11% used [0x0000000701c00000,0x0000000702b4cc48,0x0000000709c00000)
 Metaspace       used 19945K, capacity 20208K, committed 20480K, reserved 1067008K
  class space    used 2650K, capacity 2749K, committed 2816K, reserved 1048576K
}
Event: 5.763 GC heap before
{Heap before GC invocations=3 (full 0):
 PSYoungGen      total 57344K, used 12267K [0x0000000780980000, 0x0000000784980000, 0x00000007c0000000)
  eden space 49152K, 8% used [0x0000000780980000,0x0000000780d7b8c0,0x0000000783980000)
  from space 8192K, 99% used [0x0000000784180000,0x000000078497f340,0x0000000784980000)
  to   space 8192K, 0% used [0x0000000783980000,0x0000000783980000,0x0000000784180000)
 ParOldGen       total 131072K, used 15667K [0x0000000701c00000, 0x0000000709c00000, 0x0000000780980000)
  object space 131072K, 11% used [0x0000000701c00000,0x0000000702b4cc48,0x0000000709c00000)
 Metaspace       used 20779K, capacity 21058K, committed 21248K, reserved 1067008K
  class space    used 2737K, capacity 2815K, committed 2816K, reserved 1048576K
Event: 5.767 GC heap after
Heap after GC invocations=3 (full 0):
 PSYoungGen      total 57344K, used 8191K [0x0000000780980000, 0x0000000787980000, 0x00000007c0000000)
  eden space 49152K, 0% used [0x0000000780980000,0x0000000780980000,0x0000000783980000)
  from space 8192K, 99% used [0x0000000783980000,0x000000078417fdf8,0x0000000784180000)
  to   space 8192K, 0% used [0x0000000787180000,0x0000000787180000,0x0000000787980000)
 ParOldGen       total 131072K, used 15929K [0x0000000701c00000, 0x0000000709c00000, 0x0000000780980000)
  object space 131072K, 12% used [0x0000000701c00000,0x0000000702b8e7f0,0x0000000709c00000)
 Metaspace       used 20779K, capacity 21058K, committed 21248K, reserved 1067008K
  class space    used 2737K, capacity 2815K, committed 2816K, reserved 1048576K
}
Event: 5.767 GC heap before
{Heap before GC invocations=4 (full 1):
 PSYoungGen      total 57344K, used 8191K [0x0000000780980000, 0x0000000787980000, 0x00000007c0000000)
  eden space 49152K, 0% used [0x0000000780980000,0x0000000780980000,0x0000000783980000)
  from space 8192K, 99% used [0x0000000783980000,0x000000078417fdf8,0x0000000784180000)
  to   space 8192K, 0% used [0x0000000787180000,0x0000000787180000,0x0000000787980000)
 ParOldGen       total 131072K, used 15929K [0x0000000701c00000, 0x0000000709c00000, 0x0000000780980000)
  object space 131072K, 12% used [0x0000000701c00000,0x0000000702b8e7f0,0x0000000709c00000)
 Metaspace       used 20779K, capacity 21058K, committed 21248K, reserved 1067008K
  class space    used 2737K, capacity 2815K, committed 2816K, reserved 1048576K
Event: 5.799 GC heap after
Heap after GC invocations=4 (full 1):
 PSYoungGen      total 57344K, used 0K [0x0000000780980000, 0x0000000787980000, 0x00000007c0000000)
  eden space 49152K, 0% used [0x0000000780980000,0x0000000780980000,0x0000000783980000)
  from space 8192K, 0% used [0x0000000783980000,0x0000000783980000,0x0000000784180000)
  to   space 8192K, 0% used [0x0000000787180000,0x0000000787180000,0x0000000787980000)
 ParOldGen       total 89088K, used 15618K [0x0000000701c00000, 0x0000000707300000, 0x0000000780980000)
  object space 89088K, 17% used [0x0000000701c00000,0x0000000702b40b50,0x0000000707300000)
 Metaspace       used 20779K, capacity 21058K, committed 21248K, reserved 1067008K
  class space    used 2737K, capacity 2815K, committed 2816K, reserved 1048576K
}

Deoptimization events (10 events):
Event: 7.800 Thread 0x000000001ead7800 Uncommon trap: reason=class_check action=maybe_recompile pc=0x00000000059fdec0 method=java.util.HashMap.putVal(ILjava/lang/Object;Ljava/lang/Object;ZZ)Ljava/lang/Object; @ 253
Event: 8.035 Thread 0x000000001ead7800 Uncommon trap: reason=class_check action=maybe_recompile pc=0x0000000006294d08 method=java.awt.Component.setFocusTraversalKeys_NoIDCheck(ILjava/util/Set;)V @ 13
Event: 8.035 Thread 0x000000001ead7800 Uncommon trap: reason=class_check action=maybe_recompile pc=0x0000000006294800 method=java.awt.Component.setFocusTraversalKeys_NoIDCheck(ILjava/util/Set;)V @ 200
Event: 8.035 Thread 0x000000001ead7800 Uncommon trap: reason=class_check action=maybe_recompile pc=0x0000000006162378 method=javax.swing.plaf.basic.BasicTextUI.propertyChange(Ljava/beans/PropertyChangeEvent;)V @ 29
Event: 8.035 Thread 0x000000001ead7800 Uncommon trap: reason=class_check action=maybe_recompile pc=0x0000000006294800 method=java.awt.Component.setFocusTraversalKeys_NoIDCheck(ILjava/util/Set;)V @ 200
Event: 8.035 Thread 0x000000001ead7800 Uncommon trap: reason=class_check action=maybe_recompile pc=0x0000000006294800 method=java.awt.Component.setFocusTraversalKeys_NoIDCheck(ILjava/util/Set;)V @ 200
Event: 8.049 Thread 0x000000001ead7800 Uncommon trap: reason=unstable_if action=reinterpret pc=0x0000000006124298 method=java.lang.String.regionMatches(ZILjava/lang/String;II)Z @ 123
Event: 8.082 Thread 0x000000001ead7800 Uncommon trap: reason=class_check action=maybe_recompile pc=0x000000000613fd20 method=java.awt.Container.validate()V @ 35
Event: 8.090 Thread 0x000000001ead7800 Uncommon trap: reason=unstable_if action=reinterpret pc=0x000000000613f678 method=java.awt.Container.validate()V @ 19
Event: 8.596 Thread 0x000000001ead7800 Uncommon trap: reason=unstable_if action=reinterpret pc=0x0000000005d30f54 method=java.awt.Container.findComponentAtImpl(IIZ)Ljava/awt/Component; @ 24

Internal exceptions (10 events):
Event: 0.283 Thread 0x0000000005653800 Exception <a 'java/lang/NoSuchFieldError': method resolution failed> (0x0000000780fe5cd0) thrown at [C:\re\workspace\8-2-build-windows-amd64-cygwin\jdk8u131\8869\hotspot\src\share\vm\prims\methodHandles.cpp, line 1146]
Event: 0.285 Thread 0x0000000005653800 Exception <a 'java/lang/NoSuchFieldError': method resolution failed> (0x0000000780ff3b48) thrown at [C:\re\workspace\8-2-build-windows-amd64-cygwin\jdk8u131\8869\hotspot\src\share\vm\prims\methodHandles.cpp, line 1146]
Event: 0.591 Thread 0x000000001ead7800 Exception <a 'java/io/FileNotFoundException'> (0x00000007819d4f20) thrown at [C:\re\workspace\8-2-build-windows-amd64-cygwin\jdk8u131\8869\hotspot\src\share\vm\prims\jni.cpp, line 709]
Event: 1.386 Thread 0x000000001eaf4000 Implicit null exception at 0x0000000005a7863c to 0x0000000005a786c9
Event: 5.942 Thread 0x000000001ead7800 Exception <a 'java/lang/NoSuchMethodError': <clinit>> (0x0000000780e70190) thrown at [C:\re\workspace\8-2-build-windows-amd64-cygwin\jdk8u131\8869\hotspot\src\share\vm\prims\jni.cpp, line 1613]
Event: 5.959 Thread 0x000000001ead7800 Exception <a 'java/lang/NoSuchMethodError': <clinit>> (0x0000000780f3cae8) thrown at [C:\re\workspace\8-2-build-windows-amd64-cygwin\jdk8u131\8869\hotspot\src\share\vm\prims\jni.cpp, line 1613]
Event: 5.962 Thread 0x000000001ead7800 Exception <a 'java/lang/NoSuchMethodError': <clinit>> (0x0000000780f59f80) thrown at [C:\re\workspace\8-2-build-windows-amd64-cygwin\jdk8u131\8869\hotspot\src\share\vm\prims\jni.cpp, line 1613]
Event: 5.962 Thread 0x000000001ead7800 Exception <a 'java/lang/NoSuchMethodError': <clinit>> (0x0000000780f5c5e8) thrown at [C:\re\workspace\8-2-build-windows-amd64-cygwin\jdk8u131\8869\hotspot\src\share\vm\prims\jni.cpp, line 1613]
Event: 5.966 Thread 0x000000001ead7800 Exception <a 'java/lang/NoSuchMethodError': <clinit>> (0x0000000780f8aa08) thrown at [C:\re\workspace\8-2-build-windows-amd64-cygwin\jdk8u131\8869\hotspot\src\share\vm\prims\jni.cpp, line 1613]
Event: 5.969 Thread 0x000000001ead7800 Exception <a 'java/lang/NoSuchMethodError': <clinit>> (0x0000000780fac8c0) thrown at [C:\re\workspace\8-2-build-windows-amd64-cygwin\jdk8u131\8869\hotspot\src\share\vm\prims\jni.cpp, line 1613]

Events (10 events):
Event: 9.135 loading class pipe/hla/SimDSPNModule/basemodel/SubNet
Event: 9.135 loading class pipe/hla/SimDSPNModule/basemodel/SubNet done
Event: 9.137 loading class pipe/hla/SimDSPNModule/util/ReConstructSubNet
Event: 9.137 loading class pipe/hla/SimDSPNModule/util/ReConstructSubNet done
Event: 9.141 loading class java/util/concurrent/CyclicBarrier
Event: 9.141 loading class java/util/concurrent/CyclicBarrier done
Event: 9.141 loading class java/util/concurrent/CyclicBarrier$Generation
Event: 9.141 loading class java/util/concurrent/CyclicBarrier$Generation done
Event: 9.141 loading class hla/rti1516/RTIexception
Event: 9.141 loading class hla/rti1516/RTIexception done


Dynamic libraries:
0x00007ff66f560000 - 0x00007ff66f597000 	C:\Program Files\Java\jdk1.8.0_131\bin\java.exe
0x00007ff88b1a0000 - 0x00007ff88b380000 	C:\WINDOWS\SYSTEM32\ntdll.dll
0x00007ff888990000 - 0x00007ff888a3e000 	C:\WINDOWS\System32\KERNEL32.DLL
0x00007ff887fb0000 - 0x00007ff888216000 	C:\WINDOWS\System32\KERNELBASE.dll
0x00007ff8885d0000 - 0x00007ff888671000 	C:\WINDOWS\System32\ADVAPI32.dll
0x00007ff889020000 - 0x00007ff8890bd000 	C:\WINDOWS\System32\msvcrt.dll
0x00007ff88abc0000 - 0x00007ff88ac1b000 	C:\WINDOWS\System32\sechost.dll
0x00007ff88ac20000 - 0x00007ff88ad3f000 	C:\WINDOWS\System32\RPCRT4.dll
0x00007ff888a40000 - 0x00007ff888bcf000 	C:\WINDOWS\System32\USER32.dll
0x00007ff8883c0000 - 0x00007ff8883e0000 	C:\WINDOWS\System32\win32u.dll
0x00007ff88ab60000 - 0x00007ff88ab88000 	C:\WINDOWS\System32\GDI32.dll
0x00007ff887c40000 - 0x00007ff887dd3000 	C:\WINDOWS\System32\gdi32full.dll
0x00007ff888320000 - 0x00007ff8883bb000 	C:\WINDOWS\System32\msvcp_win.dll
0x00007ff887e30000 - 0x00007ff887f25000 	C:\WINDOWS\System32\ucrtbase.dll
0x00007ff8740b0000 - 0x00007ff874319000 	C:\WINDOWS\WinSxS\amd64_microsoft.windows.common-controls_6595b64144ccf1df_6.0.16299.611_none_15c7d8029365981f\COMCTL32.dll
0x00007ff888680000 - 0x00007ff888987000 	C:\WINDOWS\System32\combase.dll
0x00007ff887f30000 - 0x00007ff887fa2000 	C:\WINDOWS\System32\bcryptPrimitives.dll
0x00007ff88ab90000 - 0x00007ff88abbd000 	C:\WINDOWS\System32\IMM32.DLL
0x000000006aa60000 - 0x000000006ab32000 	C:\Program Files\Java\jdk1.8.0_131\jre\bin\msvcr100.dll
0x0000000067ca0000 - 0x000000006853c000 	C:\Program Files\Java\jdk1.8.0_131\jre\bin\server\jvm.dll
0x00007ff8883e0000 - 0x00007ff888403000 	C:\WINDOWS\System32\WINMM.dll
0x00007ff887260000 - 0x00007ff88728a000 	C:\WINDOWS\System32\WINMMBASE.dll
0x00007ff888220000 - 0x00007ff88826a000 	C:\WINDOWS\System32\cfgmgr32.dll
0x00007ff88af30000 - 0x00007ff88af38000 	C:\WINDOWS\System32\PSAPI.DLL
0x00007ff87b2f0000 - 0x00007ff87b2f9000 	C:\WINDOWS\SYSTEM32\WSOCK32.dll
0x00007ff88aa90000 - 0x00007ff88aafc000 	C:\WINDOWS\System32\WS2_32.dll
0x00007ff87bb90000 - 0x00007ff87bb9a000 	C:\WINDOWS\SYSTEM32\VERSION.dll
0x000000006aa50000 - 0x000000006aa5f000 	C:\Program Files\Java\jdk1.8.0_131\jre\bin\verify.dll
0x000000006aa20000 - 0x000000006aa49000 	C:\Program Files\Java\jdk1.8.0_131\jre\bin\java.dll
0x000000006a9f0000 - 0x000000006aa13000 	C:\Program Files\Java\jdk1.8.0_131\jre\bin\instrument.dll
0x000000006a9d0000 - 0x000000006a9e6000 	C:\Program Files\Java\jdk1.8.0_131\jre\bin\zip.dll
0x00007ff8893c0000 - 0x00007ff88a7f8000 	C:\WINDOWS\System32\SHELL32.dll
0x00007ff88a9e0000 - 0x00007ff88aa86000 	C:\WINDOWS\System32\shcore.dll
0x00007ff8874f0000 - 0x00007ff887c37000 	C:\WINDOWS\System32\windows.storage.dll
0x00007ff88a800000 - 0x00007ff88a851000 	C:\WINDOWS\System32\shlwapi.dll
0x00007ff887290000 - 0x00007ff8872a1000 	C:\WINDOWS\System32\kernel.appcore.dll
0x00007ff887de0000 - 0x00007ff887e2c000 	C:\WINDOWS\System32\powrprof.dll
0x00007ff887220000 - 0x00007ff88723b000 	C:\WINDOWS\System32\profapi.dll
0x00007ff8813a0000 - 0x00007ff8813ba000 	D:\software\IntelliJ IDEA 2017.2.3\bin\breakgen64.dll
0x000000006a980000 - 0x000000006a99a000 	C:\Program Files\Java\jdk1.8.0_131\jre\bin\net.dll
0x00007ff886a20000 - 0x00007ff886a86000 	C:\WINDOWS\system32\mswsock.dll
0x000000006a7e0000 - 0x000000006a978000 	C:\Program Files\Java\jdk1.8.0_131\jre\bin\awt.dll
0x00007ff88ad40000 - 0x00007ff88ae05000 	C:\WINDOWS\System32\OLEAUT32.dll
0x00007ff884da0000 - 0x00007ff884e28000 	C:\WINDOWS\SYSTEM32\apphelp.dll
0x00007ff885520000 - 0x00007ff8855b5000 	C:\WINDOWS\system32\uxtheme.dll
0x00007ff88afe0000 - 0x00007ff88b147000 	C:\WINDOWS\System32\MSCTF.dll
0x00007ff885610000 - 0x00007ff88563a000 	C:\WINDOWS\system32\dwmapi.dll
0x00007ff889270000 - 0x00007ff8893b9000 	C:\WINDOWS\System32\ole32.dll
0x00007ff864fd0000 - 0x00007ff8650ee000 	C:\WINDOWS\system32\opengl32.dll
0x00007ff864f60000 - 0x00007ff864f8c000 	C:\WINDOWS\SYSTEM32\GLU32.dll
0x0000000068e00000 - 0x0000000068e47000 	C:\Program Files\Java\jdk1.8.0_131\jre\bin\fontmanager.dll
0x000000006a7c0000 - 0x000000006a7d1000 	C:\Program Files\Java\jdk1.8.0_131\jre\bin\nio.dll
0x0000000067a10000 - 0x0000000067a52000 	C:\Program Files\Java\jdk1.8.0_131\jre\bin\t2k.dll
0x00007ff873410000 - 0x00007ff8734b6000 	C:\WINDOWS\WinSxS\amd64_microsoft.windows.common-controls_6595b64144ccf1df_5.82.16299.611_none_887784464abcce1a\comctl32.dll
0x00007ff88af40000 - 0x00007ff88afde000 	C:\WINDOWS\System32\clbcatq.dll
0x00007ff876160000 - 0x00007ff87630b000 	C:\WINDOWS\SYSTEM32\WindowsCodecs.dll
0x00007ff861560000 - 0x00007ff8615af000 	C:\WINDOWS\system32\dataexchange.dll
0x00007ff8838c0000 - 0x00007ff883ba2000 	C:\WINDOWS\system32\d3d11.dll
0x00007ff888410000 - 0x00007ff8884bf000 	C:\WINDOWS\System32\dxgi.dll
0x00007ff884800000 - 0x00007ff884942000 	C:\WINDOWS\system32\dcomp.dll
0x00007ff885730000 - 0x00007ff8858ab000 	C:\WINDOWS\system32\twinapi.appcore.dll
0x00007ff8855f0000 - 0x00007ff885610000 	C:\WINDOWS\system32\RMCLIENT.dll
0x00007ff886cf0000 - 0x00007ff886d15000 	C:\WINDOWS\system32\bcrypt.dll
0x00007ff86d210000 - 0x00007ff86d2a8000 	C:\WINDOWS\System32\TextInputFramework.dll
0x00007ff870020000 - 0x00007ff87030e000 	C:\WINDOWS\System32\CoreUIComponents.dll
0x00007ff886320000 - 0x00007ff886351000 	C:\WINDOWS\SYSTEM32\ntmarta.dll
0x00007ff884170000 - 0x00007ff88424c000 	C:\WINDOWS\System32\CoreMessaging.dll
0x00007ff882e00000 - 0x00007ff882f36000 	C:\WINDOWS\SYSTEM32\wintypes.dll
0x00007ff8590d0000 - 0x00007ff8592b4000 	C:\WINDOWS\system32\SogouTSF.ime
0x00007ff87d690000 - 0x00007ff87d697000 	C:\WINDOWS\system32\MSIMG32.dll
0x00007ff874bf0000 - 0x00007ff875447000 	C:\WINDOWS\system32\SogouPy.ime
0x00007ff882500000 - 0x00007ff8825de000 	C:\WINDOWS\SYSTEM32\WINHTTP.dll
0x00007ff87d6a0000 - 0x00007ff87d70e000 	C:\WINDOWS\SYSTEM32\OLEACC.dll
0x00000000241c0000 - 0x00000000242a4000 	D:\software\sogoupinyin\8.9.0.2223\Resource.dll
0x00007ff87ae10000 - 0x00007ff87b077000 	D:\software\sogoupinyin\Components\PicFace\1.1.0.1819\PicFace64.dll
0x00007ff88ae10000 - 0x00007ff88af1a000 	C:\WINDOWS\System32\COMDLG32.dll
0x00007ff866810000 - 0x00007ff866829000 	C:\WINDOWS\SYSTEM32\CLDAPI.dll
0x00007ff887000000 - 0x00007ff88700a000 	C:\WINDOWS\SYSTEM32\FLTLIB.DLL
0x00007ff8664e0000 - 0x00007ff866551000 	C:\WINDOWS\SYSTEM32\AEPIC.dll
0x00007ff886bf0000 - 0x00007ff886c07000 	C:\WINDOWS\SYSTEM32\cryptsp.dll
0x00007ff884a60000 - 0x00007ff884c11000 	C:\WINDOWS\system32\propsys.dll
0x00007ff87d910000 - 0x00007ff87da37000 	C:\WINDOWS\system32\NetworkExplorer.dll
0x00007ff873a70000 - 0x00007ff874063000 	C:\Windows\System32\OneCoreUAPCommonProxyStub.dll
0x00007ff860ab0000 - 0x00007ff860b0b000 	C:\Windows\System32\thumbcache.dll
0x00007ff8667f0000 - 0x00007ff86680b000 	C:\WINDOWS\SYSTEM32\MPR.dll
0x00007ff87c680000 - 0x00007ff87c68b000 	C:\WINDOWS\System32\drprov.dll
0x00007ff886fa0000 - 0x00007ff886ff5000 	C:\WINDOWS\System32\WINSTA.dll
0x00007ff87b140000 - 0x00007ff87b156000 	C:\WINDOWS\System32\ntlanman.dll
0x00007ff87b100000 - 0x00007ff87b11c000 	C:\WINDOWS\System32\davclnt.dll
0x00007ff87c170000 - 0x00007ff87c17c000 	C:\WINDOWS\System32\DAVHLPR.dll
0x00007ff8819a0000 - 0x00007ff8819b7000 	C:\WINDOWS\System32\wkscli.dll
0x00007ff862370000 - 0x00007ff862382000 	C:\WINDOWS\SYSTEM32\cscapi.dll
0x00007ff8868b0000 - 0x00007ff8868be000 	C:\WINDOWS\System32\netutils.dll
0x00007ff87c6e0000 - 0x00007ff87c72a000 	C:\Windows\System32\dlnashext.dll
0x00007ff87d8a0000 - 0x00007ff87d903000 	C:\Windows\System32\PlayToDevice.dll
0x00007ff87b120000 - 0x00007ff87b13f000 	C:\Windows\System32\DevDispItemProvider.dll
0x00007ff8808f0000 - 0x00007ff88095f000 	C:\WINDOWS\System32\MMDevApi.dll
0x00007ff887010000 - 0x00007ff887037000 	C:\WINDOWS\System32\DEVOBJ.dll
0x00007ff8749c0000 - 0x00007ff874b9f000 	C:\WINDOWS\system32\wpdshext.dll
0x00007ff87d140000 - 0x00007ff87d2dc000 	C:\WINDOWS\WinSxS\amd64_microsoft.windows.gdiplus_6595b64144ccf1df_1.1.16299.611_none_46b2cae7edf811ed\gdiplus.dll
0x00007ff882820000 - 0x00007ff8828c0000 	C:\Windows\System32\PortableDeviceApi.dll
0x00007ff888bd0000 - 0x00007ff88901e000 	C:\WINDOWS\System32\SETUPAPI.dll
0x00007ff887490000 - 0x00007ff8874e8000 	C:\WINDOWS\System32\WINTRUST.dll
0x00007ff887240000 - 0x00007ff887252000 	C:\WINDOWS\System32\MSASN1.dll
0x00007ff8872b0000 - 0x00007ff88747e000 	C:\WINDOWS\System32\CRYPT32.dll
0x00007ff858df0000 - 0x00007ff858e26000 	C:\Windows\System32\EhStorShell.dll
0x00007ff87d870000 - 0x00007ff87d895000 	C:\Windows\System32\EhStorAPI.dll
0x00007ff885c40000 - 0x00007ff885c53000 	C:\Windows\System32\WTSAPI32.dll
0x00007ff85ea20000 - 0x00007ff85ea30000 	C:\WINDOWS\SYSTEM32\LINKINFO.dll
0x00007ff87e440000 - 0x00007ff87e44c000 	C:\WINDOWS\SYSTEM32\Secur32.dll
0x00007ff887120000 - 0x00007ff887150000 	C:\WINDOWS\SYSTEM32\SSPICLI.DLL
0x00007ff8824e0000 - 0x00007ff8824f8000 	C:\WINDOWS\SYSTEM32\samcli.dll
0x00007ff884c20000 - 0x00007ff884c43000 	C:\WINDOWS\SYSTEM32\SAMLIB.dll
0x00007ff858f30000 - 0x00007ff858faa000 	C:\Program Files (x86)\360\360Safe\safemon\360UDiskGuard64.dll
0x00007ff858e70000 - 0x00007ff858f0a000 	C:\Program Files (x86)\Common Files\Adobe\CoreSyncExtension\CoreSync_x64.dll
0x00007ff87b0e0000 - 0x00007ff87b0f3000 	C:\Program Files\Microsoft Office 15\root\VFS\ProgramFilesCommonX64\Microsoft Shared\Office15\msoxev.dll
0x0000000068f30000 - 0x0000000068f5a000 	C:\Program Files\Java\jdk1.8.0_131\jre\bin\dcpr.dll
0x00007ff886620000 - 0x00007ff886653000 	C:\WINDOWS\system32\rsaenh.dll
0x00007ff887150000 - 0x00007ff887179000 	C:\WINDOWS\SYSTEM32\USERENV.dll
0x00007ff886be0000 - 0x00007ff886beb000 	C:\WINDOWS\SYSTEM32\CRYPTBASE.dll
0x00007ff8867b0000 - 0x00007ff8867e9000 	C:\WINDOWS\SYSTEM32\IPHLPAPI.DLL
0x00007ff88af20000 - 0x00007ff88af28000 	C:\WINDOWS\System32\NSI.dll
0x00007ff881c50000 - 0x00007ff881c66000 	C:\WINDOWS\SYSTEM32\dhcpcsvc6.DLL
0x00007ff880810000 - 0x00007ff88082a000 	C:\WINDOWS\SYSTEM32\dhcpcsvc.DLL
0x00007ff87d810000 - 0x00007ff87d86f000 	C:\Windows\System32\METISCJAVA.dll
0x00007ff881460000 - 0x00007ff881506000 	C:\WINDOWS\SYSTEM32\MSVCP120.dll
0x00007ff885b20000 - 0x00007ff885c0f000 	C:\WINDOWS\SYSTEM32\MSVCR120.dll

VM Arguments:
jvm_args: -javaagent:D:\software\IntelliJ IDEA 2017.2.3\lib\idea_rt.jar=4087:D:\software\IntelliJ IDEA 2017.2.3\bin -Dfile.encoding=UTF-8 
java_command: Pipe
java_class_path (initial): D:\Code\java\DSPNGraph\bin;C:\Program Files\Java\jdk1.8.0_131\jre\lib\charsets.jar;C:\Program Files\Java\jdk1.8.0_131\jre\lib\deploy.jar;C:\Program Files\Java\jdk1.8.0_131\jre\lib\ext\access-bridge-64.jar;C:\Program Files\Java\jdk1.8.0_131\jre\lib\ext\cldrdata.jar;C:\Program Files\Java\jdk1.8.0_131\jre\lib\ext\dnsns.jar;C:\Program Files\Java\jdk1.8.0_131\jre\lib\ext\jaccess.jar;C:\Program Files\Java\jdk1.8.0_131\jre\lib\ext\jfxrt.jar;C:\Program Files\Java\jdk1.8.0_131\jre\lib\ext\localedata.jar;C:\Program Files\Java\jdk1.8.0_131\jre\lib\ext\nashorn.jar;C:\Program Files\Java\jdk1.8.0_131\jre\lib\ext\sunec.jar;C:\Program Files\Java\jdk1.8.0_131\jre\lib\ext\sunjce_provider.jar;C:\Program Files\Java\jdk1.8.0_131\jre\lib\ext\sunmscapi.jar;C:\Program Files\Java\jdk1.8.0_131\jre\lib\ext\sunpkcs11.jar;C:\Program Files\Java\jdk1.8.0_131\jre\lib\ext\zipfs.jar;C:\Program Files\Java\jdk1.8.0_131\jre\lib\javaws.jar;C:\Program Files\Java\jdk1.8.0_131\jre\lib\jce.jar;C:\Program Files\Java\jdk1.8.0_131\jre\lib\jfr.jar;C:\Program Files\Java\jdk1.8.0_131\jre\lib\jfxswt.jar;C:\Program Files\Java\jdk1.8.0_131\jre\lib\jsse.jar;C:\Program Files\Java\jdk1.8.0_131\jre\lib\management-agent.jar;C:\Program Files\Java\jdk1.8.0_131\jre\lib\plugin.jar;C:\Program Files\Java\jdk1.8.0_131\jre\lib\resources.jar;C:\Program Files\Java\jdk1.8.0_131\jre\lib\rt.jar;D:\Code\java\DSPNGraph\lib\abbot.jar;D:\Code\java\DSPNGraph\lib\commons-logging-1.1.jar;D:\Code\java\DSPNGraph\lib\drmaa.jar;D:\Code\java\DSPNGraph\lib\hadoop-0.13.1-dev-core.jar;D:\Code\java\DSPNGraph\lib\Jama-1.0.2.jar;D:\Code\java\DSPNGraph\lib\jcommon-1.0.10.jar;D:\Code\java\DSPNGraph\lib\jfreechart-1.0.6-swt.jar;D:\Code\java\DSPNGraph\lib\jfreechart-1.0.6.jar;D:\Code\java\DSPNGraph\lib\jpowergraph-0.2-common.jar;D:\Code\java\DSPNGraph\lib\jpowergraph-0.2-swing.jar;D:\Code\java\DSPNGraph\lib\log4j-1.2.13.jar;D:\Code\java\DSPNGraph\lib\netcdf-4.2.jar;D:\Code\java\DSPNGraph\lib\poi-3.7-20101029.jar;D:\Code\java\D
Launcher Type: SUN_STANDARD

Environment Variables:
JAVA_HOME=C:\Program Files\Java\jdk1.8.0_131
CLASSPATH=D:\software\prti1516\lib\prti1516.jar;D:\software\prti1516\lib\hirestimer.jar;D:\software\prti1516\prti1516\lib\prti1516.jar;D:\software\prti1516\prti1516\lib\hirestimer.jar;D:\software\prti1516\lib\prti1516.jar;D:\software\prti1516\lib\hirestimer.jar;D:\software\prti1516\lib\prti1516.jar;D:\software\prti1516\lib\hirestimer.jar;.;C:\Program Files\Java\jdk1.8.0_131\lib\dt.jar;C:\Program Files\Java\jdk1.8.0_131\lib\tools.jar;C:\Program Files\apache-ant-1.10.2\lib;D:\LINGO64_17\Lingo17.jar
PATH=D:\software\prti1516\jre\bin\client;D:\software\prti1516\lib;D:\software\prti1516\lib\vc80;D:\software\prti1516\prti1516\jre\bin\client;D:\software\prti1516\prti1516\lib;D:\software\prti1516\prti1516\lib\vc80;D:\software\prti1516\jre\bin\client;D:\software\prti1516\lib;D:\software\prti1516\lib\vc80;D:\software\CTEX\UserData\miktex\bin;D:\software\CTEX\MiKTeX\miktex\bin;D:\software\CTEX\CTeX\ctex\bin;D:\software\CTEX\CTeX\cct\bin;D:\software\CTEX\CTeX\ty\bin;D:\software\CTEX\Ghostscript\gs9.05\bin;D:\software\CTEX\GSview\gsview;D:\software\CTEX\WinEdt;C:\Windows\System32;C:\Program Files\Java\jdk1.8.0_131\bin;C:\Program Files\Java\jdk1.8.0_131\jre\bin;D:\LINGO64_17\;D:\software\VC++\Tools\WinNT;D:\software\VC++\MSDev98\Bin;D:\software\VC++\Tools;D:\Code\C++\Tools\WinNT;D:\Code\C++\MSDev98\Bin;D:\Code\C++\Tools;D:\Code\VC98\bin;D:\Python\Scripts\;D:\Python\;C:\Users\Lenovo\AppData\Local\atom\bin;D:\software\;%USERPROFILE%\AppData\Local\Microsoft\WindowsApps;
USERNAME=Lenovo
OS=Windows_NT
PROCESSOR_IDENTIFIER=Intel64 Family 6 Model 78 Stepping 3, GenuineIntel



---------------  S Y S T E M  ---------------

OS: Windows 10.0 , 64 bit Build 16299 (10.0.16299.431)

CPU:total 4 (initial active 4) (2 cores per cpu, 2 threads per core) family 6 model 78 stepping 3, cmov, cx8, fxsr, mmx, sse, sse2, sse3, ssse3, sse4.1, sse4.2, popcnt, avx, avx2, clmul, erms, 3dnowpref, lzcnt, ht, tsc, tscinvbit, bmi1, bmi2, adx

Memory: 4k page, physical 12463132k(5707156k free), swap 14363676k(6349928k free)

vm_info: Java HotSpot(TM) 64-Bit Server VM (25.131-b11) for windows-amd64 JRE (1.8.0_131-b11), built on Mar 15 2017 01:23:53 by "java_re" with MS VC++ 10.0 (VS2010)

time: Tue Aug 21 12:03:37 2018
elapsed time: 9 seconds (0d 0h 0m 9s)

