#
# A fatal error has been detected by the Java Runtime Environment:
#
#  EXCEPTION_ACCESS_VIOLATION (0xc0000005) at pc=0x00007ff8814881a2, pid=15152, tid=0x00000000000036c0
#
# JRE version: Java(TM) SE Runtime Environment (8.0_131-b11) (build 1.8.0_131-b11)
# Java VM: Java HotSpot(TM) 64-Bit Server VM (25.131-b11 mixed mode windows-amd64 compressed oops)
# Problematic frame:
# C  0x00007ff8814881a2
#
# Failed to write core dump. Minidumps are not enabled by default on client versions of Windows
#
# If you would like to submit a bug report, please visit:
#   http://bugreport.java.com/bugreport/crash.jsp
# The crash happened outside the Java Virtual Machine in native code.
# See problematic frame for where to report the bug.
#

---------------  T H R E A D  ---------------

Current thread (0x000000001ea0c800):  JavaThread "AWT-EventQueue-0" [_thread_in_native, id=14016, stack(0x000000001f430000,0x000000001f530000)]

siginfo: ExceptionCode=0xc0000005, reading address 0x0000000000000038

Registers:
RAX=0x0000000000000000, RBX=0x0000000000000000, RCX=0x0000000025056f20, RDX=0x000000001f528760
RSP=0x000000001f528600, RBP=0x000000001f5286b1, RSI=0x0000000000000001, RDI=0x000000001f528760
R8 =0x000000001f528761, R9 =0x000000001f528670, R10=0x0000000000000000, R11=0x000000001f528660
R12=0x0000000025056f20, R13=0x000000002502fc60, R14=0x00007ff8814f8b20, R15=0x000000001f528740
RIP=0x00007ff8814881a2, EFLAGS=0x0000000000010287

Top of Stack: (sp=0x000000001f528600)
0x000000001f528600:   0000000000000000 0000000000000001
0x000000001f528610:   0000000025056f20 0000000000000000
0x000000001f528620:   0000000000000000 00007ff885bfd32c
0x000000001f528630:   000000001f528720 000000000000003e
0x000000001f528640:   0000000025056fa0 0000000000000042
0x000000001f528650:   0000000000000000 0000000000000000
0x000000001f528660:   000000001f528830 fffffffffffffffe
0x000000001f528670:   0000000000000000 00007ff885b53b84
0x000000001f528680:   0000000000000001 000000000000000f
0x000000001f528690:   00007ff8814f8b20 000000001f528878
0x000000001f5286a0:   0000000000000000 000000001f528718
0x000000001f5286b0:   0000a14326e2be10 00007ff885b51bcb
0x000000001f5286c0:   0000000021be8550 000000002502fc60
0x000000001f5286d0:   ffffffffffffffff 0000000000000080
0x000000001f5286e0:   00007ff8814f8b20 000000001f528830
0x000000001f5286f0:   000000000000003b 00007ff88148f1bc 

Instructions: (pc=0x00007ff8814881a2)
0x00007ff881488182:   91 fe ff 90 4c 8d 4d bf 48 83 7d d7 10 4c 0f 43
0x00007ff881488192:   4d bf 49 8b 04 24 4c 8d 04 3e 48 8b d7 49 8b cc
0x00007ff8814881a2:   ff 50 38 48 8d 55 8f 49 8b ce e8 27 34 fe ff 90
0x00007ff8814881b2:   48 8b c8 e8 ba bb fe ff 4c 8b e0 48 8b 4d 8f 48 


Register to memory mapping:

RAX=0x0000000000000000 is an unknown value
RBX=0x0000000000000000 is an unknown value
RCX=0x0000000025056f20 is an unknown value
RDX=0x000000001f528760 is pointing into the stack for thread: 0x000000001ea0c800
RSP=0x000000001f528600 is pointing into the stack for thread: 0x000000001ea0c800
RBP=0x000000001f5286b1 is pointing into the stack for thread: 0x000000001ea0c800
RSI=0x0000000000000001 is an unknown value
RDI=0x000000001f528760 is pointing into the stack for thread: 0x000000001ea0c800
R8 =0x000000001f528761 is pointing into the stack for thread: 0x000000001ea0c800
R9 =0x000000001f528670 is pointing into the stack for thread: 0x000000001ea0c800
R10=0x0000000000000000 is an unknown value
R11=0x000000001f528660 is pointing into the stack for thread: 0x000000001ea0c800
R12=0x0000000025056f20 is an unknown value
R13=0x000000002502fc60 is an unknown value
R14=0x00007ff8814f8b20 is an unknown value
R15=0x000000001f528740 is pointing into the stack for thread: 0x000000001ea0c800


Stack: [0x000000001f430000,0x000000001f530000],  sp=0x000000001f528600,  free space=993k
Native frames: (J=compiled Java code, j=interpreted, Vv=VM code, C=native code)
C  0x00007ff8814881a2
C  0x00007ff88148f1bc
C  0x00007ff88147aca7
C  0x00007ff8605613c1  DLL_API_METIS_PartGraphKway+0x151
C  0x00007ff860561a52