#
# A fatal error has been detected by the Java Runtime Environment:
#
#  EXCEPTION_ACCESS_VIOLATION (0xc0000005) at pc=0x00007ff8814881a2, pid=16604, tid=0x0000000000004174
#
# JRE version: Java(TM) SE Runtime Environment (8.0_131-b11) (build 1.8.0_131-b11)
# Java VM: Java HotSpot(TM) 64-Bit Server VM (25.131-b11 mixed mode windows-amd64 compressed oops)
# Problematic frame:
# C  [MSVCP120.dll+0x281a2]
#
# Failed to write core dump. Minidumps are not enabled by default on client versions of Windows
#
# If you would like to submit a bug report, please visit:
#   http://bugreport.java.com/bugreport/crash.jsp
# The crash happened outside the Java Virtual Machine in native code.
# See problematic frame for where to report the bug.
#

---------------  T H R E A D  ---------------

Current thread (0x000000001ead5800):  JavaThread "AWT-EventQueue-0" [_thread_in_native, id=16756, stack(0x000000001f570000,0x000000001f670000)]

siginfo: ExceptionCode=0xc0000005, reading address 0x000000000000003a

Registers:
RAX=0x0000000000000002, RBX=0x0000000000000000, RCX=0x0000000023088510, RDX=0x000000001f668c60
RSP=0x000000001f668b00, RBP=0x000000001f668bb1, RSI=0x0000000000000001, RDI=0x000000001f668c60
R8 =0x000000001f668c61, R9 =0x000000001f668b70, R10=0x0000000000000000, R11=0x000000001f668b60
R12=0x0000000023088510, R13=0x000000000348cee0, R14=0x00007ff8814f8b20, R15=0x000000001f668c40
RIP=0x00007ff8814881a2, EFLAGS=0x0000000000010287

Top of Stack: (sp=0x000000001f668b00)
0x000000001f668b00:   0000000000000000 0000000000000001
0x000000001f668b10:   0000000023088510 0000000000000000
0x000000001f668b20:   0000000000000000 00007ff885bfd32c
0x000000001f668b30:   000000001f668c20 000000000000003e
0x000000001f668b40:   00000000230883d0 0000000000000042
0x000000001f668b50:   0000000000000000 0000000000000000
0x000000001f668b60:   000000001f668d30 fffffffffffffffe
0x000000001f668b70:   0000000000000000 00007ff885b53b84
0x000000001f668b80:   0000000000000001 000000000000000f
0x000000001f668b90:   00007ff8814f8b20 000000001f668d78
0x000000001f668ba0:   0000000000000000 000000001f668c18
0x000000001f668bb0:   0000b3b2b0d21eb6 00007ff885b51bcb
0x000000001f668bc0:   0000000022a92a30 000000000348cee0
0x000000001f668bd0:   ffffffffffffffff 0000000000000080
0x000000001f668be0:   00007ff8814f8b20 000000001f668d30
0x000000001f668bf0:   000000000000003b 00007ff88148f1bc 

Instructions: (pc=0x00007ff8814881a2)
0x00007ff881488182:   91 fe ff 90 4c 8d 4d bf 48 83 7d d7 10 4c 0f 43
0x00007ff881488192:   4d bf 49 8b 04 24 4c 8d 04 3e 48 8b d7 49 8b cc
0x00007ff8814881a2:   ff 50 38 48 8d 55 8f 49 8b ce e8 27 34 fe ff 90
0x00007ff8814881b2:   48 8b c8 e8 ba bb fe ff 4c 8b e0 48 8b 4d 8f 48 


Register to memory mapping:

RAX=0x0000000000000002 is an unknown value
RBX=0x0000000000000000 is an unknown value
RCX=0x0000000023088510 is an unknown value
RDX=0x000000001f668c60 is pointing into the stack for thread: 0x000000001ead5800
RSP=0x000000001f668b00 is pointing into the stack for thread: 0x000000001ead5800
RBP=0x000000001f668bb1 is pointing into the stack for thread: 0x000000001ead5800
RSI=0x0000000000000001 is an unknown value
RDI=0x000000001f668c60 is pointing into the stack for thread: 0x000000001ead5800
R8 =0x000000001f668c61 is pointing into the stack for thread: 0x000000001ead5800
R9 =0x000000001f668b70 is pointing into the stack for thread: 0x000000001ead5800
R10=0x0000000000000000 is an unknown value
R11=0x000000001f668b60 is pointing into the stack for thread: 0x000000001ead5800
R12=0x0000000023088510 is an unknown value
R13=0x000000000348cee0 is an unknown value
R14=0x00007ff8814f8b20 is an unknown value
R15=0x000000001f668c40 is pointing into the stack for thread: 0x000000001ead5800


Stack: [0x000000001f570000,0x000000001f670000],  sp=0x000000001f668b00,  free space=994k
Native frames: (J=compiled Java code, j=interpreted, Vv=VM code, C=native code)
C  [MSVCP120.dll+0x281a2]
C  [MSVCP120.dll+0x2f1bc]
C  [MSVCP120.dll+0x1aca7]
C  [METISCJAVA.dll+0x13c1]  DLL_API_METIS_PartGraphKway+0x151
C  [METISCJAVA.dll+0x1a52]  Java_pipe_hla_SimDSPNModule_util_JNICJAVA_METIS_1PartGraphKway+0x172
C  0x00000000057a7f74

Java frames: (J=compiled Java code, j=interpreted, Vv=VM code)
j  pipe.hla.SimDSPNModule.util.JNICJAVA.METIS_PartGraphKway(II[I[II[I)I+0
j  pipe.hla.SimDSPNModule.util.SubGraphByPlaceAndTransitionUtils.MainProcessOfPartition(Lpipe/hla/SimDSPNModule/basemodel/OLGraph;I)[Lpipe/hla/SimDSPNModule/basemodel/OLGraph;+48
j  pipe.hla.SimDSPNModule.hlasimulation.ParallelSimulation.partitionMain(I)V+9
j  pipe.hla.SimDSPNModule.hlasimulation.ParallelSimulation$1.actionPerformed(Ljava/awt/event/ActionEvent;)V+79
j  javax.swing.AbstractButton.fireActionPerformed(Ljava/awt/event/ActionEvent;)V+83
j  javax.swing.AbstractButton$Handler.actionPerformed(Ljava/awt/event/ActionEvent;)V+5
j  javax.swing.DefaultButtonModel.fireActionPerformed(Ljava/awt/event/ActionEvent;)V+34
j  javax.swing.DefaultButtonModel.setPressed(Z)V+117
j  javax.swing.plaf.basic.BasicButtonListener.mouseReleased(Ljava/awt/event/MouseEvent;)V+35
j  java.awt.Component.processMouseEvent(Ljava/awt/event/MouseEvent;)V+64
j  javax.swing.JComponent.processMouseEvent(Ljava/awt/event/MouseEvent;)V+23
J 1694 C1 java.awt.Component.processEvent(Ljava/awt/AWTEvent;)V (220 bytes) @ 0x0000000005d26b84 [0x0000000005d26660+0x524]
J 1796 C1 java.awt.Container.processEvent(Ljava/awt/AWTEvent;)V (22 bytes) @ 0x0000000005d672cc [0x0000000005d66fa0+0x32c]
J 1499 C1 java.awt.Component.dispatchEventImpl(Ljava/awt/AWTEvent;)V (883 bytes) @ 0x0000000005ca036c [0x0000000005c9ae40+0x552c]
J 1321 C1 java.awt.Container.dispatchEventImpl(Ljava/awt/AWTEvent;)V (129 bytes) @ 0x0000000005c0180c [0x0000000005c016c0+0x14c]
J 1797 C1 java.awt.LightweightDispatcher.retargetMouseEvent(Ljava/awt/Component;ILjava/awt/event/MouseEvent;)V (350 bytes) @ 0x0000000005d76b2c [0x0000000005d745c0+0x256c]
J 4040 C1 java.awt.LightweightDispatcher.processMouseEvent(Ljava/awt/event/MouseEvent;)Z (286 bytes) @ 0x0000000005af6204 [0x0000000005af4ac0+0x1744]
J 1760 C1 java.awt.LightweightDispatcher.dispatchEvent(Ljava/awt/AWTEvent;)Z (73 bytes) @ 0x0000000005d58c7c [0x0000000005d58840+0x43c]
J 1321 C1 java.awt.Container.dispatchEventImpl(Ljava/awt/AWTEvent;)V (129 bytes) @ 0x0000000005c017ac [0x0000000005c016c0+0xec]
J 1792 C1 java.awt.Window.dispatchEventImpl(Ljava/awt/AWTEvent;)V (23 bytes) @ 0x0000000005d71d64 [0x0000000005d71780+0x5e4]
J 4029 C1 java.awt.EventQueue.dispatchEventImpl(Ljava/awt/AWTEvent;Ljava/lang/Object;)V (149 bytes) @ 0x00000000059f553c [0x00000000059f3cc0+0x187c]
J 1426 C1 java.awt.EventQueue$3.run()Ljava/lang/Void; (60 bytes) @ 0x0000000005c6019c [0x0000000005c5ff80+0x21c]
J 1425 C1 java.awt.EventQueue$3.run()Ljava/lang/Object; (5 bytes) @ 0x0000000005c5fc0c [0x0000000005c5fb80+0x8c]
v  ~StubRoutines::call_stub
J 906  java.security.AccessController.doPrivileged(Ljava/security/PrivilegedAction;Ljava/security/AccessControlContext;)Ljava/lang/Object; (0 bytes) @ 0x0000000005b05fa6 [0x0000000005b05f40+0x66]
J 1753 C1 java.awt.EventQueue$4.run()Ljava/lang/Object; (5 bytes) @ 0x0000000005d55334 [0x0000000005d54f00+0x434]
v  ~StubRoutines::call_stub
J 906  java.security.AccessController.doPrivileged(Ljava/security/PrivilegedAction;Ljava/security/AccessControlContext;)Ljava/lang/Object; (0 bytes) @ 0x0000000005b05fa6 [0x0000000005b05f40+0x66]
J 1334 C1 java.awt.EventQueue.dispatchEvent(Ljava/awt/AWTEvent;)V (80 bytes) @ 0x0000000005c0dcfc [0x0000000005c0ce40+0xebc]
J 1335 C1 java.awt.EventDispatchThread.pumpOneEventForFilters(I)V (295 bytes) @ 0x0000000005c10b4c [0x0000000005c0efc0+0x1b8c]
j  java.awt.EventDispatchThread.pumpEventsForFilter(ILjava/awt/Conditional;Ljava/awt/EventFilter;)V+35
j  java.awt.EventDispatchThread.pumpEventsForFilter(Ljava/awt/Conditional;Ljava/awt/EventFilter;)V+4
j  java.awt.WaitDispatchSupport$2.run()V+59
j  java.awt.WaitDispatchSupport$4.run()Ljava/lang/Void;+4
j  java.awt.WaitDispatchSupport$4.run()Ljava/lang/Object;+1
v  ~StubRoutines::call_stub
J 424  java.security.AccessController.doPrivileged(Ljava/security/PrivilegedAction;)Ljava/lang/Object; (0 bytes) @ 0x000000000598d892 [0x000000000598d840+0x52]
j  java.awt.WaitDispatchSupport.enter()Z+279
j  java.awt.Dialog.show()V+233
j  java.awt.Component.show(Z)V+5
j  java.awt.Component.setVisible(Z)V+2
j  java.awt.Window.setVisible(Z)V+2
j  java.awt.Dialog.setVisible(Z)V+2
j  pipe.hla.SimDSPNModule.hlasimulation.ParallelSimulation.start()V+322
v  ~StubRoutines::call_stub
J 2586  sun.reflect.NativeMethodAccessorImpl.invoke0(Ljava/lang/reflect/Method;Ljava/lang/Object;[Ljava/lang/Object;)Ljava/lang/Object; (0 bytes) @ 0x0000000005feac3f [0x0000000005feabc0+0x7f]
J 2585 C1 sun.reflect.NativeMethodAccessorImpl.invoke(Ljava/lang/Object;[Ljava/lang/Object;)Ljava/lang/Object; (104 bytes) @ 0x0000000005fec2bc [0x0000000005feb0c0+0x11fc]
J 896 C1 sun.reflect.DelegatingMethodAccessorImpl.invoke(Ljava/lang/Object;[Ljava/lang/Object;)Ljava/lang/Object; (10 bytes) @ 0x0000000005b01b0c [0x0000000005b01a00+0x10c]
J 895 C1 java.lang.reflect.Method.invoke(Ljava/lang/Object;[Ljava/lang/Object;)Ljava/lang/Object; (62 bytes) @ 0x0000000005b022b4 [0x0000000005b01ec0+0x3f4]
j  pipe.gui.ModuleMethod.execute()V+30
j  pipe.gui.ModuleManager$TreeHandler.mouseClicked(Ljava/awt/event/MouseEvent;)V+89
j  java.awt.AWTEventMulticaster.mouseClicked(Ljava/awt/event/MouseEvent;)V+21
j  java.awt.Component.processMouseEvent(Ljava/awt/event/MouseEvent;)V+74
j  javax.swing.JComponent.processMouseEvent(Ljava/awt/event/MouseEvent;)V+23
J 1694 C1 java.awt.Component.processEvent(Ljava/awt/AWTEvent;)V (220 bytes) @ 0x0000000005d26b84 [0x0000000005d26660+0x524]
J 1796 C1 java.awt.Container.processEvent(Ljava/awt/AWTEvent;)V (22 bytes) @ 0x0000000005d672cc [0x0000000005d66fa0+0x32c]
J 1499 C1 java.awt.Component.dispatchEventImpl(Ljava/awt/AWTEvent;)V (883 bytes) @ 0x0000000005ca036c [0x0000000005c9ae40+0x552c]
J 1321 C1 java.awt.Container.dispatchEventImpl(Ljava/awt/AWTEvent;)V (129 bytes) @ 0x0000000005c0180c [0x0000000005c016c0+0x14c]
J 1797 C1 java.awt.LightweightDispatcher.retargetMouseEvent(Ljava/awt/Component;ILjava/awt/event/MouseEvent;)V (350 bytes) @ 0x0000000005d76b2c [0x0000000005d745c0+0x256c]
j  java.awt.LightweightDispatcher.processMouseEvent(Ljava/awt/event/MouseEvent;)Z+171
J 1760 C1 java.awt.LightweightDispatcher.dispatchEvent(Ljava/awt/AWTEvent;)Z (73 bytes) @ 0x0000000005d58c7c [0x0000000005d58840+0x43c]
J 1321 C1 java.awt.Container.dispatchEventImpl(Ljava/awt/AWTEvent;)V (129 bytes) @ 0x0000000005c017ac [0x0000000005c016c0+0xec]
J 1792 C1 java.awt.Window.dispatchEventImpl(Ljava/awt/AWTEvent;)V (23 bytes) @ 0x0000000005d71d64 [0x0000000005d71780+0x5e4]
J 3698 C1 java.awt.EventQueue.dispatchEventImpl(Ljava/awt/AWTEvent;Ljava/lang/Object;)V (149 bytes) @ 0x0000000006356814 [0x00000000063561c0+0x654]
J 1426 C1 java.awt.EventQueue$3.run()Ljava/lang/Void; (60 bytes) @ 0x0000000005c6019c [0x0000000005c5ff80+0x21c]
J 1425 C1 java.awt.EventQueue$3.run()Ljava/lang/Object; (5 bytes) @ 0x0000000005c5fc0c [0x0000000005c5fb80+0x8c]
v  ~StubRoutines::call_stub
J 906  java.security.AccessController.doPrivileged(Ljava/security/PrivilegedAction;Ljava/security/AccessControlContext;)Ljava/lang/Object; (0 bytes) @ 0x0000000005b05fa6 [0x0000000005b05f40+0x66]
J 1753 C1 java.awt.EventQueue$4.run()Ljava/lang/Object; (5 bytes) @ 0x0000000005d55334 [0x0000000005d54f00+0x434]
v  ~StubRoutines::call_stub
J 906  java.security.AccessController.doPrivileged(Ljava/security/PrivilegedAction;Ljava/security/AccessControlContext;)Ljava/lang/Object; (0 bytes) @ 0x0000000005b05fa6 [0x0000000005b05f40+0x66]
J 1334 C1 java.awt.EventQueue.dispatchEvent(Ljava/awt/AWTEvent;)V (80 bytes) @ 0x0000000005c0dcfc [0x0000000005c0ce40+0xebc]
J 1335 C1 java.awt.EventDispatchThread.pumpOneEventForFilters(I)V (295 bytes) @ 0x0000000005c10b4c [0x0000000005c0efc0+0x1b8c]
j  java.awt.EventDispatchThread.pumpEventsForFilter(ILjava/awt/Conditional;Ljava/awt/EventFilter;)V+35
j  java.awt.EventDispatchThread.pumpEventsForHierarchy(ILjava/awt/Conditional;Ljava/awt/Component;)V+11
j  java.awt.EventDispatchThread.pumpEvents(ILjava/awt/Conditional;)V+4
j  java.awt.EventDispatchThread.pumpEvents(Ljava/awt/Conditional;)V+3
j  java.awt.EventDispatchThread.run()V+9
v  ~StubRoutines::call_stub

---------------  P R O C E S S  ---------------

Java Threads: ( => current thread )
  0x000000001ef53000 JavaThread "Swing-Shell" daemon [_thread_blocked, id=14108, stack(0x00000000267a0000,0x00000000268a0000)]
  0x000000001f03d800 JavaThread "TimerQueue" daemon [_thread_blocked, id=9956, stack(0x0000000021630000,0x0000000021730000)]
  0x0000000005693800 JavaThread "DestroyJavaVM" [_thread_blocked, id=5720, stack(0x0000000005450000,0x0000000005550000)]
=>0x000000001ead5800 JavaThread "AWT-EventQueue-0" [_thread_in_native, id=16756, stack(0x000000001f570000,0x000000001f670000)]
  0x000000001ea84800 JavaThread "AWT-Windows" daemon [_thread_in_native, id=1276, stack(0x000000001f310000,0x000000001f410000)]
  0x000000001ea84000 JavaThread "AWT-Shutdown" [_thread_blocked, id=14504, stack(0x000000001f210000,0x000000001f310000)]
  0x000000001ea60000 JavaThread "Java2D Disposer" daemon [_thread_blocked, id=1828, stack(0x000000001f110000,0x000000001f210000)]
  0x000000001dee2000 JavaThread "Service Thread" daemon [_thread_blocked, id=10728, stack(0x000000001e670000,0x000000001e770000)]
  0x000000001ddfc000 JavaThread "C1 CompilerThread2" daemon [_thread_blocked, id=1344, stack(0x000000001e570000,0x000000001e670000)]
  0x000000001ddfb800 JavaThread "C2 CompilerThread1" daemon [_thread_blocked, id=1040, stack(0x000000001e470000,0x000000001e570000)]
  0x000000001de60800 JavaThread "C2 CompilerThread0" daemon [_thread_blocked, id=3804, stack(0x000000001e370000,0x000000001e470000)]
  0x000000001de5f800 JavaThread "Monitor Ctrl-Break" daemon [_thread_in_native, id=14556, stack(0x000000001e270000,0x000000001e370000)]
  0x000000001c821000 JavaThread "Attach Listener" daemon [_thread_blocked, id=16160, stack(0x000000001e170000,0x000000001e270000)]
  0x000000001dc78800 JavaThread "Signal Dispatcher" daemon [_thread_blocked, id=12488, stack(0x000000001e070000,0x000000001e170000)]
  0x000000001c7fa800 JavaThread "Finalizer" daemon [_thread_blocked, id=17068, stack(0x000000001da70000,0x000000001db70000)]
  0x000000001c7d9000 JavaThread "Reference Handler" daemon [_thread_blocked, id=9072, stack(0x000000001d970000,0x000000001da70000)]

Other Threads:
  0x000000001c7d8000 VMThread [stack: 0x000000001d870000,0x000000001d970000] [id=18112]
  0x000000001dfbf800 WatcherThread [stack: 0x000000001e770000,0x000000001e870000] [id=8128]

VM state:not at safepoint (normal execution)

VM Mutex/Monitor currently owned by a thread: None

Heap:
 PSYoungGen      total 105472K, used 89971K [0x0000000780980000, 0x0000000787980000, 0x00000007c0000000)
  eden space 97280K, 92% used [0x0000000780980000,0x000000078615cfb8,0x0000000786880000)
  from space 8192K, 0% used [0x0000000786880000,0x0000000786880000,0x0000000787080000)
  to   space 8192K, 0% used [0x0000000787180000,0x0000000787180000,0x0000000787980000)
 ParOldGen       total 93696K, used 15381K [0x0000000701c00000, 0x0000000707780000, 0x0000000780980000)
  object space 93696K, 16% used [0x0000000701c00000,0x0000000702b05420,0x0000000707780000)
 Metaspace       used 25366K, capacity 25798K, committed 26112K, reserved 1073152K
  class space    used 3154K, capacity 3270K, committed 3328K, reserved 1048576K

Card table byte_map: [0x0000000014b50000,0x0000000015150000] byte_map_base: 0x0000000011342000

Marking Bits: (ParMarkBitMap*) 0x000000006812c720
 Begin Bits: [0x0000000015950000, 0x00000000188e0000)
 End Bits:   [0x00000000188e0000, 0x000000001b870000)

Polling page: 0x0000000003760000

CodeCache: size=245760Kb used=13636Kb max_used=13647Kb free=232123Kb
 bounds [0x0000000005790000, 0x00000000064f0000, 0x0000000014790000]
 total_blobs=4779 nmethods=4186 adapters=503
 compilation: enabled

Compilation events (10 events):
Event: 12.082 Thread 0x000000001ddfc000 nmethod 4339 0x00000000064e98d0 code [0x00000000064e9a20, 0x00000000064e9b30]
Event: 12.082 Thread 0x000000001ddfc000 4331       1       pipe.hla.SimDSPNModule.ordinarysimulation.ordinarymodel.ArcNode::getAUSource (5 bytes)
Event: 12.082 Thread 0x000000001ddfc000 nmethod 4331 0x00000000064e9610 code [0x00000000064e9760, 0x00000000064e9870]
Event: 12.082 Thread 0x000000001de60800 nmethod 4330 0x00000000064eeb10 code [0x00000000064eec60, 0x00000000064ef2e8]
Event: 12.082 Thread 0x000000001ddfc000 4332       1       pipe.hla.SimDSPNModule.ordinarysimulation.ordinarymodel.ArcNode::getAUTarget (5 bytes)
Event: 12.082 Thread 0x000000001ddfc000 nmethod 4332 0x00000000064e9350 code [0x00000000064e94a0, 0x00000000064e95b0]
Event: 12.082 Thread 0x000000001ddfc000 4328       1       pipe.hla.SimDSPNModule.ordinarysimulation.ordinarymodel.ArcNode::isAUEdge (5 bytes)
Event: 12.082 Thread 0x000000001ddfc000 nmethod 4328 0x00000000064e9090 code [0x00000000064e91e0, 0x00000000064e92f0]
Event: 12.082 Thread 0x000000001ddfc000 4333       1       pipe.hla.SimDSPNModule.basemodel.VexNode::getAUWeightOfVexNode (5 bytes)
Event: 12.082 Thread 0x000000001ddfc000 nmethod 4333 0x00000000064e8d50 code [0x00000000064e8ea0, 0x00000000064e8fb0]

GC Heap History (8 events):
Event: 1.714 GC heap before
{Heap before GC invocations=1 (full 0):
 PSYoungGen      total 57344K, used 45791K [0x0000000780980000, 0x0000000784980000, 0x00000007c0000000)
  eden space 49152K, 93% used [0x0000000780980000,0x0000000783637f10,0x0000000783980000)
  from space 8192K, 0% used [0x0000000784180000,0x0000000784180000,0x0000000784980000)
  to   space 8192K, 0% used [0x0000000783980000,0x0000000783980000,0x0000000784180000)
 ParOldGen       total 131072K, used 0K [0x0000000701c00000, 0x0000000709c00000, 0x0000000780980000)
  object space 131072K, 0% used [0x0000000701c00000,0x0000000701c00000,0x0000000709c00000)
 Metaspace       used 15375K, capacity 15642K, committed 15744K, reserved 1062912K
  class space    used 2062K, capacity 2162K, committed 2176K, reserved 1048576K
Event: 1.739 GC heap after
Heap after GC invocations=1 (full 0):
 PSYoungGen      total 57344K, used 5148K [0x0000000780980000, 0x0000000787980000, 0x00000007c0000000)
  eden space 49152K, 0% used [0x0000000780980000,0x0000000780980000,0x0000000783980000)
  from space 8192K, 62% used [0x0000000783980000,0x0000000783e87220,0x0000000784180000)
  to   space 8192K, 0% used [0x0000000787180000,0x0000000787180000,0x0000000787980000)
 ParOldGen       total 131072K, used 14576K [0x0000000701c00000, 0x0000000709c00000, 0x0000000780980000)
  object space 131072K, 11% used [0x0000000701c00000,0x0000000702a3c328,0x0000000709c00000)
 Metaspace       used 15375K, capacity 15642K, committed 15744K, reserved 1062912K
  class space    used 2062K, capacity 2162K, committed 2176K, reserved 1048576K
}
Event: 5.316 GC heap before
{Heap before GC invocations=2 (full 0):
 PSYoungGen      total 57344K, used 54300K [0x0000000780980000, 0x0000000787980000, 0x00000007c0000000)
  eden space 49152K, 100% used [0x0000000780980000,0x0000000783980000,0x0000000783980000)
  from space 8192K, 62% used [0x0000000783980000,0x0000000783e87220,0x0000000784180000)
  to   space 8192K, 0% used [0x0000000787180000,0x0000000787180000,0x0000000787980000)
 ParOldGen       total 131072K, used 14576K [0x0000000701c00000, 0x0000000709c00000, 0x0000000780980000)
  object space 131072K, 11% used [0x0000000701c00000,0x0000000702a3c328,0x0000000709c00000)
 Metaspace       used 18907K, capacity 19192K, committed 19584K, reserved 1067008K
  class space    used 2495K, capacity 2589K, committed 2688K, reserved 1048576K
Event: 5.334 GC heap after
Heap after GC invocations=2 (full 0):
 PSYoungGen      total 56320K, used 6884K [0x0000000780980000, 0x0000000787880000, 0x00000007c0000000)
  eden space 49152K, 0% used [0x0000000780980000,0x0000000780980000,0x0000000783980000)
  from space 7168K, 96% used [0x0000000787180000,0x0000000787839218,0x0000000787880000)
  to   space 8192K, 0% used [0x0000000786880000,0x0000000786880000,0x0000000787080000)
 ParOldGen       total 131072K, used 25603K [0x0000000701c00000, 0x0000000709c00000, 0x0000000780980000)
  object space 131072K, 19% used [0x0000000701c00000,0x0000000703500e30,0x0000000709c00000)
 Metaspace       used 18907K, capacity 19192K, committed 19584K, reserved 1067008K
  class space    used 2495K, capacity 2589K, committed 2688K, reserved 1048576K
}
Event: 5.448 GC heap before
{Heap before GC invocations=3 (full 0):
 PSYoungGen      total 56320K, used 17090K [0x0000000780980000, 0x0000000787880000, 0x00000007c0000000)
  eden space 49152K, 20% used [0x0000000780980000,0x0000000781377788,0x0000000783980000)
  from space 7168K, 96% used [0x0000000787180000,0x0000000787839218,0x0000000787880000)
  to   space 8192K, 0% used [0x0000000786880000,0x0000000786880000,0x0000000787080000)
 ParOldGen       total 131072K, used 25603K [0x0000000701c00000, 0x0000000709c00000, 0x0000000780980000)
  object space 131072K, 19% used [0x0000000701c00000,0x0000000703500e30,0x0000000709c00000)
 Metaspace       used 20778K, capacity 21058K, committed 21248K, reserved 1067008K
  class space    used 2737K, capacity 2815K, committed 2816K, reserved 1048576K
Event: 5.455 GC heap after
Heap after GC invocations=3 (full 0):
 PSYoungGen      total 105472K, used 7077K [0x0000000780980000, 0x0000000787980000, 0x00000007c0000000)
  eden space 97280K, 0% used [0x0000000780980000,0x0000000780980000,0x0000000786880000)
  from space 8192K, 86% used [0x0000000786880000,0x0000000786f69498,0x0000000787080000)
  to   space 8192K, 0% used [0x0000000787180000,0x0000000787180000,0x0000000787980000)
 ParOldGen       total 131072K, used 25675K [0x0000000701c00000, 0x0000000709c00000, 0x0000000780980000)
  object space 131072K, 19% used [0x0000000701c00000,0x0000000703512e40,0x0000000709c00000)
 Metaspace       used 20778K, capacity 21058K, committed 21248K, reserved 1067008K
  class space    used 2737K, capacity 2815K, committed 2816K, reserved 1048576K
}
Event: 5.455 GC heap before
{Heap before GC invocations=4 (full 1):
 PSYoungGen      total 105472K, used 7077K [0x0000000780980000, 0x0000000787980000, 0x00000007c0000000)
  eden space 97280K, 0% used [0x0000000780980000,0x0000000780980000,0x0000000786880000)
  from space 8192K, 86% used [0x0000000786880000,0x0000000786f69498,0x0000000787080000)
  to   space 8192K, 0% used [0x0000000787180000,0x0000000787180000,0x0000000787980000)
 ParOldGen       total 131072K, used 25675K [0x0000000701c00000, 0x0000000709c00000, 0x0000000780980000)
  object space 131072K, 19% used [0x0000000701c00000,0x0000000703512e40,0x0000000709c00000)
 Metaspace       used 20778K, capacity 21058K, committed 21248K, reserved 1067008K
  class space    used 2737K, capacity 2815K, committed 2816K, reserved 1048576K
Event: 5.490 GC heap after
Heap after GC invocations=4 (full 1):
 PSYoungGen      total 105472K, used 0K [0x0000000780980000, 0x0000000787980000, 0x00000007c0000000)
  eden space 97280K, 0% used [0x0000000780980000,0x0000000780980000,0x0000000786880000)
  from space 8192K, 0% used [0x0000000786880000,0x0000000786880000,0x0000000787080000)
  to   space 8192K, 0% used [0x0000000787180000,0x0000000787180000,0x0000000787980000)
 ParOldGen       total 93696K, used 15381K [0x0000000701c00000, 0x0000000707780000, 0x0000000780980000)
  object space 93696K, 16% used [0x0000000701c00000,0x0000000702b05420,0x0000000707780000)
 Metaspace       used 20778K, capacity 21058K, committed 21248K, reserved 1067008K
  class space    used 2737K, capacity 2815K, committed 2816K, reserved 1048576K
}

Deoptimization events (10 events):
Event: 10.490 Thread 0x000000001ead5800 Uncommon trap: reason=unstable_if action=reinterpret pc=0x000000000632f1bc method=java.awt.Component.getFocusTraversalKeys_NoIDCheck(I)Ljava/util/Set; @ 4
Event: 11.018 Thread 0x000000001ead5800 Uncommon trap: reason=unstable_if action=reinterpret pc=0x0000000005b6b088 method=java.net.URI.match(CJJ)Z @ 19
Event: 11.024 Thread 0x000000001ead5800 Uncommon trap: reason=unstable_if action=reinterpret pc=0x0000000005aa5564 method=java.lang.Integer.valueOf(I)Ljava/lang/Integer; @ 3
Event: 11.067 Thread 0x000000001ead5800 Uncommon trap: reason=unstable_if action=reinterpret pc=0x0000000005cb8ba4 method=java.util.HashMap.getNode(ILjava/lang/Object;)Ljava/util/HashMap$Node; @ 129
Event: 11.072 Thread 0x000000001ead5800 Uncommon trap: reason=unstable_if action=reinterpret pc=0x00000000060e4754 method=java.util.HashMap.getNode(ILjava/lang/Object;)Ljava/util/HashMap$Node; @ 129
Event: 11.126 Thread 0x000000001ead5800 Uncommon trap: reason=unstable_if action=reinterpret pc=0x00000000064931f0 method=java.awt.datatransfer.MimeTypeParameterList.skipWhiteSpace(Ljava/lang/String;I)I @ 25
Event: 11.137 Thread 0x000000001ead5800 Uncommon trap: reason=unstable_if action=reinterpret pc=0x0000000006054a2c method=java.io.ByteArrayInputStream.read([BII)I @ 63
Event: 11.137 Thread 0x000000001ead5800 Uncommon trap: reason=unstable_if action=reinterpret pc=0x00000000063836d8 method=javax.swing.SwingUtilities.computeUnion(IIIILjava/awt/Rectangle;)Ljava/awt/Rectangle; @ 6
Event: 11.327 Thread 0x000000001ead5800 Uncommon trap: reason=unstable_if action=reinterpret pc=0x0000000006033e28 method=java.awt.Container.findComponentAtImpl(IIZ)Ljava/awt/Component; @ 24
Event: 12.080 Thread 0x000000001ead5800 Uncommon trap: reason=null_check action=make_not_entrant pc=0x00000000064bfd1c method=sun.nio.cs.FastCharsetProvider.lookup(Ljava/lang/String;)Ljava/nio/charset/Charset; @ 19

Internal exceptions (10 events):
Event: 0.387 Thread 0x0000000005693800 Exception <a 'java/lang/NoSuchFieldError': method resolution failed> (0x0000000780fe5cd0) thrown at [C:\re\workspace\8-2-build-windows-amd64-cygwin\jdk8u131\8869\hotspot\src\share\vm\prims\methodHandles.cpp, line 1146]
Event: 0.390 Thread 0x0000000005693800 Exception <a 'java/lang/NoSuchFieldError': method resolution failed> (0x0000000780ff3b48) thrown at [C:\re\workspace\8-2-build-windows-amd64-cygwin\jdk8u131\8869\hotspot\src\share\vm\prims\methodHandles.cpp, line 1146]
Event: 0.697 Thread 0x000000001ead5800 Exception <a 'java/io/FileNotFoundException'> (0x00000007819d48f8) thrown at [C:\re\workspace\8-2-build-windows-amd64-cygwin\jdk8u131\8869\hotspot\src\share\vm\prims\jni.cpp, line 709]
Event: 5.699 Thread 0x000000001ead5800 Exception <a 'java/lang/NoSuchMethodError': <clinit>> (0x00000007810ff590) thrown at [C:\re\workspace\8-2-build-windows-amd64-cygwin\jdk8u131\8869\hotspot\src\share\vm\prims\jni.cpp, line 1613]
Event: 5.720 Thread 0x000000001ead5800 Exception <a 'java/lang/NoSuchMethodError': <clinit>> (0x00000007811cc168) thrown at [C:\re\workspace\8-2-build-windows-amd64-cygwin\jdk8u131\8869\hotspot\src\share\vm\prims\jni.cpp, line 1613]
Event: 5.724 Thread 0x000000001ead5800 Exception <a 'java/lang/NoSuchMethodError': <clinit>> (0x00000007811e9600) thrown at [C:\re\workspace\8-2-build-windows-amd64-cygwin\jdk8u131\8869\hotspot\src\share\vm\prims\jni.cpp, line 1613]
Event: 5.724 Thread 0x000000001ead5800 Exception <a 'java/lang/NoSuchMethodError': <clinit>> (0x00000007811ebc68) thrown at [C:\re\workspace\8-2-build-windows-amd64-cygwin\jdk8u131\8869\hotspot\src\share\vm\prims\jni.cpp, line 1613]
Event: 5.727 Thread 0x000000001ead5800 Exception <a 'java/lang/NoSuchMethodError': <clinit>> (0x000000078121aca0) thrown at [C:\re\workspace\8-2-build-windows-amd64-cygwin\jdk8u131\8869\hotspot\src\share\vm\prims\jni.cpp, line 1613]
Event: 5.730 Thread 0x000000001ead5800 Exception <a 'java/lang/NoSuchMethodError': <clinit>> (0x000000078123cb78) thrown at [C:\re\workspace\8-2-build-windows-amd64-cygwin\jdk8u131\8869\hotspot\src\share\vm\prims\jni.cpp, line 1613]
Event: 10.490 Thread 0x000000001ead5800 Implicit null exception at 0x000000000632ed55 to 0x000000000632f1a9

Events (10 events):
Event: 12.070 loading class pipe/hla/SimDSPNModule/util/StringNameConstants done
Event: 12.079 loading class pipe/hla/SimDSPNModule/basemodel/MetisFormat
Event: 12.079 loading class pipe/hla/SimDSPNModule/basemodel/MetisFormat done
Event: 12.079 loading class pipe/hla/SimDSPNModule/util/JNICJAVA
Event: 12.079 loading class pipe/hla/SimDSPNModule/util/JNICJAVA done
Event: 12.080 Thread 0x000000001ead5800 Uncommon trap: trap_request=0xfffffff4 fr.pc=0x00000000064bfd1c
Event: 12.080 Thread 0x000000001ead5800 DEOPT PACKING pc=0x00000000064bfd1c sp=0x000000001f667ee0
Event: 12.080 Thread 0x000000001ead5800 DEOPT UNPACKING pc=0x00000000057d582a sp=0x000000001f667d80 mode 2
Event: 12.080 loading class java/lang/ClassLoaderHelper
Event: 12.080 loading class java/lang/ClassLoaderHelper done


Dynamic libraries:
0x00007ff66f560000 - 0x00007ff66f597000 	C:\Program Files\Java\jdk1.8.0_131\bin\java.exe
0x00007ff88b1a0000 - 0x00007ff88b380000 	C:\WINDOWS\SYSTEM32\ntdll.dll
0x00007ff888990000 - 0x00007ff888a3e000 	C:\WINDOWS\System32\KERNEL32.DLL
0x00007ff887fb0000 - 0x00007ff888216000 	C:\WINDOWS\System32\KERNELBASE.dll
0x00007ff8885d0000 - 0x00007ff888671000 	C:\WINDOWS\System32\ADVAPI32.dll
0x00007ff889020000 - 0x00007ff8890bd000 	C:\WINDOWS\System32\msvcrt.dll
0x00007ff88abc0000 - 0x00007ff88ac1b000 	C:\WINDOWS\System32\sechost.dll
0x00007ff88ac20000 - 0x00007ff88ad3f000 	C:\WINDOWS\System32\RPCRT4.dll
0x00007ff888a40000 - 0x00007ff888bcf000 	C:\WINDOWS\System32\USER32.dll
0x00007ff8883c0000 - 0x00007ff8883e0000 	C:\WINDOWS\System32\win32u.dll
0x00007ff88ab60000 - 0x00007ff88ab88000 	C:\WINDOWS\System32\GDI32.dll
0x00007ff887c40000 - 0x00007ff887dd3000 	C:\WINDOWS\System32\gdi32full.dll
0x00007ff888320000 - 0x00007ff8883bb000 	C:\WINDOWS\System32\msvcp_win.dll
0x00007ff887e30000 - 0x00007ff887f25000 	C:\WINDOWS\System32\ucrtbase.dll
0x00007ff8740b0000 - 0x00007ff874319000 	C:\WINDOWS\WinSxS\amd64_microsoft.windows.common-controls_6595b64144ccf1df_6.0.16299.611_none_15c7d8029365981f\COMCTL32.dll
0x00007ff888680000 - 0x00007ff888987000 	C:\WINDOWS\System32\combase.dll
0x00007ff887f30000 - 0x00007ff887fa2000 	C:\WINDOWS\System32\bcryptPrimitives.dll
0x00007ff88ab90000 - 0x00007ff88abbd000 	C:\WINDOWS\System32\IMM32.DLL
0x000000006aa60000 - 0x000000006ab32000 	C:\Program Files\Java\jdk1.8.0_131\jre\bin\msvcr100.dll
0x0000000067910000 - 0x00000000681ac000 	C:\Program Files\Java\jdk1.8.0_131\jre\bin\server\jvm.dll
0x00007ff8883e0000 - 0x00007ff888403000 	C:\WINDOWS\System32\WINMM.dll
0x00007ff887260000 - 0x00007ff88728a000 	C:\WINDOWS\System32\WINMMBASE.dll
0x00007ff888220000 - 0x00007ff88826a000 	C:\WINDOWS\System32\cfgmgr32.dll
0x00007ff88af30000 - 0x00007ff88af38000 	C:\WINDOWS\System32\PSAPI.DLL
0x00007ff87b2f0000 - 0x00007ff87b2f9000 	C:\WINDOWS\SYSTEM32\WSOCK32.dll
0x00007ff88aa90000 - 0x00007ff88aafc000 	C:\WINDOWS\System32\WS2_32.dll
0x00007ff87bb90000 - 0x00007ff87bb9a000 	C:\WINDOWS\SYSTEM32\VERSION.dll
0x000000006aa50000 - 0x000000006aa5f000 	C:\Program Files\Java\jdk1.8.0_131\jre\bin\verify.dll
0x000000006aa20000 - 0x000000006aa49000 	C:\Program Files\Java\jdk1.8.0_131\jre\bin\java.dll
0x000000006a9d0000 - 0x000000006a9f3000 	C:\Program Files\Java\jdk1.8.0_131\jre\bin\instrument.dll
0x000000006aa00000 - 0x000000006aa16000 	C:\Program Files\Java\jdk1.8.0_131\jre\bin\zip.dll
0x00007ff8893c0000 - 0x00007ff88a7f8000 	C:\WINDOWS\System32\SHELL32.dll
0x00007ff88a9e0000 - 0x00007ff88aa86000 	C:\WINDOWS\System32\shcore.dll
0x00007ff8874f0000 - 0x00007ff887c37000 	C:\WINDOWS\System32\windows.storage.dll
0x00007ff88a800000 - 0x00007ff88a851000 	C:\WINDOWS\System32\shlwapi.dll
0x00007ff887290000 - 0x00007ff8872a1000 	C:\WINDOWS\System32\kernel.appcore.dll
0x00007ff887de0000 - 0x00007ff887e2c000 	C:\WINDOWS\System32\powrprof.dll
0x00007ff887220000 - 0x00007ff88723b000 	C:\WINDOWS\System32\profapi.dll
0x00007ff87dbc0000 - 0x00007ff87dbda000 	D:\software\IntelliJ IDEA 2017.2.3\bin\breakgen64.dll
0x000000006a9b0000 - 0x000000006a9ca000 	C:\Program Files\Java\jdk1.8.0_131\jre\bin\net.dll
0x00007ff886a20000 - 0x00007ff886a86000 	C:\WINDOWS\system32\mswsock.dll
0x0000000068df0000 - 0x0000000068f88000 	C:\Program Files\Java\jdk1.8.0_131\jre\bin\awt.dll
0x00007ff88ad40000 - 0x00007ff88ae05000 	C:\WINDOWS\System32\OLEAUT32.dll
0x00007ff884da0000 - 0x00007ff884e28000 	C:\WINDOWS\SYSTEM32\apphelp.dll
0x00007ff885520000 - 0x00007ff8855b5000 	C:\WINDOWS\system32\uxtheme.dll
0x00007ff88afe0000 - 0x00007ff88b147000 	C:\WINDOWS\System32\MSCTF.dll
0x00007ff885610000 - 0x00007ff88563a000 	C:\WINDOWS\system32\dwmapi.dll
0x00007ff889270000 - 0x00007ff8893b9000 	C:\WINDOWS\System32\ole32.dll
0x00007ff864fd0000 - 0x00007ff8650ee000 	C:\WINDOWS\system32\opengl32.dll
0x00007ff864f60000 - 0x00007ff864f8c000 	C:\WINDOWS\SYSTEM32\GLU32.dll
0x000000006a940000 - 0x000000006a987000 	C:\Program Files\Java\jdk1.8.0_131\jre\bin\fontmanager.dll
0x000000006a990000 - 0x000000006a9a1000 	C:\Program Files\Java\jdk1.8.0_131\jre\bin\nio.dll
0x000000006a8b0000 - 0x000000006a8f2000 	C:\Program Files\Java\jdk1.8.0_131\jre\bin\t2k.dll
0x00007ff873410000 - 0x00007ff8734b6000 	C:\WINDOWS\WinSxS\amd64_microsoft.windows.common-controls_6595b64144ccf1df_5.82.16299.611_none_887784464abcce1a\comctl32.dll
0x00007ff88af40000 - 0x00007ff88afde000 	C:\WINDOWS\System32\clbcatq.dll
0x00007ff876160000 - 0x00007ff87630b000 	C:\WINDOWS\SYSTEM32\WindowsCodecs.dll
0x00007ff861560000 - 0x00007ff8615af000 	C:\WINDOWS\system32\dataexchange.dll
0x00007ff8838c0000 - 0x00007ff883ba2000 	C:\WINDOWS\system32\d3d11.dll
0x00007ff884800000 - 0x00007ff884942000 	C:\WINDOWS\system32\dcomp.dll
0x00007ff888410000 - 0x00007ff8884bf000 	C:\WINDOWS\System32\dxgi.dll
0x00007ff885730000 - 0x00007ff8858ab000 	C:\WINDOWS\system32\twinapi.appcore.dll
0x00007ff8855f0000 - 0x00007ff885610000 	C:\WINDOWS\system32\RMCLIENT.dll
0x00007ff886cf0000 - 0x00007ff886d15000 	C:\WINDOWS\system32\bcrypt.dll
0x00007ff86d210000 - 0x00007ff86d2a8000 	C:\WINDOWS\System32\TextInputFramework.dll
0x00007ff884170000 - 0x00007ff88424c000 	C:\WINDOWS\System32\CoreMessaging.dll
0x00007ff870020000 - 0x00007ff87030e000 	C:\WINDOWS\System32\CoreUIComponents.dll
0x00007ff886320000 - 0x00007ff886351000 	C:\WINDOWS\SYSTEM32\ntmarta.dll
0x00007ff882e00000 - 0x00007ff882f36000 	C:\WINDOWS\SYSTEM32\wintypes.dll
0x00007ff8590d0000 - 0x00007ff8592b4000 	C:\WINDOWS\system32\SogouTSF.ime
0x00007ff87d690000 - 0x00007ff87d697000 	C:\WINDOWS\system32\MSIMG32.dll
0x00007ff874bf0000 - 0x00007ff875447000 	C:\WINDOWS\system32\SogouPy.ime
0x00007ff882500000 - 0x00007ff8825de000 	C:\WINDOWS\SYSTEM32\WINHTTP.dll
0x00007ff87d6a0000 - 0x00007ff87d70e000 	C:\WINDOWS\SYSTEM32\OLEACC.dll
0x0000000024140000 - 0x0000000024224000 	D:\software\sogoupinyin\8.9.0.2223\Resource.dll
0x00007ff87ae10000 - 0x00007ff87b077000 	D:\software\sogoupinyin\Components\PicFace\1.1.0.1819\PicFace64.dll
0x00007ff88ae10000 - 0x00007ff88af1a000 	C:\WINDOWS\System32\COMDLG32.dll
0x00007ff866810000 - 0x00007ff866829000 	C:\WINDOWS\SYSTEM32\CLDAPI.dll
0x00007ff887000000 - 0x00007ff88700a000 	C:\WINDOWS\SYSTEM32\FLTLIB.DLL
0x00007ff8664e0000 - 0x00007ff866551000 	C:\WINDOWS\SYSTEM32\AEPIC.dll
0x00007ff886bf0000 - 0x00007ff886c07000 	C:\WINDOWS\SYSTEM32\cryptsp.dll
0x00007ff884a60000 - 0x00007ff884c11000 	C:\WINDOWS\system32\propsys.dll
0x00007ff87b1c0000 - 0x00007ff87b2e7000 	C:\WINDOWS\system32\NetworkExplorer.dll
0x00007ff873a70000 - 0x00007ff874063000 	C:\Windows\System32\OneCoreUAPCommonProxyStub.dll
0x00007ff860ab0000 - 0x00007ff860b0b000 	C:\Windows\System32\thumbcache.dll
0x00007ff8667f0000 - 0x00007ff86680b000 	C:\WINDOWS\SYSTEM32\MPR.dll
0x00007ff87c680000 - 0x00007ff87c68b000 	C:\WINDOWS\System32\drprov.dll
0x00007ff886fa0000 - 0x00007ff886ff5000 	C:\WINDOWS\System32\WINSTA.dll
0x00007ff87b140000 - 0x00007ff87b156000 	C:\WINDOWS\System32\ntlanman.dll
0x00007ff87b100000 - 0x00007ff87b11c000 	C:\WINDOWS\System32\davclnt.dll
0x00007ff87c170000 - 0x00007ff87c17c000 	C:\WINDOWS\System32\DAVHLPR.dll
0x00007ff8819a0000 - 0x00007ff8819b7000 	C:\WINDOWS\System32\wkscli.dll
0x00007ff862370000 - 0x00007ff862382000 	C:\WINDOWS\SYSTEM32\cscapi.dll
0x00007ff8868b0000 - 0x00007ff8868be000 	C:\WINDOWS\System32\netutils.dll
0x00007ff87c6e0000 - 0x00007ff87c72a000 	C:\Windows\System32\dlnashext.dll
0x00007ff87dac0000 - 0x00007ff87db23000 	C:\Windows\System32\PlayToDevice.dll
0x00007ff87b120000 - 0x00007ff87b13f000 	C:\Windows\System32\DevDispItemProvider.dll
0x00007ff8808f0000 - 0x00007ff88095f000 	C:\WINDOWS\System32\MMDevApi.dll
0x00007ff887010000 - 0x00007ff887037000 	C:\WINDOWS\System32\DEVOBJ.dll
0x00007ff857330000 - 0x00007ff85750f000 	C:\WINDOWS\system32\wpdshext.dll
0x00007ff87d140000 - 0x00007ff87d2dc000 	C:\WINDOWS\WinSxS\amd64_microsoft.windows.gdiplus_6595b64144ccf1df_1.1.16299.611_none_46b2cae7edf811ed\gdiplus.dll
0x00007ff882820000 - 0x00007ff8828c0000 	C:\Windows\System32\PortableDeviceApi.dll
0x00007ff888bd0000 - 0x00007ff88901e000 	C:\WINDOWS\System32\SETUPAPI.dll
0x00007ff887490000 - 0x00007ff8874e8000 	C:\WINDOWS\System32\WINTRUST.dll
0x00007ff887240000 - 0x00007ff887252000 	C:\WINDOWS\System32\MSASN1.dll
0x00007ff8872b0000 - 0x00007ff88747e000 	C:\WINDOWS\System32\CRYPT32.dll
0x00007ff858df0000 - 0x00007ff858e26000 	C:\Windows\System32\EhStorShell.dll
0x00007ff865840000 - 0x00007ff865865000 	C:\Windows\System32\EhStorAPI.dll
0x00007ff885c40000 - 0x00007ff885c53000 	C:\Windows\System32\WTSAPI32.dll
0x00007ff85ea20000 - 0x00007ff85ea30000 	C:\WINDOWS\SYSTEM32\LINKINFO.dll
0x00007ff87e440000 - 0x00007ff87e44c000 	C:\WINDOWS\SYSTEM32\Secur32.dll
0x00007ff887120000 - 0x00007ff887150000 	C:\WINDOWS\SYSTEM32\SSPICLI.DLL
0x00007ff8824e0000 - 0x00007ff8824f8000 	C:\WINDOWS\SYSTEM32\samcli.dll
0x00007ff884c20000 - 0x00007ff884c43000 	C:\WINDOWS\SYSTEM32\SAMLIB.dll
0x00007ff858f30000 - 0x00007ff858faa000 	C:\Program Files (x86)\360\360Safe\safemon\360UDiskGuard64.dll
0x00007ff858e70000 - 0x00007ff858f0a000 	C:\Program Files (x86)\Common Files\Adobe\CoreSyncExtension\CoreSync_x64.dll
0x00007ff87daa0000 - 0x00007ff87dab3000 	C:\Program Files\Microsoft Office 15\root\VFS\ProgramFilesCommonX64\Microsoft Shared\Office15\msoxev.dll
0x000000006a880000 - 0x000000006a8aa000 	C:\Program Files\Java\jdk1.8.0_131\jre\bin\dcpr.dll
0x00007ff886620000 - 0x00007ff886653000 	C:\WINDOWS\system32\rsaenh.dll
0x00007ff887150000 - 0x00007ff887179000 	C:\WINDOWS\SYSTEM32\USERENV.dll
0x00007ff886be0000 - 0x00007ff886beb000 	C:\WINDOWS\SYSTEM32\CRYPTBASE.dll
0x00007ff8867b0000 - 0x00007ff8867e9000 	C:\WINDOWS\SYSTEM32\IPHLPAPI.DLL
0x00007ff88af20000 - 0x00007ff88af28000 	C:\WINDOWS\System32\NSI.dll
0x00007ff881c50000 - 0x00007ff881c66000 	C:\WINDOWS\SYSTEM32\dhcpcsvc6.DLL
0x00007ff880810000 - 0x00007ff88082a000 	C:\WINDOWS\SYSTEM32\dhcpcsvc.DLL
0x00007ff860560000 - 0x00007ff8605bf000 	C:\Windows\System32\METISCJAVA.dll
0x00007ff881460000 - 0x00007ff881506000 	C:\WINDOWS\SYSTEM32\MSVCP120.dll
0x00007ff885b20000 - 0x00007ff885c0f000 	C:\WINDOWS\SYSTEM32\MSVCR120.dll
0x00007ff87ff70000 - 0x00007ff880138000 	C:\WINDOWS\SYSTEM32\dbghelp.dll

VM Arguments:
jvm_args: -javaagent:D:\software\IntelliJ IDEA 2017.2.3\lib\idea_rt.jar=17347:D:\software\IntelliJ IDEA 2017.2.3\bin -Dfile.encoding=UTF-8 
java_command: Pipe
java_class_path (initial): D:\Code\java\DSPNGraph\bin;C:\Program Files\Java\jdk1.8.0_131\jre\lib\charsets.jar;C:\Program Files\Java\jdk1.8.0_131\jre\lib\deploy.jar;C:\Program Files\Java\jdk1.8.0_131\jre\lib\ext\access-bridge-64.jar;C:\Program Files\Java\jdk1.8.0_131\jre\lib\ext\cldrdata.jar;C:\Program Files\Java\jdk1.8.0_131\jre\lib\ext\dnsns.jar;C:\Program Files\Java\jdk1.8.0_131\jre\lib\ext\jaccess.jar;C:\Program Files\Java\jdk1.8.0_131\jre\lib\ext\jfxrt.jar;C:\Program Files\Java\jdk1.8.0_131\jre\lib\ext\localedata.jar;C:\Program Files\Java\jdk1.8.0_131\jre\lib\ext\nashorn.jar;C:\Program Files\Java\jdk1.8.0_131\jre\lib\ext\sunec.jar;C:\Program Files\Java\jdk1.8.0_131\jre\lib\ext\sunjce_provider.jar;C:\Program Files\Java\jdk1.8.0_131\jre\lib\ext\sunmscapi.jar;C:\Program Files\Java\jdk1.8.0_131\jre\lib\ext\sunpkcs11.jar;C:\Program Files\Java\jdk1.8.0_131\jre\lib\ext\zipfs.jar;C:\Program Files\Java\jdk1.8.0_131\jre\lib\javaws.jar;C:\Program Files\Java\jdk1.8.0_131\jre\lib\jce.jar;C:\Program Files\Java\jdk1.8.0_131\jre\lib\jfr.jar;C:\Program Files\Java\jdk1.8.0_131\jre\lib\jfxswt.jar;C:\Program Files\Java\jdk1.8.0_131\jre\lib\jsse.jar;C:\Program Files\Java\jdk1.8.0_131\jre\lib\management-agent.jar;C:\Program Files\Java\jdk1.8.0_131\jre\lib\plugin.jar;C:\Program Files\Java\jdk1.8.0_131\jre\lib\resources.jar;C:\Program Files\Java\jdk1.8.0_131\jre\lib\rt.jar;D:\Code\java\DSPNGraph\lib\abbot.jar;D:\Code\java\DSPNGraph\lib\commons-logging-1.1.jar;D:\Code\java\DSPNGraph\lib\drmaa.jar;D:\Code\java\DSPNGraph\lib\hadoop-0.13.1-dev-core.jar;D:\Code\java\DSPNGraph\lib\Jama-1.0.2.jar;D:\Code\java\DSPNGraph\lib\jcommon-1.0.10.jar;D:\Code\java\DSPNGraph\lib\jfreechart-1.0.6-swt.jar;D:\Code\java\DSPNGraph\lib\jfreechart-1.0.6.jar;D:\Code\java\DSPNGraph\lib\jpowergraph-0.2-common.jar;D:\Code\java\DSPNGraph\lib\jpowergraph-0.2-swing.jar;D:\Code\java\DSPNGraph\lib\log4j-1.2.13.jar;D:\Code\java\DSPNGraph\lib\netcdf-4.2.jar;D:\Code\java\DSPNGraph\lib\poi-3.7-20101029.jar;D:\Code\java\D
Launcher Type: SUN_STANDARD

Environment Variables:
JAVA_HOME=C:\Program Files\Java\jdk1.8.0_131
CLASSPATH=D:\software\prti1516\lib\prti1516.jar;D:\software\prti1516\lib\hirestimer.jar;D:\software\prti1516\prti1516\lib\prti1516.jar;D:\software\prti1516\prti1516\lib\hirestimer.jar;D:\software\prti1516\lib\prti1516.jar;D:\software\prti1516\lib\hirestimer.jar;D:\software\prti1516\lib\prti1516.jar;D:\software\prti1516\lib\hirestimer.jar;.;C:\Program Files\Java\jdk1.8.0_131\lib\dt.jar;C:\Program Files\Java\jdk1.8.0_131\lib\tools.jar;C:\Program Files\apache-ant-1.10.2\lib;D:\LINGO64_17\Lingo17.jar
PATH=D:\software\prti1516\jre\bin\client;D:\software\prti1516\lib;D:\software\prti1516\lib\vc80;D:\software\prti1516\prti1516\jre\bin\client;D:\software\prti1516\prti1516\lib;D:\software\prti1516\prti1516\lib\vc80;D:\software\prti1516\jre\bin\client;D:\software\prti1516\lib;D:\software\prti1516\lib\vc80;D:\software\CTEX\UserData\miktex\bin;D:\software\CTEX\MiKTeX\miktex\bin;D:\software\CTEX\CTeX\ctex\bin;D:\software\CTEX\CTeX\cct\bin;D:\software\CTEX\CTeX\ty\bin;D:\software\CTEX\Ghostscript\gs9.05\bin;D:\software\CTEX\GSview\gsview;D:\software\CTEX\WinEdt;C:\Windows\System32;C:\Program Files\Java\jdk1.8.0_131\bin;C:\Program Files\Java\jdk1.8.0_131\jre\bin;D:\LINGO64_17\;D:\software\VC++\Tools\WinNT;D:\software\VC++\MSDev98\Bin;D:\software\VC++\Tools;D:\Code\C++\Tools\WinNT;D:\Code\C++\MSDev98\Bin;D:\Code\C++\Tools;D:\Code\VC98\bin;D:\Python\Scripts\;D:\Python\;C:\Users\Lenovo\AppData\Local\atom\bin;D:\software\;%USERPROFILE%\AppData\Local\Microsoft\WindowsApps
USERNAME=Lenovo
OS=Windows_NT
PROCESSOR_IDENTIFIER=Intel64 Family 6 Model 78 Stepping 3, GenuineIntel



---------------  S Y S T E M  ---------------

OS: Windows 10.0 , 64 bit Build 16299 (10.0.16299.431)

CPU:total 4 (initial active 4) (2 cores per cpu, 2 threads per core) family 6 model 78 stepping 3, cmov, cx8, fxsr, mmx, sse, sse2, sse3, ssse3, sse4.1, sse4.2, popcnt, avx, avx2, clmul, erms, 3dnowpref, lzcnt, ht, tsc, tscinvbit, bmi1, bmi2, adx

Memory: 4k page, physical 12463132k(5665220k free), swap 14363676k(4374516k free)

vm_info: Java HotSpot(TM) 64-Bit Server VM (25.131-b11) for windows-amd64 JRE (1.8.0_131-b11), built on Mar 15 2017 01:23:53 by "java_re" with MS VC++ 10.0 (VS2010)

time: Sat Aug 25 19:43:48 2018
elapsed time: 12 seconds (0d 0h 0m 12s)

