#
# A fatal error has been detected by the Java Runtime Environment:
#
#  EXCEPTION_ACCESS_VIOLATION (0xc0000005) at pc=0x00007ff8814881a2, pid=18788, tid=0x00000000000017d4
#
# JRE version: Java(TM) SE Runtime Environment (8.0_131-b11) (build 1.8.0_131-b11)
# Java VM: Java HotSpot(TM) 64-Bit Server VM (25.131-b11 mixed mode windows-amd64 compressed oops)
# Problematic frame:
# C  0x00007ff8814881a2
#
# Failed to write core dump. Minidumps are not enabled by default on client versions of Windows
#
# If you would like to submit a bug report, please visit:
#   http://bugreport.java.com/bugreport/crash.jsp
# The crash happened outside the Java Virtual Machine in native code.
# See problematic frame for where to report the bug.
#

---------------  T H R E A D  ---------------

Current thread (0x000000001e726000):  JavaThread "AWT-EventQueue-0" [_thread_in_native, id=6100, stack(0x000000001f1e0000,0x000000001f2e0000)]

siginfo: ExceptionCode=0xc0000005, reading address 0x0000000000000039

Registers:
RAX=0x0000000000000001, RBX=0x0000000000000000, RCX=0x0000000027104910, RDX=0x000000001f2d8990
RSP=0x000000001f2d8830, RBP=0x000000001f2d88e1, RSI=0x0000000000000001, RDI=0x000000001f2d8990
R8 =0x000000001f2d8991, R9 =0x000000001f2d88a0, R10=0x0000000000000000, R11=0x000000001f2d8890
R12=0x0000000027104910, R13=0x00000000271750e0, R14=0x00007ff8814f8b20, R15=0x000000001f2d8970
RIP=0x00007ff8814881a2, EFLAGS=0x0000000000010287

Top of Stack: (sp=0x000000001f2d8830)
0x000000001f2d8830:   0000000000000000 0000000000000001
0x000000001f2d8840:   0000000027104910 0000000000000000
0x000000001f2d8850:   0000000000000000 00007ff885bfd32c
0x000000001f2d8860:   000000001f2d8920 000000000000003e
0x000000001f2d8870:   0000000027104c90 0000000000000042
0x000000001f2d8880:   0000000000000000 0000000000000000
0x000000001f2d8890:   000000001f2d8a60 fffffffffffffffe
0x000000001f2d88a0:   0000000000000000 00007ff885b53b84
0x000000001f2d88b0:   0000000000000001 000000000000000f
0x000000001f2d88c0:   00007ff8814f8b20 000000001f2d8aa8
0x000000001f2d88d0:   0000000000000000 000000001f2d8948
0x000000001f2d88e0:   00009a47b0bf6a62 00007ff885b51bcb
0x000000001f2d88f0:   0000000021b881a0 00000000271750e0
0x000000001f2d8900:   ffffffffffffffff 0000000000000080
0x000000001f2d8910:   00007ff8814f8b20 000000001f2d8a60
0x000000001f2d8920:   000000000000003b 00007ff88148f1bc 

Instructions: (pc=0x00007ff8814881a2)
0x00007ff881488182:   91 fe ff 90 4c 8d 4d bf 48 83 7d d7 10 4c 0f 43
0x00007ff881488192:   4d bf 49 8b 04 24 4c 8d 04 3e 48 8b d7 49 8b cc
0x00007ff8814881a2:   ff 50 38 48 8d 55 8f 49 8b ce e8 27 34 fe ff 90
0x00007ff8814881b2:   48 8b c8 e8 ba bb fe ff 4c 8b e0 48 8b 4d 8f 48 


Register to memory mapping:

RAX=0x0000000000000001 is an unknown value
RBX=0x0000000000000000 is an unknown value
RCX=0x0000000027104910 is an unknown value
RDX=0x000000001f2d8990 is pointing into the stack for thread: 0x000000001e726000
RSP=0x000000001f2d8830 is pointing into the stack for thread: 0x000000001e726000
RBP=0x000000001f2d88e1 is pointing into the stack for thread: 0x000000001e726000
RSI=0x0000000000000001 is an unknown value
RDI=0x000000001f2d8990 is pointing into the stack for thread: 0x000000001e726000
R8 =0x000000001f2d8991 is pointing into the stack for thread: 0x000000001e726000
R9 =0x000000001f2d88a0 is pointing into the stack for thread: 0x000000001e726000
R10=0x0000000000000000 is an unknown value
R11=0x000000001f2d8890 is pointing into the stack for thread: 0x000000001e726000
R12=0x0000000027104910 is an unknown value
R13=0x00000000271750e0 is an unknown value
R14=0x00007ff8814f8b20 is an unknown value
R15=0x000000001f2d8970 is pointing into the stack for thread: 0x000000001e726000


Stack: [0x000000001f1e0000,0x000000001f2e0000],  sp=0x000000001f2d8830,  free space=994k
Native frames: (J=compiled Java code, j=interpreted, Vv=VM code, C=native code)
C  0x00007ff8814881a2
C  0x00007ff88148f1bc
