#
# A fatal error has been detected by the Java Runtime Environment:
#
#  EXCEPTION_ACCESS_VIOLATION (0xc0000005) at pc=0x00007ff88146b5ee, pid=12936, tid=0x0000000000002234
#
# JRE version: Java(TM) SE Runtime Environment (8.0_131-b11) (build 1.8.0_131-b11)
# Java VM: Java HotSpot(TM) 64-Bit Server VM (25.131-b11 mixed mode windows-amd64 compressed oops)
# Problematic frame:
# C  [MSVCP120.dll+0xb5ee]
#
# Failed to write core dump. Minidumps are not enabled by default on client versions of Windows
#
# If you would like to submit a bug report, please visit:
#   http://bugreport.java.com/bugreport/crash.jsp
# The crash happened outside the Java Virtual Machine in native code.
# See problematic frame for where to report the bug.
#

---------------  T H R E A D  ---------------

Current thread (0x000000001e420800):  JavaThread "AWT-EventQueue-0" [_thread_in_native, id=8756, stack(0x000000001eeb0000,0x000000001efb0000)]

siginfo: ExceptionCode=0xc0000005, reading address 0x000000000000000a

Registers:
RAX=0x0000000000000002, RBX=0x000000001efa8998, RCX=0x0000000023394c80, RDX=0x000000001efa8998
RSP=0x000000001efa88c0, RBP=0x000000000000001a, RSI=0x0000000000000001, RDI=0x0000000000000000
R8 =0x0000000000000010, R9 =0x0000000000008000, R10=0x0000000022f47ef0, R11=0x000000001efa8730
R12=0x0000000000000038, R13=0xffffffffffffffff, R14=0x0000000023360510, R15=0x0000000022f26df0
RIP=0x00007ff88146b5ee, EFLAGS=0x0000000000010206

Top of Stack: (sp=0x000000001efa88c0)
0x000000001efa88c0:   0000000000000001 00007ff87d811f12
0x000000001efa88d0:   fffffffffffffffe 000000000000001a
0x000000001efa88e0:   00007ff8814f8b10 00007ff88147ac34
0x000000001efa88f0:   000000001efa8928 00007ff8814f8b10
0x000000001efa8900:   0000000000000000 000000002306cce0
0x000000001efa8910:   0000000000000000 000000002309ad10
0x000000001efa8920:   fffffffffffffffe 00007ff8814f8b10
0x000000001efa8930:   cccccccccccccc01 0000000000000014
0x000000001efa8940:   cccccccccccccccc 000000000000005a
0x000000001efa8950:   cccccccc00000004 cccccccccccccccc
0x000000001efa8960:   0000000023360510 0000000023394bc0
0x000000001efa8970:   000000002306cb10 00007ff87d8113c1
0x000000001efa8980:   00007ff8814f8b10 0000000000000000
0x000000001efa8990:   0000000000000000 0000000023394c80
0x000000001efa89a0:   0000000000000000 0000000000000000
0x000000001efa89b0:   0000000000000000 000000001efa89f8 

Instructions: (pc=0x00007ff88146b5ee)
0x00007ff88146b5ce:   41 28 48 89 51 28 c3 cc cc cc 40 53 48 83 ec 20
0x00007ff88146b5de:   48 8b 41 40 48 8b da 48 8b 08 48 89 0a 48 8b 01
0x00007ff88146b5ee:   ff 50 08 48 8b c3 48 83 c4 20 5b c3 cc cc 48 8b
0x00007ff88146b5fe:   c4 48 89 50 10 41 56 48 83 ec 30 48 c7 40 f0 fe 


Register to memory mapping:

RAX=0x0000000000000002 is an unknown value
RBX=0x000000001efa8998 is pointing into the stack for thread: 0x000000001e420800
RCX=0x0000000023394c80 is an unknown value
RDX=0x000000001efa8998 is pointing into the stack for thread: 0x000000001e420800
RSP=0x000000001efa88c0 is pointing into the stack for thread: 0x000000001e420800
RBP=0x000000000000001a is an unknown value
RSI=0x0000000000000001 is an unknown value
RDI=0x0000000000000000 is an unknown value
R8 =0x0000000000000010 is an unknown value
R9 =0x0000000000008000 is an unknown value
R10=0x0000000022f47ef0 is an unknown value
R11=0x000000001efa8730 is pointing into the stack for thread: 0x000000001e420800
R12=0x0000000000000038 is an unknown value
R13=0xffffffffffffffff is an unknown value
R14=0x0000000023360510 is an unknown value
R15=0x0000000022f26df0 is an unknown value


Stack: [0x000000001eeb0000,0x000000001efb0000],  sp=0x000000001efa88c0,  free space=994k
Native frames: (J=compiled Java code, j=interpreted, Vv=VM code, C=native code)
C  [MSVCP120.dll+0xb5ee]
