#
# A fatal error has been detected by the Java Runtime Environment:
#
#  EXCEPTION_ACCESS_VIOLATION (0xc0000005) at pc=0x00007ffb07931c8a, pid=1688, tid=0x00000000000008c8
#
# JRE version: Java(TM) SE Runtime Environment (8.0_131-b11) (build 1.8.0_131-b11)
# Java VM: Java HotSpot(TM) 64-Bit Server VM (25.131-b11 mixed mode windows-amd64 compressed oops)
# Problematic frame:
# C  [ntdll.dll+0x41c8a]
#
# Failed to write core dump. Minidumps are not enabled by default on client versions of Windows
#
# If you would like to submit a bug report, please visit:
#   http://bugreport.java.com/bugreport/crash.jsp
# The crash happened outside the Java Virtual Machine in native code.
# See problematic frame for where to report the bug.
#

---------------  T H R E A D  ---------------

Current thread (0x0000000005213800):  JavaThread "main" [_thread_in_native, id=2248, stack(0x0000000004b30000,0x0000000004c30000)]

siginfo: ExceptionCode=0xc0000005, reading address 0x0000000000000002

Registers:
RAX=0x000000000000009f, RBX=0x0000000000060010, RCX=0x0000000000000001, RDX=0x0000000000000001
RSP=0x0000000004c2e990, RBP=0x0000000002e302bc, RSI=0x0000000002f97090, RDI=0x0000000000000070
R8 =0x0000000000000000, R9 =0x0000000000000002, R10=0x0000000002e31800, R11=0x0000000000000000
R12=0x0000000002f96860, R13=0x0000000002e30000, R14=0x000000000000009f, R15=0x0000000002e30cc0
RIP=0x00007ffb07931c8a, EFLAGS=0x0000000000010283

Top of Stack: (sp=0x0000000004c2e990)
0x0000000004c2e990:   0000000afffffc99 fffffd1300c27000
0x0000000004c2e9a0:   00000006fffffc95 fffffd0702eba278
0x0000000004c2e9b0:   0000000002e315c0 0000000000000000
0x0000000004c2e9c0:   0000000002e31800 0000000000000000
0x0000000004c2e9d0:   0000000002e30000 0000000000c27000
0x0000000004c2e9e0:   000000000373a2d4 000000000000007a
0x0000000004c2e9f0:   00000001000002f3 0000000002e30cc0
0x0000000004c2ea00:   000000000000000c 0000000002e30cc0
0x0000000004c2ea10:   000000000000002c 0000000000000070
0x0000000004c2ea20:   0000000000000000 0000000000000000
0x0000000004c2ea30:   0000000000000000 0000000000000007
0x0000000004c2ea40:   0000000000000000 0000000000000007
0x0000000004c2ea50:   0000000000000070 0000000000000060
0x0000000004c2ea60:   0000000002eb0000 00007ffb07930f12
0x0000000004c2ea70:   0000000000000040 0000000000000000
0x0000000004c2ea80:   0000000000000060 0000000000000000 

Instructions: (pc=0x00007ffb07931c8a)
0x00007ffb07931c6a:   3b ce 0f 84 3d 01 00 00 8b 8c 24 e0 00 00 00 44
0x00007ffb07931c7a:   0f af c1 41 c1 e8 07 83 f9 40 0f 83 f3 00 00 00
0x00007ffb07931c8a:   49 8b 01 48 f7 d0 48 0f bc d0 b8 01 00 00 00 48
0x00007ffb07931c9a:   d3 e0 44 03 c2 8b ca 48 ff c8 48 d3 e0 49 8b 11 


Register to memory mapping:

RAX=0x000000000000009f is an unknown value
RBX=0x0000000000060010 is an unknown value
RCX=0x0000000000000001 is an unknown value
RDX=0x0000000000000001 is an unknown value
RSP=0x0000000004c2e990 is pointing into the stack for thread: 0x0000000005213800
RBP=0x0000000002e302bc is an unknown value
RSI=0x0000000002f97090 is an unknown value
RDI=0x0000000000000070 is an unknown value
R8 =0x0000000000000000 is an unknown value
R9 =0x0000000000000002 is an unknown value
R10=0x0000000002e31800 is an unknown value
R11=0x0000000000000000 is an unknown value
R12=0x0000000002f96860 is an unknown value
R13=0x0000000002e30000 is an unknown value
R14=0x000000000000009f is an unknown value
R15=0x0000000002e30cc0 is an unknown value


Stack: [0x0000000004b30000,0x0000000004c30000],  sp=0x0000000004c2e990,  free space=1018k
Native frames: (J=compiled Java code, j=interpreted, Vv=VM code, C=native code)
C  [ntdll.dll+0x41c8a]
C  [ntdll.dll+0x40f12]
