#
# A fatal error has been detected by the Java Runtime Environment:
#
#  EXCEPTION_ACCESS_VIOLATION (0xc0000005) at pc=0x00007ff8814881a2, pid=17664, tid=0x0000000000003248
#
# JRE version: Java(TM) SE Runtime Environment (8.0_131-b11) (build 1.8.0_131-b11)
# Java VM: Java HotSpot(TM) 64-Bit Server VM (25.131-b11 mixed mode windows-amd64 compressed oops)
# Problematic frame:
# C  [MSVCP120.dll+0x281a2]
#
# Failed to write core dump. Minidumps are not enabled by default on client versions of Windows
#
# If you would like to submit a bug report, please visit:
#   http://bugreport.java.com/bugreport/crash.jsp
# The crash happened outside the Java Virtual Machine in native code.
# See problematic frame for where to report the bug.
#

---------------  T H R E A D  ---------------

Current thread (0x000000001e6b0000):  JavaThread "AWT-EventQueue-0" [_thread_in_native, id=12872, stack(0x000000001f1f0000,0x000000001f2f0000)]

siginfo: ExceptionCode=0xc0000005, reading address 0x0000000000000039

Registers:
RAX=0x0000000000000001, RBX=0x0000000000000000, RCX=0x00000000235e9c90, RDX=0x000000001f2e8d50
RSP=0x000000001f2e8bf0, RBP=0x000000001f2e8ca1, RSI=0x0000000000000001, RDI=0x000000001f2e8d50
R8 =0x000000001f2e8d51, R9 =0x000000001f2e8c60, R10=0x0000000000000000, R11=0x000000001f2e8c50
R12=0x00000000235e9c90, R13=0x00000000235a1300, R14=0x00007ff8814f8b20, R15=0x000000001f2e8d30
RIP=0x00007ff8814881a2, EFLAGS=0x0000000000010287

Top of Stack: (sp=0x000000001f2e8bf0)
0x000000001f2e8bf0:   0000000000000000 0000000000000001
0x000000001f2e8c00:   00000000235e9c90 0000000000000000
0x000000001f2e8c10:   0000000000000000 00007ff885bfd32c
0x000000001f2e8c20:   000000001f2e8d20 000000000000003e
0x000000001f2e8c30:   00000000235e9450 0000000000000042
0x000000001f2e8c40:   0000000000000000 0000000000000000
0x000000001f2e8c50:   000000001f2e8e20 fffffffffffffffe
0x000000001f2e8c60:   0000000000000000 00007ff885b53b84
0x000000001f2e8c70:   0000000000000001 000000000000000f
0x000000001f2e8c80:   00007ff8814f8b20 000000001f2e8e68
0x000000001f2e8c90:   0000000000000000 000000001f2e8d08
0x000000001f2e8ca0:   0000b467349216ff 00007ff885b51bcb
0x000000001f2e8cb0:   00000000234e39d0 00000000235a1300
0x000000001f2e8cc0:   ffffffffffffffff 0000000000000038
0x000000001f2e8cd0:   00007ff8814f8b20 000000001f2e8e20
0x000000001f2e8ce0:   000000000000001a 00007ff88148f1bc 

Instructions: (pc=0x00007ff8814881a2)
0x00007ff881488182:   91 fe ff 90 4c 8d 4d bf 48 83 7d d7 10 4c 0f 43
0x00007ff881488192:   4d bf 49 8b 04 24 4c 8d 04 3e 48 8b d7 49 8b cc
0x00007ff8814881a2:   ff 50 38 48 8d 55 8f 49 8b ce e8 27 34 fe ff 90
0x00007ff8814881b2:   48 8b c8 e8 ba bb fe ff 4c 8b e0 48 8b 4d 8f 48 


Register to memory mapping:

RAX=0x0000000000000001 is an unknown value
RBX=0x0000000000000000 is an unknown value
RCX=0x00000000235e9c90 is an unknown value
RDX=0x000000001f2e8d50 is pointing into the stack for thread: 0x000000001e6b0000
RSP=0x000000001f2e8bf0 is pointing into the stack for thread: 0x000000001e6b0000
RBP=0x000000001f2e8ca1 is pointing into the stack for thread: 0x000000001e6b0000
RSI=0x0000000000000001 is an unknown value
RDI=0x000000001f2e8d50 is pointing into the stack for thread: 0x000000001e6b0000
R8 =0x000000001f2e8d51 is pointing into the stack for thread: 0x000000001e6b0000
R9 =0x000000001f2e8c60 is pointing into the stack for thread: 0x000000001e6b0000
R10=0x0000000000000000 is an unknown value
R11=0x000000001f2e8c50 is pointing into the stack for thread: 0x000000001e6b0000
R12=0x00000000235e9c90 is an unknown value
R13=0x00000000235a1300 is an unknown value
R14=0x00007ff8814f8b20 is an unknown value
R15=0x000000001f2e8d30 is pointing into the stack for thread: 0x000000001e6b0000


Stack: [0x000000001f1f0000,0x000000001f2f0000],  sp=0x000000001f2e8bf0,  free space=994k
Native frames: (J=compiled Java code, j=interpreted, Vv=VM code, C=native code)
C  [MSVCP120.dll+0x281a2]
C  [MSVCP120.dll+0x2f1bc]
C  [MSVCP120.dll+0x1aca7]
C  [METISCJAVA.dll+0x13c1]  DLL_API_METIS_PartGraphKway+0x151
C  [METISCJAVA.dll+0x1a52]