#
# A fatal error has been detected by the Java Runtime Environment:
#
#  EXCEPTION_ACCESS_VIOLATION (0xc0000005) at pc=0x00007ff88146b5ee, pid=15376, tid=0x0000000000002174
#
# JRE version: Java(TM) SE Runtime Environment (8.0_131-b11) (build 1.8.0_131-b11)
# Java VM: Java HotSpot(TM) 64-Bit Server VM (25.131-b11 mixed mode windows-amd64 compressed oops)
# Problematic frame:
# C  [MSVCP120.dll+0xb5ee]
#
# Failed to write core dump. Minidumps are not enabled by default on client versions of Windows
#
# If you would like to submit a bug report, please visit:
#   http://bugreport.java.com/bugreport/crash.jsp
# The crash happened outside the Java Virtual Machine in native code.
# See problematic frame for where to report the bug.
#

---------------  T H R E A D  ---------------

Current thread (0x000000001e347000):  JavaThread "AWT-EventQueue-0" [_thread_in_native, id=8564, stack(0x000000001ed30000,0x000000001ee30000)]

siginfo: ExceptionCode=0xc0000005, reading address 0x0000000000000008

Registers:
RAX=0x0000000000000000, RBX=0x000000001ee28f58, RCX=0x0000000025896cd0, RDX=0x000000001ee28f58
RSP=0x000000001ee28e80, RBP=0x000000000000003b, RSI=0x0000000000000001, RDI=0x0000000000000000
R8 =0x0000000000000010, R9 =0x0000000000008000, R10=0x00000000258946a0, R11=0x000000001ee28cf0
R12=0x0000000000000080, R13=0xffffffffffffffff, R14=0x00000000258629e0, R15=0x000000002182c200
RIP=0x00007ff88146b5ee, EFLAGS=0x0000000000010202

Top of Stack: (sp=0x000000001ee28e80)
0x000000001ee28e80:   0000000000000001 00007ff87da01f12
0x000000001ee28e90:   fffffffffffffffe 000000000000003b
0x000000001ee28ea0:   00007ff8814f8b10 00007ff88147ac34
0x000000001ee28eb0:   000000001ee28ee8 00007ff8814f8b10
0x000000001ee28ec0:   0000000000000000 00000000223b21e0
0x000000001ee28ed0:   0000000000000000 00000000224cfc30
0x000000001ee28ee0:   fffffffffffffffe 00007ff8814f8b10
0x000000001ee28ef0:   cccccccccccccc01 0000000000000028
0x000000001ee28f00:   cccccccccccccccc 0000000000000078
0x000000001ee28f10:   cccccccc00000004 cccccccccccccccc
0x000000001ee28f20:   00000000258629e0 0000000025896b10
0x000000001ee28f30:   00000000223b0160 00007ff87da013c1
0x000000001ee28f40:   00007ff8814f8b10 0000000000000000
0x000000001ee28f50:   0000000000000000 0000000025896cd0
0x000000001ee28f60:   0000000000000000 0000000000000000
0x000000001ee28f70:   0000000000000000 000000001ee28fb8 

Instructions: (pc=0x00007ff88146b5ee)
0x00007ff88146b5ce:   41 28 48 89 51 28 c3 cc cc cc 40 53 48 83 ec 20
0x00007ff88146b5de:   48 8b 41 40 48 8b da 48 8b 08 48 89 0a 48 8b 01
0x00007ff88146b5ee:   ff 50 08 48 8b c3 48 83 c4 20 5b c3 cc cc 48 8b
0x00007ff88146b5fe:   c4 48 89 50 10 41 56 48 83 ec 30 48 c7 40 f0 fe 


Register to memory mapping:

RAX=0x0000000000000000 is an unknown value
RBX=0x000000001ee28f58 is pointing into the stack for thread: 0x000000001e347000
RCX=0x0000000025896cd0 is an unknown value
RDX=0x000000001ee28f58 is pointing into the stack for thread: 0x000000001e347000
RSP=0x000000001ee28e80 is pointing into the stack for thread: 0x000000001e347000
RBP=0x000000000000003b is an unknown value
RSI=0x0000000000000001 is an unknown value
RDI=0x0000000000000000 is an unknown value
R8 =0x0000000000000010 is an unknown value
R9 =0x0000000000008000 is an unknown value
R10=0x00000000258946a0 is an unknown value
R11=0x000000001ee28cf0 is pointing into the stack for thread: 0x000000001e347000
R12=0x0000000000000080 is an unknown value
R13=0xffffffffffffffff is an unknown value
R14=0x00000000258629e0 is an unknown value
R15=0x000000002182c200 is an unknown value


Stack: [0x000000001ed30000,0x000000001ee30000],  sp=0x000000001ee28e80,  free space=995k
Native frames: (J=compiled Java code, j=interpreted, Vv=VM code, C=native code)
C  [MSVCP120.dll+0xb5ee]
C  [MSVCP120.dll+0x1ac34]
C  [METISCJAVA.dll+0x13c1]  DLL_API_METIS_PartGraphKway+0x151
C  [METISCJAVA.dll+0x1a52]  Java_pipe_hla_SimDSPNModule_util_JNICJAVA_METIS_1PartGraphKway+0x172
C  0x0000000004ed7f74

Java frames: (J=compiled Java code, j=interpreted, Vv=VM code)
j  pipe.hla.SimDSPNModule.util.JNICJAVA.METIS_PartGraphKway(II[I[II[I)I+0
j  pipe.hla.SimDSPNModule.util.SubGraphByPlaceAndTransitionUtils.MainProcessOfPartition(Lpipe/hla/SimDSPNModule/basemodel/OLGraph;I)[Lpipe/hla/SimDSPNModule/basemodel/OLGraph;+48
j  pipe.hla.SimDSPNModule.hlasimulation.ParallelSimulation.partitionMain(I)V+9
j  pipe.hla.SimDSPNModule.hlasimulation.ParallelSimulation$1.actionPerformed(Ljava/awt/event/ActionEvent;)V+79
j  javax.swing.AbstractButton.fireActionPerformed(Ljava/awt/event/ActionEvent;)V+83
j  javax.swing.AbstractButton$Handler.actionPerformed(Ljava/awt/event/ActionEvent;)V+5
j  javax.swing.DefaultButtonModel.fireActionPerformed(Ljava/awt/event/ActionEvent;)V+34
j  javax.swing.DefaultButtonModel.setPressed(Z)V+117
j  javax.swing.plaf.basic.BasicButtonListener.mouseReleased(Ljava/awt/event/MouseEvent;)V+35
j  java.awt.Component.processMouseEvent(Ljava/awt/event/MouseEvent;)V+64
j  javax.swing.JComponent.processMouseEvent(Ljava/awt/event/MouseEvent;)V+23
J 1393 C1 java.awt.Component.processEvent(Ljava/awt/AWTEvent;)V (220 bytes) @ 0x00000000053930c4 [0x0000000005392ba0+0x524]
J 1439 C1 java.awt.Container.processEvent(Ljava/awt/AWTEvent;)V (22 bytes) @ 0x00000000053b718c [0x00000000053b6e60+0x32c]
J 1384 C1 java.awt.Component.dispatchEventImpl(Ljava/awt/AWTEvent;)V (883 bytes) @ 0x0000000005386efc [0x00000000053819c0+0x553c]
J 1319 C1 java.awt.Container.dispatchEventImpl(Ljava/awt/AWTEvent;)V (129 bytes) @ 0x000000000533110c [0x0000000005330fc0+0x14c]
J 1409 C1 java.awt.LightweightDispatcher.retargetMouseEvent(Ljava/awt/Component;ILjava/awt/event/MouseEvent;)V (350 bytes) @ 0x00000000053a456c [0x00000000053a2000+0x256c]
J 1449 C1 java.awt.LightweightDispatcher.processMouseEvent(Ljava/awt/event/MouseEvent;)Z (286 bytes) @ 0x00000000053bf294 [0x00000000053bdb40+0x1754]
J 1385 C1 java.awt.LightweightDispatcher.dispatchEvent(Ljava/awt/AWTEvent;)Z (73 bytes) @ 0x000000000538da3c [0x000000000538d600+0x43c]
J 1319 C1 java.awt.Container.dispatchEventImpl(Ljava/awt/AWTEvent;)V (129 bytes) @ 0x00000000053310ac [0x0000000005330fc0+0xec]
J 1402 C1 java.awt.Window.dispatchEventImpl(Ljava/awt/AWTEvent;)V (23 bytes) @ 0x0000000005399d64 [0x0000000005399780+0x5e4]
J 3838 C1 java.awt.EventQueue.dispatchEventImpl(Ljava/awt/AWTEvent;Ljava/lang/Object;)V (149 bytes) @ 0x0000000005abd9bc [0x0000000005abc140+0x187c]
J 1394 C1 java.awt.EventQueue$3.run()Ljava/lang/Void; (60 bytes) @ 0x0000000005394bdc [0x00000000053949c0+0x21c]
J 1335 C1 java.awt.EventQueue$3.run()Ljava/lang/Object; (5 bytes) @ 0x000000000533a70c [0x000000000533a680+0x8c]
v  ~StubRoutines::call_stub
J 901  java.security.AccessController.doPrivileged(Ljava/security/PrivilegedAction;Ljava/security/AccessControlContext;)Ljava/lang/Object; (0 bytes) @ 0x00000000052308a6 [0x0000000005230840+0x66]
J 1390 C1 java.awt.EventQueue$4.run()Ljava/lang/Object; (5 bytes) @ 0x00000000053906b4 [0x0000000005390280+0x434]
v  ~StubRoutines::call_stub
J 901  java.security.AccessController.doPrivileged(Ljava/security/PrivilegedAction;Ljava/security/AccessControlContext;)Ljava/lang/Object; (0 bytes) @ 0x00000000052308a6 [0x0000000005230840+0x66]
J 1333 C1 java.awt.EventQueue.dispatchEvent(Ljava/awt/AWTEvent;)V (80 bytes) @ 0x000000000533be3c [0x000000000533af80+0xebc]
J 1338 C1 java.awt.EventDispatchThread.pumpOneEventForFilters(I)V (295 bytes) @ 0x000000000533fd8c [0x000000000533e200+0x1b8c]
j  java.awt.EventDispatchThread.pumpEventsForFilter(ILjava/awt/Conditional;Ljava/awt/EventFilter;)V+35
j  java.awt.EventDispatchThread.pumpEventsForFilter(Ljava/awt/Conditional;Ljava/awt/EventFilter;)V+4
j  java.awt.WaitDispatchSupport$2.run()V+59
j  java.awt.WaitDispatchSupport$4.run()Ljava/lang/Void;+4
j  java.awt.WaitDispatchSupport$4.run()Ljava/lang/Object;+1
v  ~StubRoutines::call_stub
J 536  java.security.AccessController.doPrivileged(Ljava/security/PrivilegedAction;)Ljava/lang/Object; (0 bytes) @ 0x00000000051191d2 [0x0000000005119180+0x52]
j  java.awt.WaitDispatchSupport.enter()Z+279
j  java.awt.Dialog.show()V+233
j  java.awt.Component.show(Z)V+5
j  java.awt.Component.setVisible(Z)V+2
j  java.awt.Window.setVisible(Z)V+2
j  java.awt.Dialog.setVisible(Z)V+2
j  pipe.hla.SimDSPNModule.hlasimulation.ParallelSimulation.start()V+322
v  ~StubRoutines::call_stub
J 2576  sun.reflect.NativeMethodAccessorImpl.invoke0(Ljava/lang/reflect/Method;Ljava/lang/Object;[Ljava/lang/Object;)Ljava/lang/Object; (0 bytes) @ 0x0000000005718a7f [0x0000000005718a00+0x7f]
J 2575 C1 sun.reflect.NativeMethodAccessorImpl.invoke(Ljava/lang/Object;[Ljava/lang/Object;)Ljava/lang/Object; (104 bytes) @ 0x000000000571a0fc [0x0000000005718f00+0x11fc]
J 887 C1 sun.reflect.DelegatingMethodAccessorImpl.invoke(Ljava/lang/Object;[Ljava/lang/Object;)Ljava/lang/Object; (10 bytes) @ 0x0000000005226e4c [0x0000000005226d40+0x10c]
J 886 C1 java.lang.reflect.Method.invoke(Ljava/lang/Object;[Ljava/lang/Object;)Ljava/lang/Object; (62 bytes) @ 0x000000000522ba34 [0x000000000522b640+0x3f4]
j  pipe.gui.ModuleMethod.execute()V+30
j  pipe.gui.ModuleManager$TreeHandler.mouseClicked(Ljava/awt/event/MouseEvent;)V+89
j  java.awt.AWTEventMulticaster.mouseClicked(Ljava/awt/event/MouseEvent;)V+21
j  java.awt.Component.processMouseEvent(Ljava/awt/event/MouseEvent;)V+74
j  javax.swing.JComponent.processMouseEvent(Ljava/awt/event/MouseEvent;)V+23
J 1393 C1 java.awt.Component.processEvent(Ljava/awt/AWTEvent;)V (220 bytes) @ 0x00000000053930c4 [0x0000000005392ba0+0x524]
J 1439 C1 java.awt.Container.processEvent(Ljava/awt/AWTEvent;)V (22 bytes) @ 0x00000000053b718c [0x00000000053b6e60+0x32c]
J 1384 C1 java.awt.Component.dispatchEventImpl(Ljava/awt/AWTEvent;)V (883 bytes) @ 0x0000000005386efc [0x00000000053819c0+0x553c]
J 1319 C1 java.awt.Container.dispatchEventImpl(Ljava/awt/AWTEvent;)V (129 bytes) @ 0x000000000533110c [0x0000000005330fc0+0x14c]
J 1409 C1 java.awt.LightweightDispatcher.retargetMouseEvent(Ljava/awt/Component;ILjava/awt/event/MouseEvent;)V (350 bytes) @ 0x00000000053a456c [0x00000000053a2000+0x256c]
J 1449 C1 java.awt.LightweightDispatcher.processMouseEvent(Ljava/awt/event/MouseEvent;)Z (286 bytes) @ 0x00000000053bf3bc [0x00000000053bdb40+0x187c]
J 1385 C1 java.awt.LightweightDispatcher.dispatchEvent(Ljava/awt/AWTEvent;)Z (73 bytes) @ 0x000000000538da3c [0x000000000538d600+0x43c]
J 1319 C1 java.awt.Container.dispatchEventImpl(Ljava/awt/AWTEvent;)V (129 bytes) @ 0x00000000053310ac [0x0000000005330fc0+0xec]
J 1402 C1 java.awt.Window.dispatchEventImpl(Ljava/awt/AWTEvent;)V (23 bytes) @ 0x0000000005399d64 [0x0000000005399780+0x5e4]
J 3838 C1 java.awt.EventQueue.dispatchEventImpl(Ljava/awt/AWTEvent;Ljava/lang/Object;)V (149 bytes) @ 0x0000000005abd9bc [0x0000000005abc140+0x187c]
J 1394 C1 java.awt.EventQueue$3.run()Ljava/lang/Void; (60 bytes) @ 0x0000000005394bdc [0x00000000053949c0+0x21c]
J 1335 C1 java.awt.EventQueue$3.run()Ljava/lang/Object; (5 bytes) @ 0x000000000533a70c [0x000000000533a680+0x8c]
v  ~StubRoutines::call_stub
J 901  java.security.AccessController.doPrivileged(Ljava/security/PrivilegedAction;Ljava/security/AccessControlContext;)Ljava/lang/Object; (0 bytes) @ 0x00000000052308a6 [0x0000000005230840+0x66]
J 1390 C1 java.awt.EventQueue$4.run()Ljava/lang/Object; (5 bytes) @ 0x00000000053906b4 [0x0000000005390280+0x434]
v  ~StubRoutines::call_stub
J 901  java.security.AccessController.doPrivileged(Ljava/security/PrivilegedAction;Ljava/security/AccessControlContext;)Ljava/lang/Object; (0 bytes) @ 0x00000000052308a6 [0x0000000005230840+0x66]
J 1333 C1 java.awt.EventQueue.dispatchEvent(Ljava/awt/AWTEvent;)V (80 bytes) @ 0x000000000533be3c [0x000000000533af80+0xebc]
J 1338 C1 java.awt.EventDispatchThread.pumpOneEventForFilters(I)V (295 bytes) @ 0x000000000533fd8c [0x000000000533e200+0x1b8c]
j  java.awt.EventDispatchThread.pumpEventsForFilter(ILjava/awt/Conditional;Ljava/awt/EventFilter;)V+35
j  java.awt.EventDispatchThread.pumpEventsForHierarchy(ILjava/awt/Conditional;Ljava/awt/Component;)V+11
j  java.awt.EventDispatchThread.pumpEvents(ILjava/awt/Conditional;)V+4
j  java.awt.EventDispatchThread.pumpEvents(Ljava/awt/Conditional;)V+3
j  java.awt.EventDispatchThread.run()V+9
v  ~StubRoutines::call_stub

---------------  P R O C E S S  ---------------

Java Threads: ( => current thread )
  0x0000000020523000 JavaThread "Swing-Shell" daemon [_thread_blocked, id=10116, stack(0x0000000025580000,0x0000000025680000)]
  0x000000001e95e800 JavaThread "TimerQueue" daemon [_thread_blocked, id=2532, stack(0x0000000020bf0000,0x0000000020cf0000)]
  0x0000000004d53800 JavaThread "DestroyJavaVM" [_thread_blocked, id=15676, stack(0x0000000002fa0000,0x00000000030a0000)]
=>0x000000001e347000 JavaThread "AWT-EventQueue-0" [_thread_in_native, id=8564, stack(0x000000001ed30000,0x000000001ee30000)]
  0x000000001e343800 JavaThread "AWT-Windows" daemon [_thread_in_native, id=4764, stack(0x000000001eb60000,0x000000001ec60000)]
  0x000000001e33d000 JavaThread "AWT-Shutdown" [_thread_blocked, id=16312, stack(0x000000001ea60000,0x000000001eb60000)]
  0x000000001e339800 JavaThread "Java2D Disposer" daemon [_thread_blocked, id=17580, stack(0x000000001e960000,0x000000001ea60000)]
  0x000000001d74b000 JavaThread "Service Thread" daemon [_thread_blocked, id=1460, stack(0x000000001dec0000,0x000000001dfc0000)]
  0x000000001d6b2000 JavaThread "C1 CompilerThread2" daemon [_thread_blocked, id=6340, stack(0x000000001ddc0000,0x000000001dec0000)]
  0x000000001d660800 JavaThread "C2 CompilerThread1" daemon [_thread_blocked, id=14384, stack(0x000000001dcc0000,0x000000001ddc0000)]
  0x000000001d6ad800 JavaThread "C2 CompilerThread0" daemon [_thread_blocked, id=12776, stack(0x000000001dbc0000,0x000000001dcc0000)]
  0x000000001d656000 JavaThread "Monitor Ctrl-Break" daemon [_thread_in_native, id=7720, stack(0x000000001dac0000,0x000000001dbc0000)]
  0x000000001bf9e800 JavaThread "Attach Listener" daemon [_thread_blocked, id=14600, stack(0x000000001d9c0000,0x000000001dac0000)]
  0x000000001d4c8800 JavaThread "Signal Dispatcher" daemon [_thread_blocked, id=4816, stack(0x000000001d8c0000,0x000000001d9c0000)]
  0x000000001bf2a800 JavaThread "Finalizer" daemon [_thread_blocked, id=9816, stack(0x000000001d1c0000,0x000000001d2c0000)]
  0x0000000004e41800 JavaThread "Reference Handler" daemon [_thread_blocked, id=5688, stack(0x000000001d0c0000,0x000000001d1c0000)]

Other Threads:
  0x000000001bf08000 VMThread [stack: 0x000000001cfc0000,0x000000001d0c0000] [id=11036]
  0x000000001d7b7000 WatcherThread [stack: 0x000000001dfc0000,0x000000001e0c0000] [id=17176]

VM state:not at safepoint (normal execution)

VM Mutex/Monitor currently owned by a thread: None

Heap:
 PSYoungGen      total 92672K, used 38727K [0x0000000780980000, 0x0000000787700000, 0x00000007c0000000)
  eden space 87040K, 38% used [0x0000000780980000,0x00000007829f1e90,0x0000000785e80000)
  from space 5632K, 97% used [0x0000000787180000,0x00000007876e0000,0x0000000787700000)
  to   space 8192K, 0% used [0x0000000786700000,0x0000000786700000,0x0000000786f00000)
 ParOldGen       total 91136K, used 15400K [0x0000000701c00000, 0x0000000707500000, 0x0000000780980000)
  object space 91136K, 16% used [0x0000000701c00000,0x0000000702b0a230,0x0000000707500000)
 Metaspace       used 25100K, capacity 25574K, committed 25856K, reserved 1071104K
  class space    used 3131K, capacity 3238K, committed 3328K, reserved 1048576K

Card table byte_map: [0x0000000014280000,0x0000000014880000] byte_map_base: 0x0000000010a72000

Marking Bits: (ParMarkBitMap*) 0x000000006812c720
 Begin Bits: [0x0000000015080000, 0x0000000018010000)
 End Bits:   [0x0000000018010000, 0x000000001afa0000)

Polling page: 0x00000000007f0000

CodeCache: size=245760Kb used=13142Kb max_used=13142Kb free=232617Kb
 bounds [0x0000000004ec0000, 0x0000000005bb0000, 0x0000000013ec0000]
 total_blobs=4579 nmethods=3987 adapters=501
 compilation: enabled

Compilation events (10 events):
Event: 17.760 Thread 0x000000001d6b2000 nmethod 4252 0x0000000005b90410 code [0x0000000005b90560, 0x0000000005b90670]
Event: 17.760 Thread 0x000000001d6b2000 4256       1       pipe.hla.SimDSPNModule.basemodel.EdgeNode::getTargetIndex (5 bytes)
Event: 17.760 Thread 0x000000001d6b2000 nmethod 4256 0x0000000005b90150 code [0x0000000005b902a0, 0x0000000005b903b0]
Event: 17.760 Thread 0x000000001d6b2000 4253       1       pipe.hla.SimDSPNModule.basemodel.VexNode::getAUWeightOfVexNode (5 bytes)
Event: 17.760 Thread 0x000000001d6b2000 nmethod 4253 0x0000000005b96150 code [0x0000000005b962a0, 0x0000000005b963b0]
Event: 17.760 Thread 0x000000001d6b2000 4248       1       pipe.hla.SimDSPNModule.ordinarysimulation.ordinarymodel.ArcNode::isAUEdge (5 bytes)
Event: 17.760 Thread 0x000000001d6b2000 nmethod 4248 0x0000000005b97910 code [0x0000000005b97a60, 0x0000000005b97b70]
Event: 17.760 Thread 0x000000001d660800 nmethod 4249 0x0000000005b999d0 code [0x0000000005b99b40, 0x0000000005b9a228]
Event: 17.761 Thread 0x000000001d6b2000 4258       3       java.io.WinNTFileSystem::canonicalize (372 bytes)
Event: 17.762 Thread 0x000000001d6ad800 nmethod 4250 0x0000000005b96ad0 code [0x0000000005b96c20, 0x0000000005b972a8]

GC Heap History (10 events):
Event: 6.046 GC heap before
{Heap before GC invocations=1 (full 0):
 PSYoungGen      total 57344K, used 49152K [0x0000000780980000, 0x0000000784980000, 0x00000007c0000000)
  eden space 49152K, 100% used [0x0000000780980000,0x0000000783980000,0x0000000783980000)
  from space 8192K, 0% used [0x0000000784180000,0x0000000784180000,0x0000000784980000)
  to   space 8192K, 0% used [0x0000000783980000,0x0000000783980000,0x0000000784180000)
 ParOldGen       total 131072K, used 0K [0x0000000701c00000, 0x0000000709c00000, 0x0000000780980000)
  object space 131072K, 0% used [0x0000000701c00000,0x0000000701c00000,0x0000000709c00000)
 Metaspace       used 15782K, capacity 16030K, committed 16256K, reserved 1062912K
  class space    used 2081K, capacity 2162K, committed 2176K, reserved 1048576K
Event: 6.057 GC heap after
Heap after GC invocations=1 (full 0):
 PSYoungGen      total 57344K, used 8190K [0x0000000780980000, 0x0000000784980000, 0x00000007c0000000)
  eden space 49152K, 0% used [0x0000000780980000,0x0000000780980000,0x0000000783980000)
  from space 8192K, 99% used [0x0000000783980000,0x000000078417fbb8,0x0000000784180000)
  to   space 8192K, 0% used [0x0000000784180000,0x0000000784180000,0x0000000784980000)
 ParOldGen       total 131072K, used 12969K [0x0000000701c00000, 0x0000000709c00000, 0x0000000780980000)
  object space 131072K, 9% used [0x0000000701c00000,0x00000007028aa5f0,0x0000000709c00000)
 Metaspace       used 15782K, capacity 16030K, committed 16256K, reserved 1062912K
  class space    used 2081K, capacity 2162K, committed 2176K, reserved 1048576K
}
Event: 8.478 GC heap before
{Heap before GC invocations=2 (full 0):
 PSYoungGen      total 57344K, used 57342K [0x0000000780980000, 0x0000000784980000, 0x00000007c0000000)
  eden space 49152K, 100% used [0x0000000780980000,0x0000000783980000,0x0000000783980000)
  from space 8192K, 99% used [0x0000000783980000,0x000000078417fbb8,0x0000000784180000)
  to   space 8192K, 0% used [0x0000000784180000,0x0000000784180000,0x0000000784980000)
 ParOldGen       total 131072K, used 12969K [0x0000000701c00000, 0x0000000709c00000, 0x0000000780980000)
  object space 131072K, 9% used [0x0000000701c00000,0x00000007028aa5f0,0x0000000709c00000)
 Metaspace       used 19171K, capacity 19408K, committed 19840K, reserved 1067008K
  class space    used 2507K, capacity 2589K, committed 2688K, reserved 1048576K
Event: 8.485 GC heap after
Heap after GC invocations=2 (full 0):
 PSYoungGen      total 57344K, used 8186K [0x0000000780980000, 0x0000000784980000, 0x00000007c0000000)
  eden space 49152K, 0% used [0x0000000780980000,0x0000000780980000,0x0000000783980000)
  from space 8192K, 99% used [0x0000000784180000,0x000000078497ead8,0x0000000784980000)
  to   space 8192K, 0% used [0x0000000783980000,0x0000000783980000,0x0000000784180000)
 ParOldGen       total 131072K, used 18717K [0x0000000701c00000, 0x0000000709c00000, 0x0000000780980000)
  object space 131072K, 14% used [0x0000000701c00000,0x0000000702e47588,0x0000000709c00000)
 Metaspace       used 19171K, capacity 19408K, committed 19840K, reserved 1067008K
  class space    used 2507K, capacity 2589K, committed 2688K, reserved 1048576K
}
Event: 8.589 GC heap before
{Heap before GC invocations=3 (full 0):
 PSYoungGen      total 57344K, used 15369K [0x0000000780980000, 0x0000000784980000, 0x00000007c0000000)
  eden space 49152K, 14% used [0x0000000780980000,0x0000000781083bb8,0x0000000783980000)
  from space 8192K, 99% used [0x0000000784180000,0x000000078497ead8,0x0000000784980000)
  to   space 8192K, 0% used [0x0000000783980000,0x0000000783980000,0x0000000784180000)
 ParOldGen       total 131072K, used 18717K [0x0000000701c00000, 0x0000000709c00000, 0x0000000780980000)
  object space 131072K, 14% used [0x0000000701c00000,0x0000000702e47588,0x0000000709c00000)
 Metaspace       used 20842K, capacity 21122K, committed 21248K, reserved 1067008K
  class space    used 2737K, capacity 2815K, committed 2816K, reserved 1048576K
Event: 8.595 GC heap after
Heap after GC invocations=3 (full 0):
 PSYoungGen      total 57344K, used 8180K [0x0000000780980000, 0x0000000787980000, 0x00000007c0000000)
  eden space 49152K, 0% used [0x0000000780980000,0x0000000780980000,0x0000000783980000)
  from space 8192K, 99% used [0x0000000783980000,0x000000078417d158,0x0000000784180000)
  to   space 8192K, 0% used [0x0000000787180000,0x0000000787180000,0x0000000787980000)
 ParOldGen       total 131072K, used 18781K [0x0000000701c00000, 0x0000000709c00000, 0x0000000780980000)
  object space 131072K, 14% used [0x0000000701c00000,0x0000000702e575a8,0x0000000709c00000)
 Metaspace       used 20842K, capacity 21122K, committed 21248K, reserved 1067008K
  class space    used 2737K, capacity 2815K, committed 2816K, reserved 1048576K
}
Event: 8.595 GC heap before
{Heap before GC invocations=4 (full 1):
 PSYoungGen      total 57344K, used 8180K [0x0000000780980000, 0x0000000787980000, 0x00000007c0000000)
  eden space 49152K, 0% used [0x0000000780980000,0x0000000780980000,0x0000000783980000)
  from space 8192K, 99% used [0x0000000783980000,0x000000078417d158,0x0000000784180000)
  to   space 8192K, 0% used [0x0000000787180000,0x0000000787180000,0x0000000787980000)
 ParOldGen       total 131072K, used 18781K [0x0000000701c00000, 0x0000000709c00000, 0x0000000780980000)
  object space 131072K, 14% used [0x0000000701c00000,0x0000000702e575a8,0x0000000709c00000)
 Metaspace       used 20842K, capacity 21122K, committed 21248K, reserved 1067008K
  class space    used 2737K, capacity 2815K, committed 2816K, reserved 1048576K
Event: 8.629 GC heap after
Heap after GC invocations=4 (full 1):
 PSYoungGen      total 57344K, used 0K [0x0000000780980000, 0x0000000787980000, 0x00000007c0000000)
  eden space 49152K, 0% used [0x0000000780980000,0x0000000780980000,0x0000000783980000)
  from space 8192K, 0% used [0x0000000783980000,0x0000000783980000,0x0000000784180000)
  to   space 8192K, 0% used [0x0000000787180000,0x0000000787180000,0x0000000787980000)
 ParOldGen       total 91136K, used 15392K [0x0000000701c00000, 0x0000000707500000, 0x0000000780980000)
  object space 91136K, 16% used [0x0000000701c00000,0x0000000702b08230,0x0000000707500000)
 Metaspace       used 20842K, capacity 21122K, committed 21248K, reserved 1067008K
  class space    used 2737K, capacity 2815K, committed 2816K, reserved 1048576K
}
Event: 9.968 GC heap before
{Heap before GC invocations=5 (full 1):
 PSYoungGen      total 57344K, used 49152K [0x0000000780980000, 0x0000000787980000, 0x00000007c0000000)
  eden space 49152K, 100% used [0x0000000780980000,0x0000000783980000,0x0000000783980000)
  from space 8192K, 0% used [0x0000000783980000,0x0000000783980000,0x0000000784180000)
  to   space 8192K, 0% used [0x0000000787180000,0x0000000787180000,0x0000000787980000)
 ParOldGen       total 91136K, used 15392K [0x0000000701c00000, 0x0000000707500000, 0x0000000780980000)
  object space 91136K, 16% used [0x0000000701c00000,0x0000000702b08230,0x0000000707500000)
 Metaspace       used 23366K, capacity 23794K, committed 23936K, reserved 1071104K
  class space    used 2961K, capacity 3076K, committed 3200K, reserved 1048576K
Event: 9.975 GC heap after
Heap after GC invocations=5 (full 1):
 PSYoungGen      total 92672K, used 5504K [0x0000000780980000, 0x0000000787700000, 0x00000007c0000000)
  eden space 87040K, 0% used [0x0000000780980000,0x0000000780980000,0x0000000785e80000)
  from space 5632K, 97% used [0x0000000787180000,0x00000007876e0000,0x0000000787700000)
  to   space 8192K, 0% used [0x0000000786700000,0x0000000786700000,0x0000000786f00000)
 ParOldGen       total 91136K, used 15400K [0x0000000701c00000, 0x0000000707500000, 0x0000000780980000)
  object space 91136K, 16% used [0x0000000701c00000,0x0000000702b0a230,0x0000000707500000)
 Metaspace       used 23366K, capacity 23794K, committed 23936K, reserved 1071104K
  class space    used 2961K, capacity 3076K, committed 3200K, reserved 1048576K
}

Deoptimization events (10 events):
Event: 11.764 Thread 0x000000001e347000 Uncommon trap: reason=class_check action=maybe_recompile pc=0x00000000059a3234 method=java.awt.Component.setFocusTraversalKeys_NoIDCheck(ILjava/util/Set;)V @ 200
Event: 11.776 Thread 0x000000001e347000 Uncommon trap: reason=unstable_if action=reinterpret pc=0x0000000005011178 method=java.lang.String.regionMatches(ZILjava/lang/String;II)Z @ 123
Event: 11.802 Thread 0x000000001e347000 Uncommon trap: reason=unstable_if action=reinterpret pc=0x0000000005a0c924 method=javax.swing.SwingUtilities.getValidateRoot(Ljava/awt/Container;Z)Ljava/awt/Container; @ 10
Event: 11.813 Thread 0x000000001e347000 Uncommon trap: reason=class_check action=maybe_recompile pc=0x0000000005a53354 method=javax.swing.plaf.basic.BasicBorders$MarginBorder.getBorderInsets(Ljava/awt/Component;Ljava/awt/Insets;)Ljava/awt/Insets; @ 10
Event: 11.819 Thread 0x000000001e347000 Uncommon trap: reason=class_check action=maybe_recompile pc=0x0000000005b2f78c method=javax.swing.plaf.basic.BasicBorders$MarginBorder.getBorderInsets(Ljava/awt/Component;Ljava/awt/Insets;)Ljava/awt/Insets; @ 47
Event: 11.819 Thread 0x000000001e347000 Uncommon trap: reason=class_check action=maybe_recompile pc=0x0000000005b2f78c method=javax.swing.plaf.basic.BasicBorders$MarginBorder.getBorderInsets(Ljava/awt/Component;Ljava/awt/Insets;)Ljava/awt/Insets; @ 47
Event: 11.824 Thread 0x000000001e347000 Uncommon trap: reason=unstable_if action=reinterpret pc=0x00000000058ebd24 method=java.awt.Container.validateTree()V @ 8
Event: 14.034 Thread 0x000000001e347000 Uncommon trap: reason=unstable_if action=reinterpret pc=0x000000000599fc7c method=javax.swing.text.GapContent$MarkVector.elementAt(I)Ljavax/swing/text/GapContent$MarkData; @ 24
Event: 15.201 Thread 0x000000001e347000 Uncommon trap: reason=unstable_if action=reinterpret pc=0x0000000004fe79bc method=java.awt.Component.getFocusTraversalKeys_NoIDCheck(I)Ljava/util/Set; @ 4
Event: 17.104 Thread 0x000000001e347000 Uncommon trap: reason=unstable_if action=reinterpret pc=0x00000000053f0ed4 method=java.awt.Container.findComponentAtImpl(IIZ)Ljava/awt/Component; @ 24

Internal exceptions (10 events):
Event: 0.419 Thread 0x0000000004d53800 Exception <a 'java/lang/NoSuchFieldError': method resolution failed> (0x0000000780ff3bd0) thrown at [C:\re\workspace\8-2-build-windows-amd64-cygwin\jdk8u131\8869\hotspot\src\share\vm\prims\methodHandles.cpp, line 1146]
Event: 0.709 Thread 0x000000001e347000 Exception <a 'java/io/FileNotFoundException'> (0x00000007818df2c0) thrown at [C:\re\workspace\8-2-build-windows-amd64-cygwin\jdk8u131\8869\hotspot\src\share\vm\prims\jni.cpp, line 709]
Event: 5.174 Thread 0x000000001e343800 Implicit null exception at 0x00000000051e6d1c to 0x00000000051e6de9
Event: 8.828 Thread 0x000000001e347000 Exception <a 'java/lang/NoSuchMethodError': <clinit>> (0x0000000780f12c10) thrown at [C:\re\workspace\8-2-build-windows-amd64-cygwin\jdk8u131\8869\hotspot\src\share\vm\prims\jni.cpp, line 1613]
Event: 8.850 Thread 0x000000001e347000 Exception <a 'java/lang/NoSuchMethodError': <clinit>> (0x0000000780fdf4e0) thrown at [C:\re\workspace\8-2-build-windows-amd64-cygwin\jdk8u131\8869\hotspot\src\share\vm\prims\jni.cpp, line 1613]
Event: 8.853 Thread 0x000000001e347000 Exception <a 'java/lang/NoSuchMethodError': <clinit>> (0x0000000780ffc958) thrown at [C:\re\workspace\8-2-build-windows-amd64-cygwin\jdk8u131\8869\hotspot\src\share\vm\prims\jni.cpp, line 1613]
Event: 8.853 Thread 0x000000001e347000 Exception <a 'java/lang/NoSuchMethodError': <clinit>> (0x0000000780ffefc0) thrown at [C:\re\workspace\8-2-build-windows-amd64-cygwin\jdk8u131\8869\hotspot\src\share\vm\prims\jni.cpp, line 1613]
Event: 8.856 Thread 0x000000001e347000 Exception <a 'java/lang/NoSuchMethodError': <clinit>> (0x000000078102ced8) thrown at [C:\re\workspace\8-2-build-windows-amd64-cygwin\jdk8u131\8869\hotspot\src\share\vm\prims\jni.cpp, line 1613]
Event: 8.859 Thread 0x000000001e347000 Exception <a 'java/lang/NoSuchMethodError': <clinit>> (0x000000078104ed90) thrown at [C:\re\workspace\8-2-build-windows-amd64-cygwin\jdk8u131\8869\hotspot\src\share\vm\prims\jni.cpp, line 1613]
Event: 15.201 Thread 0x000000001e347000 Implicit null exception at 0x0000000004fe7555 to 0x0000000004fe79a9

Events (10 events):
Event: 17.747 loading class pipe/hla/SimDSPNModule/util/AUGraphHelper
Event: 17.747 loading class pipe/hla/SimDSPNModule/util/AUGraphHelper done
Event: 17.748 loading class pipe/hla/SimDSPNModule/util/StringNameConstants
Event: 17.748 loading class pipe/hla/SimDSPNModule/util/StringNameConstants done
Event: 17.759 loading class pipe/hla/SimDSPNModule/basemodel/MetisFormat
Event: 17.759 loading class pipe/hla/SimDSPNModule/basemodel/MetisFormat done
Event: 17.760 loading class pipe/hla/SimDSPNModule/util/JNICJAVA
Event: 17.760 loading class pipe/hla/SimDSPNModule/util/JNICJAVA done
Event: 17.761 loading class java/lang/ClassLoaderHelper
Event: 17.761 loading class java/lang/ClassLoaderHelper done


Dynamic libraries:
0x00007ff66f560000 - 0x00007ff66f597000 	C:\Program Files\Java\jdk1.8.0_131\bin\java.exe
0x00007ff88b1a0000 - 0x00007ff88b380000 	C:\WINDOWS\SYSTEM32\ntdll.dll
0x00007ff888990000 - 0x00007ff888a3e000 	C:\WINDOWS\System32\KERNEL32.DLL
0x00007ff887fb0000 - 0x00007ff888216000 	C:\WINDOWS\System32\KERNELBASE.dll
0x00007ff8885d0000 - 0x00007ff888671000 	C:\WINDOWS\System32\ADVAPI32.dll
0x00007ff889020000 - 0x00007ff8890bd000 	C:\WINDOWS\System32\msvcrt.dll
0x00007ff88abc0000 - 0x00007ff88ac1b000 	C:\WINDOWS\System32\sechost.dll
0x00007ff88ac20000 - 0x00007ff88ad3f000 	C:\WINDOWS\System32\RPCRT4.dll
0x00007ff888a40000 - 0x00007ff888bcf000 	C:\WINDOWS\System32\USER32.dll
0x00007ff8883c0000 - 0x00007ff8883e0000 	C:\WINDOWS\System32\win32u.dll
0x00007ff88ab60000 - 0x00007ff88ab88000 	C:\WINDOWS\System32\GDI32.dll
0x00007ff887c40000 - 0x00007ff887dd3000 	C:\WINDOWS\System32\gdi32full.dll
0x00007ff888320000 - 0x00007ff8883bb000 	C:\WINDOWS\System32\msvcp_win.dll
0x00007ff887e30000 - 0x00007ff887f25000 	C:\WINDOWS\System32\ucrtbase.dll
0x00007ff8740b0000 - 0x00007ff874319000 	C:\WINDOWS\WinSxS\amd64_microsoft.windows.common-controls_6595b64144ccf1df_6.0.16299.611_none_15c7d8029365981f\COMCTL32.dll
0x00007ff888680000 - 0x00007ff888987000 	C:\WINDOWS\System32\combase.dll
0x00007ff887f30000 - 0x00007ff887fa2000 	C:\WINDOWS\System32\bcryptPrimitives.dll
0x00007ff88ab90000 - 0x00007ff88abbd000 	C:\WINDOWS\System32\IMM32.DLL
0x000000006aa60000 - 0x000000006ab32000 	C:\Program Files\Java\jdk1.8.0_131\jre\bin\msvcr100.dll
0x0000000067910000 - 0x00000000681ac000 	C:\Program Files\Java\jdk1.8.0_131\jre\bin\server\jvm.dll
0x00007ff8883e0000 - 0x00007ff888403000 	C:\WINDOWS\System32\WINMM.dll
0x00007ff887260000 - 0x00007ff88728a000 	C:\WINDOWS\System32\WINMMBASE.dll
0x00007ff888220000 - 0x00007ff88826a000 	C:\WINDOWS\System32\cfgmgr32.dll
0x00007ff88af30000 - 0x00007ff88af38000 	C:\WINDOWS\System32\PSAPI.DLL
0x00007ff87b2f0000 - 0x00007ff87b2f9000 	C:\WINDOWS\SYSTEM32\WSOCK32.dll
0x00007ff88aa90000 - 0x00007ff88aafc000 	C:\WINDOWS\System32\WS2_32.dll
0x00007ff87bb90000 - 0x00007ff87bb9a000 	C:\WINDOWS\SYSTEM32\VERSION.dll
0x000000006aa50000 - 0x000000006aa5f000 	C:\Program Files\Java\jdk1.8.0_131\jre\bin\verify.dll
0x000000006aa20000 - 0x000000006aa49000 	C:\Program Files\Java\jdk1.8.0_131\jre\bin\java.dll
0x000000006a9f0000 - 0x000000006aa13000 	C:\Program Files\Java\jdk1.8.0_131\jre\bin\instrument.dll
0x000000006a9d0000 - 0x000000006a9e6000 	C:\Program Files\Java\jdk1.8.0_131\jre\bin\zip.dll
0x00007ff8893c0000 - 0x00007ff88a7f8000 	C:\WINDOWS\System32\SHELL32.dll
0x00007ff88a9e0000 - 0x00007ff88aa86000 	C:\WINDOWS\System32\shcore.dll
0x00007ff8874f0000 - 0x00007ff887c37000 	C:\WINDOWS\System32\windows.storage.dll
0x00007ff88a800000 - 0x00007ff88a851000 	C:\WINDOWS\System32\shlwapi.dll
0x00007ff887290000 - 0x00007ff8872a1000 	C:\WINDOWS\System32\kernel.appcore.dll
0x00007ff887de0000 - 0x00007ff887e2c000 	C:\WINDOWS\System32\powrprof.dll
0x00007ff887220000 - 0x00007ff88723b000 	C:\WINDOWS\System32\profapi.dll
0x00007ff882b00000 - 0x00007ff882b1a000 	D:\software\IntelliJ IDEA 2017.2.3\bin\breakgen64.dll
0x000000006a9b0000 - 0x000000006a9ca000 	C:\Program Files\Java\jdk1.8.0_131\jre\bin\net.dll
0x00007ff886a20000 - 0x00007ff886a86000 	C:\WINDOWS\system32\mswsock.dll
0x0000000068df0000 - 0x0000000068f88000 	C:\Program Files\Java\jdk1.8.0_131\jre\bin\awt.dll
0x00007ff88ad40000 - 0x00007ff88ae05000 	C:\WINDOWS\System32\OLEAUT32.dll
0x00007ff884da0000 - 0x00007ff884e28000 	C:\WINDOWS\SYSTEM32\apphelp.dll
0x00007ff885520000 - 0x00007ff8855b5000 	C:\WINDOWS\system32\uxtheme.dll
0x00007ff88afe0000 - 0x00007ff88b147000 	C:\WINDOWS\System32\MSCTF.dll
0x00007ff885610000 - 0x00007ff88563a000 	C:\WINDOWS\system32\dwmapi.dll
0x00007ff889270000 - 0x00007ff8893b9000 	C:\WINDOWS\System32\ole32.dll
0x00007ff864fd0000 - 0x00007ff8650ee000 	C:\WINDOWS\system32\opengl32.dll
0x00007ff864f60000 - 0x00007ff864f8c000 	C:\WINDOWS\SYSTEM32\GLU32.dll
0x000000006a940000 - 0x000000006a987000 	C:\Program Files\Java\jdk1.8.0_131\jre\bin\fontmanager.dll
0x000000006a990000 - 0x000000006a9a1000 	C:\Program Files\Java\jdk1.8.0_131\jre\bin\nio.dll
0x000000006a8b0000 - 0x000000006a8f2000 	C:\Program Files\Java\jdk1.8.0_131\jre\bin\t2k.dll
0x00007ff873410000 - 0x00007ff8734b6000 	C:\WINDOWS\WinSxS\amd64_microsoft.windows.common-controls_6595b64144ccf1df_5.82.16299.611_none_887784464abcce1a\comctl32.dll
0x00007ff88af40000 - 0x00007ff88afde000 	C:\WINDOWS\System32\clbcatq.dll
0x00007ff876160000 - 0x00007ff87630b000 	C:\WINDOWS\SYSTEM32\WindowsCodecs.dll
0x00007ff861560000 - 0x00007ff8615af000 	C:\WINDOWS\system32\dataexchange.dll
0x00007ff884800000 - 0x00007ff884942000 	C:\WINDOWS\system32\dcomp.dll
0x00007ff8838c0000 - 0x00007ff883ba2000 	C:\WINDOWS\system32\d3d11.dll
0x00007ff888410000 - 0x00007ff8884bf000 	C:\WINDOWS\System32\dxgi.dll
0x00007ff885730000 - 0x00007ff8858ab000 	C:\WINDOWS\system32\twinapi.appcore.dll
0x00007ff8855f0000 - 0x00007ff885610000 	C:\WINDOWS\system32\RMCLIENT.dll
0x00007ff886cf0000 - 0x00007ff886d15000 	C:\WINDOWS\system32\bcrypt.dll
0x00007ff86d210000 - 0x00007ff86d2a8000 	C:\WINDOWS\System32\TextInputFramework.dll
0x00007ff870020000 - 0x00007ff87030e000 	C:\WINDOWS\System32\CoreUIComponents.dll
0x00007ff884170000 - 0x00007ff88424c000 	C:\WINDOWS\System32\CoreMessaging.dll
0x00007ff886320000 - 0x00007ff886351000 	C:\WINDOWS\SYSTEM32\ntmarta.dll
0x00007ff882e00000 - 0x00007ff882f36000 	C:\WINDOWS\SYSTEM32\wintypes.dll
0x00007ff8590d0000 - 0x00007ff8592b4000 	C:\WINDOWS\system32\SogouTSF.ime
0x00007ff87d690000 - 0x00007ff87d697000 	C:\WINDOWS\system32\MSIMG32.dll
0x00007ff874bf0000 - 0x00007ff875447000 	C:\WINDOWS\system32\SogouPy.ime
0x00007ff87d6a0000 - 0x00007ff87d70e000 	C:\WINDOWS\SYSTEM32\OLEACC.dll
0x00007ff882500000 - 0x00007ff8825de000 	C:\WINDOWS\SYSTEM32\WINHTTP.dll
0x0000000023310000 - 0x00000000233f4000 	D:\software\sogoupinyin\8.9.0.2223\Resource.dll
0x00007ff87ae10000 - 0x00007ff87b077000 	D:\software\sogoupinyin\Components\PicFace\1.1.0.1819\PicFace64.dll
0x00007ff88ae10000 - 0x00007ff88af1a000 	C:\WINDOWS\System32\COMDLG32.dll
0x00007ff866810000 - 0x00007ff866829000 	C:\WINDOWS\SYSTEM32\CLDAPI.dll
0x00007ff8664e0000 - 0x00007ff866551000 	C:\WINDOWS\SYSTEM32\AEPIC.dll
0x00007ff887000000 - 0x00007ff88700a000 	C:\WINDOWS\SYSTEM32\FLTLIB.DLL
0x00007ff886bf0000 - 0x00007ff886c07000 	C:\WINDOWS\SYSTEM32\cryptsp.dll
0x00007ff884a60000 - 0x00007ff884c11000 	C:\WINDOWS\system32\propsys.dll
0x00007ff87b1c0000 - 0x00007ff87b2e7000 	C:\WINDOWS\system32\NetworkExplorer.dll
0x00007ff873a70000 - 0x00007ff874063000 	C:\Windows\System32\OneCoreUAPCommonProxyStub.dll
0x00007ff860ab0000 - 0x00007ff860b0b000 	C:\Windows\System32\thumbcache.dll
0x00007ff8667f0000 - 0x00007ff86680b000 	C:\WINDOWS\SYSTEM32\MPR.dll
0x00007ff87c680000 - 0x00007ff87c68b000 	C:\WINDOWS\System32\drprov.dll
0x00007ff886fa0000 - 0x00007ff886ff5000 	C:\WINDOWS\System32\WINSTA.dll
0x00007ff87b140000 - 0x00007ff87b156000 	C:\WINDOWS\System32\ntlanman.dll
0x00007ff87b100000 - 0x00007ff87b11c000 	C:\WINDOWS\System32\davclnt.dll
0x00007ff87c170000 - 0x00007ff87c17c000 	C:\WINDOWS\System32\DAVHLPR.dll
0x00007ff8819a0000 - 0x00007ff8819b7000 	C:\WINDOWS\System32\wkscli.dll
0x00007ff862370000 - 0x00007ff862382000 	C:\WINDOWS\SYSTEM32\cscapi.dll
0x00007ff8868b0000 - 0x00007ff8868be000 	C:\WINDOWS\System32\netutils.dll
0x00007ff87c6e0000 - 0x00007ff87c72a000 	C:\Windows\System32\dlnashext.dll
0x00007ff87db90000 - 0x00007ff87dbf3000 	C:\Windows\System32\PlayToDevice.dll
0x00007ff87b120000 - 0x00007ff87b13f000 	C:\Windows\System32\DevDispItemProvider.dll
0x00007ff8808f0000 - 0x00007ff88095f000 	C:\WINDOWS\System32\MMDevApi.dll
0x00007ff887010000 - 0x00007ff887037000 	C:\WINDOWS\System32\DEVOBJ.dll
0x00007ff8596b0000 - 0x00007ff85988f000 	C:\WINDOWS\system32\wpdshext.dll
0x00007ff87d140000 - 0x00007ff87d2dc000 	C:\WINDOWS\WinSxS\amd64_microsoft.windows.gdiplus_6595b64144ccf1df_1.1.16299.611_none_46b2cae7edf811ed\gdiplus.dll
0x00007ff882820000 - 0x00007ff8828c0000 	C:\Windows\System32\PortableDeviceApi.dll
0x00007ff888bd0000 - 0x00007ff88901e000 	C:\WINDOWS\System32\SETUPAPI.dll
0x00007ff887490000 - 0x00007ff8874e8000 	C:\WINDOWS\System32\WINTRUST.dll
0x00007ff887240000 - 0x00007ff887252000 	C:\WINDOWS\System32\MSASN1.dll
0x00007ff8872b0000 - 0x00007ff88747e000 	C:\WINDOWS\System32\CRYPT32.dll
0x00007ff858df0000 - 0x00007ff858e26000 	C:\Windows\System32\EhStorShell.dll
0x00007ff87ead0000 - 0x00007ff87eaf5000 	C:\Windows\System32\EhStorAPI.dll
0x00007ff885c40000 - 0x00007ff885c53000 	C:\Windows\System32\WTSAPI32.dll
0x00007ff85ea20000 - 0x00007ff85ea30000 	C:\WINDOWS\SYSTEM32\LINKINFO.dll
0x00007ff87e440000 - 0x00007ff87e44c000 	C:\WINDOWS\SYSTEM32\Secur32.dll
0x00007ff887120000 - 0x00007ff887150000 	C:\WINDOWS\SYSTEM32\SSPICLI.DLL
0x00007ff8824e0000 - 0x00007ff8824f8000 	C:\WINDOWS\SYSTEM32\samcli.dll
0x00007ff884c20000 - 0x00007ff884c43000 	C:\WINDOWS\SYSTEM32\SAMLIB.dll
0x00007ff858f30000 - 0x00007ff858faa000 	C:\Program Files (x86)\360\360Safe\safemon\360UDiskGuard64.dll
0x00007ff858e70000 - 0x00007ff858f0a000 	C:\Program Files (x86)\Common Files\Adobe\CoreSyncExtension\CoreSync_x64.dll
0x00007ff87ea70000 - 0x00007ff87ea83000 	C:\Program Files\Microsoft Office 15\root\VFS\ProgramFilesCommonX64\Microsoft Shared\Office15\msoxev.dll
0x000000006a880000 - 0x000000006a8aa000 	C:\Program Files\Java\jdk1.8.0_131\jre\bin\dcpr.dll
0x00007ff886620000 - 0x00007ff886653000 	C:\WINDOWS\system32\rsaenh.dll
0x00007ff887150000 - 0x00007ff887179000 	C:\WINDOWS\SYSTEM32\USERENV.dll
0x00007ff886be0000 - 0x00007ff886beb000 	C:\WINDOWS\SYSTEM32\CRYPTBASE.dll
0x00007ff8867b0000 - 0x00007ff8867e9000 	C:\WINDOWS\SYSTEM32\IPHLPAPI.DLL
0x00007ff88af20000 - 0x00007ff88af28000 	C:\WINDOWS\System32\NSI.dll
0x00007ff881c50000 - 0x00007ff881c66000 	C:\WINDOWS\SYSTEM32\dhcpcsvc6.DLL
0x00007ff880810000 - 0x00007ff88082a000 	C:\WINDOWS\SYSTEM32\dhcpcsvc.DLL
0x00007ff87da00000 - 0x00007ff87da5f000 	C:\Windows\System32\METISCJAVA.dll
0x00007ff881460000 - 0x00007ff881506000 	C:\WINDOWS\SYSTEM32\MSVCP120.dll
0x00007ff885b20000 - 0x00007ff885c0f000 	C:\WINDOWS\SYSTEM32\MSVCR120.dll
0x00007ff87ff70000 - 0x00007ff880138000 	C:\WINDOWS\SYSTEM32\dbghelp.dll

VM Arguments:
jvm_args: -javaagent:D:\software\IntelliJ IDEA 2017.2.3\lib\idea_rt.jar=22796:D:\software\IntelliJ IDEA 2017.2.3\bin -Dfile.encoding=UTF-8 
java_command: Pipe
java_class_path (initial): D:\Code\java\DSPNGraph\bin;C:\Program Files\Java\jdk1.8.0_131\jre\lib\charsets.jar;C:\Program Files\Java\jdk1.8.0_131\jre\lib\deploy.jar;C:\Program Files\Java\jdk1.8.0_131\jre\lib\ext\access-bridge-64.jar;C:\Program Files\Java\jdk1.8.0_131\jre\lib\ext\cldrdata.jar;C:\Program Files\Java\jdk1.8.0_131\jre\lib\ext\dnsns.jar;C:\Program Files\Java\jdk1.8.0_131\jre\lib\ext\jaccess.jar;C:\Program Files\Java\jdk1.8.0_131\jre\lib\ext\jfxrt.jar;C:\Program Files\Java\jdk1.8.0_131\jre\lib\ext\localedata.jar;C:\Program Files\Java\jdk1.8.0_131\jre\lib\ext\nashorn.jar;C:\Program Files\Java\jdk1.8.0_131\jre\lib\ext\sunec.jar;C:\Program Files\Java\jdk1.8.0_131\jre\lib\ext\sunjce_provider.jar;C:\Program Files\Java\jdk1.8.0_131\jre\lib\ext\sunmscapi.jar;C:\Program Files\Java\jdk1.8.0_131\jre\lib\ext\sunpkcs11.jar;C:\Program Files\Java\jdk1.8.0_131\jre\lib\ext\zipfs.jar;C:\Program Files\Java\jdk1.8.0_131\jre\lib\javaws.jar;C:\Program Files\Java\jdk1.8.0_131\jre\lib\jce.jar;C:\Program Files\Java\jdk1.8.0_131\jre\lib\jfr.jar;C:\Program Files\Java\jdk1.8.0_131\jre\lib\jfxswt.jar;C:\Program Files\Java\jdk1.8.0_131\jre\lib\jsse.jar;C:\Program Files\Java\jdk1.8.0_131\jre\lib\management-agent.jar;C:\Program Files\Java\jdk1.8.0_131\jre\lib\plugin.jar;C:\Program Files\Java\jdk1.8.0_131\jre\lib\resources.jar;C:\Program Files\Java\jdk1.8.0_131\jre\lib\rt.jar;D:\Code\java\DSPNGraph\lib\abbot.jar;D:\Code\java\DSPNGraph\lib\commons-logging-1.1.jar;D:\Code\java\DSPNGraph\lib\drmaa.jar;D:\Code\java\DSPNGraph\lib\hadoop-0.13.1-dev-core.jar;D:\Code\java\DSPNGraph\lib\Jama-1.0.2.jar;D:\Code\java\DSPNGraph\lib\jcommon-1.0.10.jar;D:\Code\java\DSPNGraph\lib\jfreechart-1.0.6-swt.jar;D:\Code\java\DSPNGraph\lib\jfreechart-1.0.6.jar;D:\Code\java\DSPNGraph\lib\jpowergraph-0.2-common.jar;D:\Code\java\DSPNGraph\lib\jpowergraph-0.2-swing.jar;D:\Code\java\DSPNGraph\lib\log4j-1.2.13.jar;D:\Code\java\DSPNGraph\lib\netcdf-4.2.jar;D:\Code\java\DSPNGraph\lib\poi-3.7-20101029.jar;D:\Code\java\D
Launcher Type: SUN_STANDARD

Environment Variables:
JAVA_HOME=C:\Program Files\Java\jdk1.8.0_131
CLASSPATH=D:\software\prti1516\lib\prti1516.jar;D:\software\prti1516\lib\hirestimer.jar;D:\software\prti1516\prti1516\lib\prti1516.jar;D:\software\prti1516\prti1516\lib\hirestimer.jar;D:\software\prti1516\lib\prti1516.jar;D:\software\prti1516\lib\hirestimer.jar;D:\software\prti1516\lib\prti1516.jar;D:\software\prti1516\lib\hirestimer.jar;.;C:\Program Files\Java\jdk1.8.0_131\lib\dt.jar;C:\Program Files\Java\jdk1.8.0_131\lib\tools.jar;C:\Program Files\apache-ant-1.10.2\lib;D:\LINGO64_17\Lingo17.jar
PATH=D:\software\prti1516\jre\bin\client;D:\software\prti1516\lib;D:\software\prti1516\lib\vc80;D:\software\prti1516\prti1516\jre\bin\client;D:\software\prti1516\prti1516\lib;D:\software\prti1516\prti1516\lib\vc80;D:\software\prti1516\jre\bin\client;D:\software\prti1516\lib;D:\software\prti1516\lib\vc80;D:\software\CTEX\UserData\miktex\bin;D:\software\CTEX\MiKTeX\miktex\bin;D:\software\CTEX\CTeX\ctex\bin;D:\software\CTEX\CTeX\cct\bin;D:\software\CTEX\CTeX\ty\bin;D:\software\CTEX\Ghostscript\gs9.05\bin;D:\software\CTEX\GSview\gsview;D:\software\CTEX\WinEdt;C:\Windows\System32;C:\Program Files\Java\jdk1.8.0_131\bin;C:\Program Files\Java\jdk1.8.0_131\jre\bin;D:\LINGO64_17\;D:\software\VC++\Tools\WinNT;D:\software\VC++\MSDev98\Bin;D:\software\VC++\Tools;D:\Code\C++\Tools\WinNT;D:\Code\C++\MSDev98\Bin;D:\Code\C++\Tools;D:\Code\VC98\bin;D:\Python\Scripts\;D:\Python\;C:\Users\Lenovo\AppData\Local\atom\bin;D:\software\;%USERPROFILE%\AppData\Local\Microsoft\WindowsApps;
USERNAME=Lenovo
OS=Windows_NT
PROCESSOR_IDENTIFIER=Intel64 Family 6 Model 78 Stepping 3, GenuineIntel



---------------  S Y S T E M  ---------------

OS: Windows 10.0 , 64 bit Build 16299 (10.0.16299.431)

CPU:total 4 (initial active 4) (2 cores per cpu, 2 threads per core) family 6 model 78 stepping 3, cmov, cx8, fxsr, mmx, sse, sse2, sse3, ssse3, sse4.1, sse4.2, popcnt, avx, avx2, clmul, erms, 3dnowpref, lzcnt, ht, tsc, tscinvbit, bmi1, bmi2, adx

Memory: 4k page, physical 12463132k(4334600k free), swap 14363676k(4529432k free)

vm_info: Java HotSpot(TM) 64-Bit Server VM (25.131-b11) for windows-amd64 JRE (1.8.0_131-b11), built on Mar 15 2017 01:23:53 by "java_re" with MS VC++ 10.0 (VS2010)

time: Sat Aug 25 16:35:01 2018
elapsed time: 17 seconds (0d 0h 0m 17s)

