#
# A fatal error has been detected by the Java Runtime Environment:
#
#  EXCEPTION_ACCESS_VIOLATION (0xc0000005) at pc=0x00007ff8814881a2, pid=10348, tid=0x0000000000004530
#
# JRE version: Java(TM) SE Runtime Environment (8.0_131-b11) (build 1.8.0_131-b11)
# Java VM: Java HotSpot(TM) 64-Bit Server VM (25.131-b11 mixed mode windows-amd64 compressed oops)
# Problematic frame:
# C  [MSVCP120.dll+0x281a2]
#
# Failed to write core dump. Minidumps are not enabled by default on client versions of Windows
#
# If you would like to submit a bug report, please visit:
#   http://bugreport.java.com/bugreport/crash.jsp
# The crash happened outside the Java Virtual Machine in native code.
# See problematic frame for where to report the bug.
#

---------------  T H R E A D  ---------------

Current thread (0x000000001e778800):  JavaThread "AWT-EventQueue-0" [_thread_in_native, id=17712, stack(0x000000001f1d0000,0x000000001f2d0000)]

siginfo: ExceptionCode=0xc0000005, reading address 0x000000000000003a

Registers:
RAX=0x0000000000000002, RBX=0x0000000000000000, RCX=0x0000000026459aa0, RDX=0x000000001f2c8bc0
RSP=0x000000001f2c8a60, RBP=0x000000001f2c8b11, RSI=0x0000000000000001, RDI=0x000000001f2c8bc0
R8 =0x000000001f2c8bc1, R9 =0x000000001f2c8ad0, R10=0x0000000000000000, R11=0x000000001f2c8ac0
R12=0x0000000026459aa0, R13=0x000000002644b7e0, R14=0x00007ff8814f8b20, R15=0x000000001f2c8ba0
RIP=0x00007ff8814881a2, EFLAGS=0x0000000000010287

Top of Stack: (sp=0x000000001f2c8a60)
0x000000001f2c8a60:   0000000000000000 0000000000000001
0x000000001f2c8a70:   0000000026459aa0 0000000000000000
0x000000001f2c8a80:   0000000000000000 00007ff885bfd32c
0x000000001f2c8a90:   000000001f2c8b20 000000000000003e
0x000000001f2c8aa0:   0000000026459620 0000000000000042
0x000000001f2c8ab0:   0000000000000000 0000000000000000
0x000000001f2c8ac0:   000000001f2c8c90 fffffffffffffffe
0x000000001f2c8ad0:   0000000000000000 00007ff885b53b84
0x000000001f2c8ae0:   0000000000000001 000000000000000f
0x000000001f2c8af0:   00007ff8814f8b20 000000001f2c8cd8
0x000000001f2c8b00:   0000000000000000 000000001f2c8b78
0x000000001f2c8b10:   0000b324fe530444 00007ff885b51bcb
0x000000001f2c8b20:   00000000226cc2a0 000000002644b7e0
0x000000001f2c8b30:   ffffffffffffffff 0000000000000080
0x000000001f2c8b40:   00007ff8814f8b20 000000001f2c8c90
0x000000001f2c8b50:   000000000000003b 00007ff88148f1bc 

Instructions: (pc=0x00007ff8814881a2)
0x00007ff881488182:   91 fe ff 90 4c 8d 4d bf 48 83 7d d7 10 4c 0f 43
0x00007ff881488192:   4d bf 49 8b 04 24 4c 8d 04 3e 48 8b d7 49 8b cc
0x00007ff8814881a2:   ff 50 38 48 8d 55 8f 49 8b ce e8 27 34 fe ff 90
0x00007ff8814881b2:   48 8b c8 e8 ba bb fe ff 4c 8b e0 48 8b 4d 8f 48 


Register to memory mapping:

RAX=0x0000000000000002 is an unknown value
RBX=0x0000000000000000 is an unknown value
RCX=0x0000000026459aa0 is an unknown value
RDX=0x000000001f2c8bc0 is pointing into the stack for thread: 0x000000001e778800
RSP=0x000000001f2c8a60 is pointing into the stack for thread: 0x000000001e778800
RBP=0x000000001f2c8b11 is pointing into the stack for thread: 0x000000001e778800
RSI=0x0000000000000001 is an unknown value
RDI=0x000000001f2c8bc0 is pointing into the stack for thread: 0x000000001e778800
R8 =0x000000001f2c8bc1 is pointing into the stack for thread: 0x000000001e778800
R9 =0x000000001f2c8ad0 is pointing into the stack for thread: 0x000000001e778800
R10=0x0000000000000000 is an unknown value
R11=0x000000001f2c8ac0 is pointing into the stack for thread: 0x000000001e778800
R12=0x0000000026459aa0 is an unknown value
R13=0x000000002644b7e0 is an unknown value
R14=0x00007ff8814f8b20 is an unknown value
R15=0x000000001f2c8ba0 is pointing into the stack for thread: 0x000000001e778800


Stack: [0x000000001f1d0000,0x000000001f2d0000],  sp=0x000000001f2c8a60,  free space=994k
Native frames: (J=compiled Java code, j=interpreted, Vv=VM code, C=native code)
C  [MSVCP120.dll+0x281a2]
C  [MSVCP120.dll+0x2f1bc]
